#
# There is insufficient memory for the Java Runtime Environment to continue.
# Native memory allocation (mmap) failed to map 47185920 bytes for Failed to commit area from 0x000000008de00000 to 0x0000000090b00000 of length 47185920.
# Possible reasons:
#   The system is out of physical RAM or swap space
#   The process is running with CompressedOops enabled, and the Java Heap may be blocking the growth of the native heap
# Possible solutions:
#   Reduce memory load on the system
#   Increase physical memory or swap space
#   Check if swap backing store is full
#   Decrease Java heap size (-Xmx/-Xms)
#   Decrease number of Java threads
#   Decrease Java thread stack sizes (-Xss)
#   Set larger code cache with -XX:ReservedCodeCacheSize=
#   JVM is running with Unscaled Compressed Oops mode in which the Java heap is
#     placed in the first 4GB address space. The Java Heap base address is the
#     maximum limit for the native heap growth. Please use -XX:HeapBaseMinAddress
#     to set the Java Heap base and to place the Java Heap above 4GB virtual address.
# This output file may be truncated or incomplete.
#
#  Out of Memory Error (./src/hotspot/os/windows/os_windows.cpp:3619), pid=768, tid=14988
#
# JRE version: OpenJDK Runtime Environment (11.0.13) (build 11.0.13+0-b1751.21-8125866)
# Java VM: OpenJDK 64-Bit Server VM (11.0.13+0-b1751.21-8125866, mixed mode, tiered, compressed oops, g1 gc, windows-amd64)
# No core dump will be written. Minidumps are not enabled by default on client versions of Windows
#

---------------  S U M M A R Y ------------

Command Line: --add-opens=java.base/java.util=ALL-UNNAMED --add-opens=java.base/java.lang=ALL-UNNAMED --add-opens=java.base/java.lang.invoke=ALL-UNNAMED --add-opens=java.base/java.util=ALL-UNNAMED --add-opens=java.prefs/java.util.prefs=ALL-UNNAMED --add-opens=java.prefs/java.util.prefs=ALL-UNNAMED --add-opens=java.base/java.nio.charset=ALL-UNNAMED --add-opens=java.base/java.net=ALL-UNNAMED --add-opens=java.base/java.util.concurrent.atomic=ALL-UNNAMED -Xmx2048m -Dfile.encoding=UTF-8 -Duser.country=US -Duser.language=en -Duser.variant org.gradle.launcher.daemon.bootstrap.GradleDaemon 7.4

Host: Intel(R) Core(TM) i5-6300U CPU @ 2.40GHz, 4 cores, 7G,  Windows 10 , 64 bit Build 19041 (10.0.19041.3636)
Time: Fri Nov 17 09:54:35 2023 E. Africa Standard Time elapsed time: 33.027300 seconds (0d 0h 0m 33s)

---------------  T H R E A D  ---------------

Current thread (0x0000026f7678e800):  VMThread "VM Thread" [stack: 0x000000f21ef00000,0x000000f21f000000] [id=14988]

Stack: [0x000000f21ef00000,0x000000f21f000000]
[error occurred during error reporting (printing stack bounds), id 0xc0000005, EXCEPTION_ACCESS_VIOLATION (0xc0000005) at pc=0x0000026f5ff8112d]

Native frames: (J=compiled Java code, j=interpreted, Vv=VM code, C=native code)
V  [jvm.dll+0x6100fa]
V  [jvm.dll+0x747090]
V  [jvm.dll+0x7486ad]
V  [jvm.dll+0x748ce5]
V  [jvm.dll+0x748c9b]
V  [jvm.dll+0x60f224]
V  [jvm.dll+0x60f9b8]
C  [ntdll.dll+0xa23af]
C  [ntdll.dll+0x514b4]
C  [ntdll.dll+0xa0ebe]
C  0x0000026f5ff8112d

VM_Operation (0x000000f2215fdfa0): G1CollectForAllocation, mode: safepoint, requested by thread 0x0000026f77801000


---------------  P R O C E S S  ---------------

Threads class SMR info:
_java_thread_list=0x0000026f77990560, length=82, elements={
0x0000026f5c45e000, 0x0000026f76791000, 0x0000026f76792000, 0x0000026f767ac800,
0x0000026f767ad800, 0x0000026f767b0000, 0x0000026f767bb000, 0x0000026f767c1800,
0x0000026f767c2800, 0x0000026f7726f000, 0x0000026f799cd800, 0x0000026f77364000,
0x0000026f78cae800, 0x0000026f793e4800, 0x0000026f78a48800, 0x0000026f7847a000,
0x0000026f78eda800, 0x0000026f780d7800, 0x0000026f79bb9800, 0x0000026f79bba000,
0x0000026f792dc800, 0x0000026f792e1800, 0x0000026f792e3000, 0x0000026f792e2000,
0x0000026f792dd000, 0x0000026f792de000, 0x0000026f792e0800, 0x0000026f792df000,
0x0000026f792df800, 0x0000026f777fe800, 0x0000026f777ff000, 0x0000026f77800000,
0x0000026f77801800, 0x0000026f77801000, 0x0000026f77802800, 0x0000026f77805000,
0x0000026f77807800, 0x0000026f77808000, 0x0000026f7780a000, 0x0000026f77805800,
0x0000026f77806800, 0x0000026f77809000, 0x0000026f77804000, 0x0000026f7780a800,
0x0000026f7780b800, 0x0000026f7780c800, 0x0000026f78412000, 0x0000026f78414800,
0x0000026f7840f000, 0x0000026f7840f800, 0x0000026f78410800, 0x0000026f78413000,
0x0000026f78413800, 0x0000026f78415800, 0x0000026f78411800, 0x0000026f78418800,
0x0000026f78419800, 0x0000026f78416000, 0x0000026f78418000, 0x0000026f7841c800,
0x0000026f7841a000, 0x0000026f7841b000, 0x0000026f78417000, 0x0000026f7841c000,
0x0000026f7841d800, 0x0000026f7a297000, 0x0000026f7a293000, 0x0000026f7a292000,
0x0000026f7a296000, 0x0000026f7a291000, 0x0000026f7a298800, 0x0000026f7a299800,
0x0000026f7a297800, 0x0000026f7a293800, 0x0000026f7a29a000, 0x0000026f7a294800,
0x0000026f7a29b000, 0x0000026f7a295800, 0x0000026f7a29f000, 0x0000026f7a29e800,
0x0000026f7a2a0000, 0x0000026f7e3ef000
}

Java Threads: ( => current thread )
  0x0000026f5c45e000 JavaThread "main" [_thread_blocked, id=4620, stack(0x000000f21e900000,0x000000f21ea00000)]
  0x0000026f76791000 JavaThread "Reference Handler" daemon [_thread_blocked, id=5744, stack(0x000000f21f000000,0x000000f21f100000)]
  0x0000026f76792000 JavaThread "Finalizer" daemon [_thread_blocked, id=12872, stack(0x000000f21f100000,0x000000f21f200000)]
  0x0000026f767ac800 JavaThread "Signal Dispatcher" daemon [_thread_blocked, id=11272, stack(0x000000f21f200000,0x000000f21f300000)]
  0x0000026f767ad800 JavaThread "Attach Listener" daemon [_thread_blocked, id=4976, stack(0x000000f21f300000,0x000000f21f400000)]
  0x0000026f767b0000 JavaThread "Service Thread" daemon [_thread_blocked, id=10384, stack(0x000000f21f400000,0x000000f21f500000)]
  0x0000026f767bb000 JavaThread "C2 CompilerThread0" daemon [_thread_blocked, id=2448, stack(0x000000f21f500000,0x000000f21f600000)]
  0x0000026f767c1800 JavaThread "C1 CompilerThread0" daemon [_thread_blocked, id=9284, stack(0x000000f21f600000,0x000000f21f700000)]
  0x0000026f767c2800 JavaThread "Sweeper thread" daemon [_thread_blocked, id=10224, stack(0x000000f21f700000,0x000000f21f800000)]
  0x0000026f7726f000 JavaThread "Common-Cleaner" daemon [_thread_blocked, id=11120, stack(0x000000f21f800000,0x000000f21f900000)]
  0x0000026f799cd800 JavaThread "Daemon health stats" [_thread_blocked, id=15784, stack(0x000000f21fd00000,0x000000f21fe00000)]
  0x0000026f77364000 JavaThread "Incoming local TCP Connector on port 51264" [_thread_in_native, id=10716, stack(0x000000f21fa00000,0x000000f21fb00000)]
  0x0000026f78cae800 JavaThread "Daemon periodic checks" [_thread_blocked, id=14516, stack(0x000000f21fe00000,0x000000f21ff00000)]
  0x0000026f793e4800 JavaThread "Daemon" [_thread_blocked, id=15316, stack(0x000000f21ff00000,0x000000f220000000)]
  0x0000026f78a48800 JavaThread "Handler for socket connection from /127.0.0.1:51264 to /127.0.0.1:51265" [_thread_in_native, id=8868, stack(0x000000f220000000,0x000000f220100000)]
  0x0000026f7847a000 JavaThread "Cancel handler" [_thread_blocked, id=14924, stack(0x000000f220200000,0x000000f220300000)]
  0x0000026f78eda800 JavaThread "Daemon worker" [_thread_blocked, id=10832, stack(0x000000f220300000,0x000000f220400000)]
  0x0000026f780d7800 JavaThread "Asynchronous log dispatcher for DefaultDaemonConnection: socket connection from /127.0.0.1:51264 to /127.0.0.1:51265" [_thread_blocked, id=16064, stack(0x000000f220400000,0x000000f220500000)]
  0x0000026f79bb9800 JavaThread "Stdin handler" [_thread_blocked, id=9508, stack(0x000000f220500000,0x000000f220600000)]
  0x0000026f79bba000 JavaThread "Daemon client event forwarder" [_thread_blocked, id=11348, stack(0x000000f220600000,0x000000f220700000)]
  0x0000026f792dc800 JavaThread "Cache worker for journal cache (C:\Users\KELVIN KIMUTAI\.gradle\caches\journal-1)" [_thread_blocked, id=8752, stack(0x000000f220700000,0x000000f220800000)]
  0x0000026f792e1800 JavaThread "File lock request listener" [_thread_in_native, id=12908, stack(0x000000f220800000,0x000000f220900000)]
  0x0000026f792e3000 JavaThread "Cache worker for file hash cache (C:\Users\KELVIN KIMUTAI\.gradle\caches\7.4\fileHashes)" [_thread_blocked, id=2668, stack(0x000000f220900000,0x000000f220a00000)]
  0x0000026f792e2000 JavaThread "File watcher server" daemon [_thread_in_native, id=15016, stack(0x000000f220b00000,0x000000f220c00000)]
  0x0000026f792dd000 JavaThread "File watcher consumer" daemon [_thread_blocked, id=12480, stack(0x000000f220c00000,0x000000f220d00000)]
  0x0000026f792de000 JavaThread "jar transforms" [_thread_blocked, id=14044, stack(0x000000f220d00000,0x000000f220e00000)]
  0x0000026f792e0800 JavaThread "jar transforms Thread 2" [_thread_blocked, id=16216, stack(0x000000f220e00000,0x000000f220f00000)]
  0x0000026f792df000 JavaThread "jar transforms Thread 3" [_thread_blocked, id=11688, stack(0x000000f220f00000,0x000000f221000000)]
  0x0000026f792df800 JavaThread "jar transforms Thread 4" [_thread_blocked, id=1440, stack(0x000000f221000000,0x000000f221100000)]
  0x0000026f777fe800 JavaThread "Cache worker for checksums cache (C:\Users\KELVIN KIMUTAI\Documents\GitHub\AccidentDetectionAndAlert\.gradle\7.4\checksums)" [_thread_blocked, id=5108, stack(0x000000f221100000,0x000000f221200000)]
  0x0000026f777ff000 JavaThread "Cache worker for cache directory md-rule (C:\Users\KELVIN KIMUTAI\.gradle\caches\7.4\md-rule)" [_thread_blocked, id=7416, stack(0x000000f221200000,0x000000f221300000)]
  0x0000026f77800000 JavaThread "Cache worker for file hash cache (C:\Users\KELVIN KIMUTAI\Documents\GitHub\AccidentDetectionAndAlert\.gradle\7.4\fileHashes)" [_thread_blocked, id=1660, stack(0x000000f221300000,0x000000f221400000)]
  0x0000026f77801800 JavaThread "Cache worker for cache directory md-supplier (C:\Users\KELVIN KIMUTAI\.gradle\caches\7.4\md-supplier)" [_thread_blocked, id=7164, stack(0x000000f221400000,0x000000f221500000)]
  0x0000026f77801000 JavaThread "Cache worker for execution history cache (C:\Users\KELVIN KIMUTAI\.gradle\caches\7.4\executionHistory)" [_thread_blocked, id=9964, stack(0x000000f221500000,0x000000f221600000)]
  0x0000026f77802800 JavaThread "Cache worker for file content cache (C:\Users\KELVIN KIMUTAI\.gradle\caches\7.4\fileContent)" [_thread_blocked, id=9156, stack(0x000000f221600000,0x000000f221700000)]
  0x0000026f77805000 JavaThread "Cache worker for dependencies-accessors (C:\Users\KELVIN KIMUTAI\Documents\GitHub\AccidentDetectionAndAlert\.gradle\7.4\dependencies-accessors)" [_thread_blocked, id=13580, stack(0x000000f221700000,0x000000f221800000)]
  0x0000026f77807800 JavaThread "Cache worker for Build Output Cleanup Cache (C:\Users\KELVIN KIMUTAI\Documents\GitHub\AccidentDetectionAndAlert\.gradle\buildOutputCleanup)" [_thread_blocked, id=1712, stack(0x000000f221800000,0x000000f221900000)]
  0x0000026f77808000 JavaThread "Unconstrained build operations" [_thread_blocked, id=8152, stack(0x000000f221900000,0x000000f221a00000)]
  0x0000026f7780a000 JavaThread "Unconstrained build operations Thread 2" [_thread_blocked, id=12928, stack(0x000000f221a00000,0x000000f221b00000)]
  0x0000026f77805800 JavaThread "Unconstrained build operations Thread 3" [_thread_blocked, id=1840, stack(0x000000f221b00000,0x000000f221c00000)]
  0x0000026f77806800 JavaThread "Unconstrained build operations Thread 4" [_thread_blocked, id=14584, stack(0x000000f221c00000,0x000000f221d00000)]
  0x0000026f77809000 JavaThread "Unconstrained build operations Thread 5" [_thread_blocked, id=15948, stack(0x000000f221d00000,0x000000f221e00000)]
  0x0000026f77804000 JavaThread "Unconstrained build operations Thread 6" [_thread_blocked, id=15892, stack(0x000000f221e00000,0x000000f221f00000)]
  0x0000026f7780a800 JavaThread "Unconstrained build operations Thread 7" [_thread_blocked, id=14816, stack(0x000000f221f00000,0x000000f222000000)]
  0x0000026f7780b800 JavaThread "Unconstrained build operations Thread 8" [_thread_blocked, id=7160, stack(0x000000f222000000,0x000000f222100000)]
  0x0000026f7780c800 JavaThread "Unconstrained build operations Thread 9" [_thread_blocked, id=5020, stack(0x000000f222100000,0x000000f222200000)]
  0x0000026f78412000 JavaThread "Unconstrained build operations Thread 10" [_thread_blocked, id=15884, stack(0x000000f222200000,0x000000f222300000)]
  0x0000026f78414800 JavaThread "Unconstrained build operations Thread 11" [_thread_blocked, id=12676, stack(0x000000f222300000,0x000000f222400000)]
  0x0000026f7840f000 JavaThread "Unconstrained build operations Thread 12" [_thread_blocked, id=9200, stack(0x000000f222400000,0x000000f222500000)]
  0x0000026f7840f800 JavaThread "Unconstrained build operations Thread 13" [_thread_blocked, id=3624, stack(0x000000f222500000,0x000000f222600000)]
  0x0000026f78410800 JavaThread "Unconstrained build operations Thread 14" [_thread_blocked, id=16316, stack(0x000000f222600000,0x000000f222700000)]
  0x0000026f78413000 JavaThread "Unconstrained build operations Thread 15" [_thread_blocked, id=11104, stack(0x000000f222700000,0x000000f222800000)]
  0x0000026f78413800 JavaThread "Unconstrained build operations Thread 16" [_thread_blocked, id=15160, stack(0x000000f222800000,0x000000f222900000)]
  0x0000026f78415800 JavaThread "Unconstrained build operations Thread 17" [_thread_blocked, id=8000, stack(0x000000f222900000,0x000000f222a00000)]
  0x0000026f78411800 JavaThread "Unconstrained build operations Thread 18" [_thread_blocked, id=7712, stack(0x000000f222a00000,0x000000f222b00000)]
  0x0000026f78418800 JavaThread "Unconstrained build operations Thread 19" [_thread_blocked, id=15504, stack(0x000000f222b00000,0x000000f222c00000)]
  0x0000026f78419800 JavaThread "Unconstrained build operations Thread 20" [_thread_blocked, id=11656, stack(0x000000f222c00000,0x000000f222d00000)]
  0x0000026f78416000 JavaThread "Unconstrained build operations Thread 21" [_thread_blocked, id=10120, stack(0x000000f222d00000,0x000000f222e00000)]
  0x0000026f78418000 JavaThread "Unconstrained build operations Thread 22" [_thread_blocked, id=6628, stack(0x000000f222e00000,0x000000f222f00000)]
  0x0000026f7841c800 JavaThread "Unconstrained build operations Thread 23" [_thread_blocked, id=9788, stack(0x000000f222f00000,0x000000f223000000)]
  0x0000026f7841a000 JavaThread "Unconstrained build operations Thread 24" [_thread_blocked, id=14028, stack(0x000000f223000000,0x000000f223100000)]
  0x0000026f7841b000 JavaThread "Unconstrained build operations Thread 25" [_thread_blocked, id=15112, stack(0x000000f223100000,0x000000f223200000)]
  0x0000026f78417000 JavaThread "Unconstrained build operations Thread 26" [_thread_blocked, id=9660, stack(0x000000f223200000,0x000000f223300000)]
  0x0000026f7841c000 JavaThread "Unconstrained build operations Thread 27" [_thread_blocked, id=2728, stack(0x000000f223300000,0x000000f223400000)]
  0x0000026f7841d800 JavaThread "Unconstrained build operations Thread 28" [_thread_blocked, id=15064, stack(0x000000f223400000,0x000000f223500000)]
  0x0000026f7a297000 JavaThread "Unconstrained build operations Thread 29" [_thread_blocked, id=11352, stack(0x000000f223500000,0x000000f223600000)]
  0x0000026f7a293000 JavaThread "Unconstrained build operations Thread 30" [_thread_blocked, id=14644, stack(0x000000f223600000,0x000000f223700000)]
  0x0000026f7a292000 JavaThread "Unconstrained build operations Thread 31" [_thread_blocked, id=7124, stack(0x000000f223700000,0x000000f223800000)]
  0x0000026f7a296000 JavaThread "Unconstrained build operations Thread 32" [_thread_blocked, id=12368, stack(0x000000f223800000,0x000000f223900000)]
  0x0000026f7a291000 JavaThread "Unconstrained build operations Thread 33" [_thread_blocked, id=3188, stack(0x000000f223900000,0x000000f223a00000)]
  0x0000026f7a298800 JavaThread "Unconstrained build operations Thread 34" [_thread_blocked, id=14332, stack(0x000000f223a00000,0x000000f223b00000)]
  0x0000026f7a299800 JavaThread "Unconstrained build operations Thread 35" [_thread_blocked, id=13764, stack(0x000000f223b00000,0x000000f223c00000)]
  0x0000026f7a297800 JavaThread "Unconstrained build operations Thread 36" [_thread_blocked, id=10024, stack(0x000000f223c00000,0x000000f223d00000)]
  0x0000026f7a293800 JavaThread "Unconstrained build operations Thread 37" [_thread_blocked, id=10140, stack(0x000000f223d00000,0x000000f223e00000)]
  0x0000026f7a29a000 JavaThread "Unconstrained build operations Thread 38" [_thread_blocked, id=4948, stack(0x000000f223e00000,0x000000f223f00000)]
  0x0000026f7a294800 JavaThread "Unconstrained build operations Thread 39" [_thread_blocked, id=16328, stack(0x000000f223f00000,0x000000f224000000)]
  0x0000026f7a29b000 JavaThread "Unconstrained build operations Thread 40" [_thread_blocked, id=3872, stack(0x000000f224000000,0x000000f224100000)]
  0x0000026f7a295800 JavaThread "Memory manager" [_thread_blocked, id=15820, stack(0x000000f224100000,0x000000f224200000)]
  0x0000026f7a29f000 JavaThread "pool-3-thread-1" [_thread_blocked, id=7448, stack(0x000000f224200000,0x000000f224300000)]
  0x0000026f7a29e800 JavaThread "included builds" [_thread_blocked, id=3784, stack(0x000000f224300000,0x000000f224400000)]
  0x0000026f7a2a0000 JavaThread "Cache worker for execution history cache (C:\Users\KELVIN KIMUTAI\Documents\GitHub\AccidentDetectionAndAlert\.gradle\7.4\executionHistory)" [_thread_blocked, id=15432, stack(0x000000f224700000,0x000000f224800000)]
  0x0000026f7e3ef000 JavaThread "C2 CompilerThread1" daemon [_thread_blocked, id=8732, stack(0x000000f21e600000,0x000000f21e700000)]

Other Threads:
=>0x0000026f7678e800 VMThread "VM Thread" [stack: 0x000000f21ef00000,0x000000f21f000000] [id=14988]
  0x0000026f77293800 WatcherThread [stack: 0x000000f21f900000,0x000000f21fa00000] [id=16036]
  0x0000026f5c478000 GCTaskThread "GC Thread#0" [stack: 0x000000f21ea00000,0x000000f21eb00000] [id=15348]
  0x0000026f77576800 GCTaskThread "GC Thread#1" [stack: 0x000000f21fb00000,0x000000f21fc00000] [id=10912]
  0x0000026f776ed800 GCTaskThread "GC Thread#2" [stack: 0x000000f21fc00000,0x000000f21fd00000] [id=2632]
  0x0000026f79a4a800 GCTaskThread "GC Thread#3" [stack: 0x000000f220100000,0x000000f220200000] [id=15800]
  0x0000026f5c4a9000 ConcurrentGCThread "G1 Main Marker" [stack: 0x000000f21eb00000,0x000000f21ec00000] [id=6328]
  0x0000026f5c4aa800 ConcurrentGCThread "G1 Conc#0" [stack: 0x000000f21ec00000,0x000000f21ed00000] [id=14776]
  0x0000026f5c53d000 ConcurrentGCThread "G1 Refine#0" [stack: 0x000000f21ed00000,0x000000f21ee00000] [id=11180]
  0x0000026f5c53e000 ConcurrentGCThread "G1 Young RemSet Sampling" [stack: 0x000000f21ee00000,0x000000f21ef00000] [id=248]

Threads with active compile tasks:
C2 CompilerThread0  33147 9504  s    4       java.io.BufferedInputStream::read (113 bytes)
C1 CompilerThread0  33148 9525       3       com.google.common.collect.Interners$InternerImpl::intern (50 bytes)
C2 CompilerThread1  33148 9396       4       org.gradle.internal.serialize.kryo.StringDeduplicatingKryoBackedEncoder::writeString (20 bytes)

VM state:at safepoint (normal execution)

VM Mutex/Monitor currently owned by a thread:  ([mutex/lock_event])
[0x0000026f5c459fa0] Threads_lock - owner thread: 0x0000026f7678e800
[0x0000026f5c45a390] Heap_lock - owner thread: 0x0000026f77801000

Heap address: 0x0000000080000000, size: 2048 MB, Compressed Oops mode: 32-bit
Narrow klass base: 0x0000000000000000, Narrow klass shift: 3
Compressed class space size: 1073741824 Address: 0x0000000100000000

Heap:
 garbage-first heap   total 273408K, used 145585K [0x0000000080000000, 0x0000000100000000)
  region size 1024K, 6 young (6144K), 6 survivors (6144K)
 Metaspace       used 94152K, capacity 96661K, committed 96816K, reserved 1132544K
  class space    used 12010K, capacity 12874K, committed 12928K, reserved 1048576K
Heap Regions: E=young(eden), S=young(survivor), O=old, HS=humongous(starts), HC=humongous(continues), CS=collection set, F=free, A=archive, TAMS=top-at-mark-start (previous, next)
|   0|0x0000000080000000, 0x0000000080100000, 0x0000000080100000|100%|HS|  |TAMS 0x0000000080100000, 0x0000000080000000| Complete 
|   1|0x0000000080100000, 0x0000000080200000, 0x0000000080200000|100%|HC|  |TAMS 0x0000000080200000, 0x0000000080100000| Complete 
|   2|0x0000000080200000, 0x0000000080300000, 0x0000000080300000|100%|HC|  |TAMS 0x0000000080300000, 0x0000000080200000| Complete 
|   3|0x0000000080300000, 0x0000000080400000, 0x0000000080400000|100%| O|  |TAMS 0x0000000080400000, 0x0000000080300000| Untracked 
|   4|0x0000000080400000, 0x0000000080500000, 0x0000000080500000|100%| O|  |TAMS 0x0000000080500000, 0x0000000080400000| Untracked 
|   5|0x0000000080500000, 0x0000000080600000, 0x0000000080600000|100%| O|  |TAMS 0x0000000080600000, 0x0000000080500000| Untracked 
|   6|0x0000000080600000, 0x0000000080700000, 0x0000000080700000|100%| O|  |TAMS 0x0000000080700000, 0x0000000080600000| Untracked 
|   7|0x0000000080700000, 0x0000000080800000, 0x0000000080800000|100%| O|  |TAMS 0x0000000080800000, 0x0000000080700000| Untracked 
|   8|0x0000000080800000, 0x0000000080900000, 0x0000000080900000|100%| O|  |TAMS 0x0000000080900000, 0x0000000080800000| Untracked 
|   9|0x0000000080900000, 0x0000000080a00000, 0x0000000080a00000|100%| O|  |TAMS 0x0000000080a00000, 0x0000000080900000| Untracked 
|  10|0x0000000080a00000, 0x0000000080b00000, 0x0000000080b00000|100%| O|  |TAMS 0x0000000080b00000, 0x0000000080a00000| Untracked 
|  11|0x0000000080b00000, 0x0000000080c00000, 0x0000000080c00000|100%| O|  |TAMS 0x0000000080c00000, 0x0000000080b00000| Untracked 
|  12|0x0000000080c00000, 0x0000000080d00000, 0x0000000080d00000|100%| O|  |TAMS 0x0000000080d00000, 0x0000000080c00000| Untracked 
|  13|0x0000000080d00000, 0x0000000080e00000, 0x0000000080e00000|100%| O|  |TAMS 0x0000000080e00000, 0x0000000080d00000| Untracked 
|  14|0x0000000080e00000, 0x0000000080f00000, 0x0000000080f00000|100%| O|  |TAMS 0x0000000080f00000, 0x0000000080e00000| Untracked 
|  15|0x0000000080f00000, 0x0000000081000000, 0x0000000081000000|100%| O|  |TAMS 0x0000000081000000, 0x0000000080f00000| Untracked 
|  16|0x0000000081000000, 0x0000000081100000, 0x0000000081100000|100%|HS|  |TAMS 0x0000000081100000, 0x0000000081000000| Complete 
|  17|0x0000000081100000, 0x0000000081200000, 0x0000000081200000|100%|HC|  |TAMS 0x0000000081200000, 0x0000000081100000| Complete 
|  18|0x0000000081200000, 0x0000000081300000, 0x0000000081300000|100%|HS|  |TAMS 0x0000000081300000, 0x0000000081200000| Complete 
|  19|0x0000000081300000, 0x0000000081400000, 0x0000000081400000|100%|HC|  |TAMS 0x0000000081400000, 0x0000000081300000| Complete 
|  20|0x0000000081400000, 0x0000000081500000, 0x0000000081500000|100%|HC|  |TAMS 0x0000000081500000, 0x0000000081400000| Complete 
|  21|0x0000000081500000, 0x0000000081600000, 0x0000000081600000|100%|HS|  |TAMS 0x0000000081600000, 0x0000000081500000| Complete 
|  22|0x0000000081600000, 0x0000000081700000, 0x0000000081700000|100%|HC|  |TAMS 0x0000000081700000, 0x0000000081600000| Complete 
|  23|0x0000000081700000, 0x0000000081800000, 0x0000000081800000|100%|HC|  |TAMS 0x0000000081800000, 0x0000000081700000| Complete 
|  24|0x0000000081800000, 0x0000000081900000, 0x0000000081900000|100%|HS|  |TAMS 0x0000000081900000, 0x0000000081800000| Complete 
|  25|0x0000000081900000, 0x0000000081a00000, 0x0000000081a00000|100%|HC|  |TAMS 0x0000000081a00000, 0x0000000081900000| Complete 
|  26|0x0000000081a00000, 0x0000000081b00000, 0x0000000081b00000|100%|HC|  |TAMS 0x0000000081b00000, 0x0000000081a00000| Complete 
|  27|0x0000000081b00000, 0x0000000081c00000, 0x0000000081c00000|100%|HC|  |TAMS 0x0000000081c00000, 0x0000000081b00000| Complete 
|  28|0x0000000081c00000, 0x0000000081d00000, 0x0000000081d00000|100%|HC|  |TAMS 0x0000000081d00000, 0x0000000081c00000| Complete 
|  29|0x0000000081d00000, 0x0000000081e00000, 0x0000000081e00000|100%|HS|  |TAMS 0x0000000081e00000, 0x0000000081d00000| Complete 
|  30|0x0000000081e00000, 0x0000000081f00000, 0x0000000081f00000|100%|HS|  |TAMS 0x0000000081f00000, 0x0000000081e00000| Complete 
|  31|0x0000000081f00000, 0x0000000082000000, 0x0000000082000000|100%|HC|  |TAMS 0x0000000082000000, 0x0000000081f00000| Complete 
|  32|0x0000000082000000, 0x0000000082100000, 0x0000000082100000|100%|HC|  |TAMS 0x0000000082100000, 0x0000000082000000| Complete 
|  33|0x0000000082100000, 0x0000000082200000, 0x0000000082200000|100%|HC|  |TAMS 0x0000000082200000, 0x0000000082100000| Complete 
|  34|0x0000000082200000, 0x0000000082300000, 0x0000000082300000|100%| O|  |TAMS 0x0000000082300000, 0x0000000082200000| Untracked 
|  35|0x0000000082300000, 0x0000000082400000, 0x0000000082400000|100%| O|  |TAMS 0x0000000082400000, 0x0000000082300000| Untracked 
|  36|0x0000000082400000, 0x0000000082500000, 0x0000000082500000|100%| O|  |TAMS 0x0000000082500000, 0x0000000082400000| Untracked 
|  37|0x0000000082500000, 0x0000000082600000, 0x0000000082600000|100%| O|  |TAMS 0x0000000082600000, 0x0000000082500000| Untracked 
|  38|0x0000000082600000, 0x0000000082700000, 0x0000000082700000|100%| O|  |TAMS 0x0000000082700000, 0x0000000082600000| Untracked 
|  39|0x0000000082700000, 0x0000000082800000, 0x0000000082800000|100%| O|  |TAMS 0x0000000082800000, 0x0000000082700000| Untracked 
|  40|0x0000000082800000, 0x0000000082900000, 0x0000000082900000|100%| O|  |TAMS 0x0000000082900000, 0x0000000082800000| Untracked 
|  41|0x0000000082900000, 0x0000000082a00000, 0x0000000082a00000|100%| O|  |TAMS 0x0000000082a00000, 0x0000000082900000| Untracked 
|  42|0x0000000082a00000, 0x0000000082b00000, 0x0000000082b00000|100%| O|  |TAMS 0x0000000082b00000, 0x0000000082a00000| Untracked 
|  43|0x0000000082b00000, 0x0000000082c00000, 0x0000000082c00000|100%| O|  |TAMS 0x0000000082c00000, 0x0000000082b00000| Untracked 
|  44|0x0000000082c00000, 0x0000000082d00000, 0x0000000082d00000|100%|HS|  |TAMS 0x0000000082d00000, 0x0000000082c00000| Complete 
|  45|0x0000000082d00000, 0x0000000082e00000, 0x0000000082e00000|100%|HC|  |TAMS 0x0000000082e00000, 0x0000000082d00000| Complete 
|  46|0x0000000082e00000, 0x0000000082f00000, 0x0000000082f00000|100%|HC|  |TAMS 0x0000000082f00000, 0x0000000082e00000| Complete 
|  47|0x0000000082f00000, 0x0000000083000000, 0x0000000083000000|100%|HC|  |TAMS 0x0000000083000000, 0x0000000082f00000| Complete 
|  48|0x0000000083000000, 0x0000000083100000, 0x0000000083100000|100%|HS|  |TAMS 0x0000000083100000, 0x0000000083000000| Complete 
|  49|0x0000000083100000, 0x0000000083200000, 0x0000000083200000|100%|HC|  |TAMS 0x0000000083200000, 0x0000000083100000| Complete 
|  50|0x0000000083200000, 0x0000000083300000, 0x0000000083300000|100%|HC|  |TAMS 0x0000000083300000, 0x0000000083200000| Complete 
|  51|0x0000000083300000, 0x0000000083400000, 0x0000000083400000|100%|HS|  |TAMS 0x0000000083400000, 0x0000000083300000| Complete 
|  52|0x0000000083400000, 0x0000000083500000, 0x0000000083500000|100%|HC|  |TAMS 0x0000000083500000, 0x0000000083400000| Complete 
|  53|0x0000000083500000, 0x0000000083600000, 0x0000000083600000|100%|HS|  |TAMS 0x0000000083600000, 0x0000000083500000| Complete 
|  54|0x0000000083600000, 0x0000000083700000, 0x0000000083700000|100%|HC|  |TAMS 0x0000000083700000, 0x0000000083600000| Complete 
|  55|0x0000000083700000, 0x0000000083800000, 0x0000000083800000|100%|HC|  |TAMS 0x0000000083800000, 0x0000000083700000| Complete 
|  56|0x0000000083800000, 0x0000000083900000, 0x0000000083900000|100%| O|  |TAMS 0x0000000083900000, 0x0000000083800000| Untracked 
|  57|0x0000000083900000, 0x0000000083a00000, 0x0000000083a00000|100%| O|  |TAMS 0x0000000083a00000, 0x0000000083900000| Untracked 
|  58|0x0000000083a00000, 0x0000000083b00000, 0x0000000083b00000|100%| O|  |TAMS 0x0000000083b00000, 0x0000000083a00000| Untracked 
|  59|0x0000000083b00000, 0x0000000083c00000, 0x0000000083c00000|100%| O|  |TAMS 0x0000000083c00000, 0x0000000083b00000| Untracked 
|  60|0x0000000083c00000, 0x0000000083d00000, 0x0000000083d00000|100%| O|  |TAMS 0x0000000083d00000, 0x0000000083c00000| Untracked 
|  61|0x0000000083d00000, 0x0000000083e00000, 0x0000000083e00000|100%| O|  |TAMS 0x0000000083e00000, 0x0000000083d00000| Untracked 
|  62|0x0000000083e00000, 0x0000000083f00000, 0x0000000083f00000|100%| O|  |TAMS 0x0000000083f00000, 0x0000000083e00000| Untracked 
|  63|0x0000000083f00000, 0x0000000084000000, 0x0000000084000000|100%|HS|  |TAMS 0x0000000084000000, 0x0000000083f00000| Complete 
|  64|0x0000000084000000, 0x0000000084100000, 0x0000000084100000|100%|HC|  |TAMS 0x0000000084100000, 0x0000000084000000| Complete 
|  65|0x0000000084100000, 0x0000000084200000, 0x0000000084200000|100%|HC|  |TAMS 0x0000000084200000, 0x0000000084100000| Complete 
|  66|0x0000000084200000, 0x0000000084300000, 0x0000000084300000|100%|HC|  |TAMS 0x0000000084300000, 0x0000000084200000| Complete 
|  67|0x0000000084300000, 0x0000000084400000, 0x0000000084400000|100%|HC|  |TAMS 0x0000000084400000, 0x0000000084300000| Complete 
|  68|0x0000000084400000, 0x0000000084500000, 0x0000000084500000|100%| O|  |TAMS 0x0000000084500000, 0x0000000084400000| Untracked 
|  69|0x0000000084500000, 0x0000000084600000, 0x0000000084600000|100%| O|  |TAMS 0x0000000084600000, 0x0000000084500000| Untracked 
|  70|0x0000000084600000, 0x0000000084700000, 0x0000000084700000|100%| O|  |TAMS 0x0000000084700000, 0x0000000084600000| Untracked 
|  71|0x0000000084700000, 0x0000000084800000, 0x0000000084800000|100%| O|  |TAMS 0x0000000084800000, 0x0000000084700000| Untracked 
|  72|0x0000000084800000, 0x0000000084900000, 0x0000000084900000|100%|HS|  |TAMS 0x0000000084900000, 0x0000000084800000| Complete 
|  73|0x0000000084900000, 0x0000000084a00000, 0x0000000084a00000|100%|HS|  |TAMS 0x0000000084a00000, 0x0000000084900000| Complete 
|  74|0x0000000084a00000, 0x0000000084b00000, 0x0000000084b00000|100%| O|  |TAMS 0x0000000084b00000, 0x0000000084a00000| Untracked 
|  75|0x0000000084b00000, 0x0000000084c00000, 0x0000000084c00000|100%| O|  |TAMS 0x0000000084c00000, 0x0000000084b00000| Untracked 
|  76|0x0000000084c00000, 0x0000000084d00000, 0x0000000084d00000|100%| O|  |TAMS 0x0000000084d00000, 0x0000000084c00000| Untracked 
|  77|0x0000000084d00000, 0x0000000084e00000, 0x0000000084e00000|100%| O|  |TAMS 0x0000000084e00000, 0x0000000084d00000| Untracked 
|  78|0x0000000084e00000, 0x0000000084f00000, 0x0000000084f00000|100%| O|  |TAMS 0x0000000084f00000, 0x0000000084e00000| Untracked 
|  79|0x0000000084f00000, 0x0000000085000000, 0x0000000085000000|100%| O|  |TAMS 0x0000000085000000, 0x0000000084f00000| Untracked 
|  80|0x0000000085000000, 0x0000000085100000, 0x0000000085100000|100%|HS|  |TAMS 0x0000000085100000, 0x0000000085000000| Complete 
|  81|0x0000000085100000, 0x0000000085200000, 0x0000000085200000|100%|HC|  |TAMS 0x0000000085200000, 0x0000000085100000| Complete 
|  82|0x0000000085200000, 0x0000000085300000, 0x0000000085300000|100%| O|  |TAMS 0x0000000085300000, 0x0000000085200000| Untracked 
|  83|0x0000000085300000, 0x0000000085400000, 0x0000000085400000|100%| O|  |TAMS 0x0000000085400000, 0x0000000085300000| Untracked 
|  84|0x0000000085400000, 0x0000000085500000, 0x0000000085500000|100%| O|  |TAMS 0x0000000085500000, 0x0000000085400000| Untracked 
|  85|0x0000000085500000, 0x0000000085600000, 0x0000000085600000|100%| O|  |TAMS 0x0000000085600000, 0x0000000085500000| Untracked 
|  86|0x0000000085600000, 0x0000000085700000, 0x0000000085700000|100%| O|  |TAMS 0x0000000085700000, 0x0000000085600000| Untracked 
|  87|0x0000000085700000, 0x0000000085800000, 0x0000000085800000|100%| O|  |TAMS 0x0000000085800000, 0x0000000085700000| Untracked 
|  88|0x0000000085800000, 0x0000000085900000, 0x0000000085900000|100%| O|  |TAMS 0x0000000085900000, 0x0000000085800000| Untracked 
|  89|0x0000000085900000, 0x0000000085a00000, 0x0000000085a00000|100%| O|  |TAMS 0x0000000085a00000, 0x0000000085900000| Untracked 
|  90|0x0000000085a00000, 0x0000000085b00000, 0x0000000085b00000|100%| O|  |TAMS 0x0000000085b00000, 0x0000000085a00000| Untracked 
|  91|0x0000000085b00000, 0x0000000085c00000, 0x0000000085c00000|100%| O|  |TAMS 0x0000000085c00000, 0x0000000085b00000| Untracked 
|  92|0x0000000085c00000, 0x0000000085d00000, 0x0000000085d00000|100%| O|  |TAMS 0x0000000085d00000, 0x0000000085c00000| Untracked 
|  93|0x0000000085d00000, 0x0000000085e00000, 0x0000000085e00000|100%| O|  |TAMS 0x0000000085e00000, 0x0000000085d00000| Untracked 
|  94|0x0000000085e00000, 0x0000000085f00000, 0x0000000085f00000|100%| O|  |TAMS 0x0000000085f00000, 0x0000000085e00000| Untracked 
|  95|0x0000000085f00000, 0x0000000086000000, 0x0000000086000000|100%| O|  |TAMS 0x0000000086000000, 0x0000000085f00000| Untracked 
|  96|0x0000000086000000, 0x0000000086100000, 0x0000000086100000|100%| O|  |TAMS 0x0000000086100000, 0x0000000086000000| Untracked 
|  97|0x0000000086100000, 0x0000000086200000, 0x0000000086200000|100%| O|  |TAMS 0x0000000086200000, 0x0000000086100000| Untracked 
|  98|0x0000000086200000, 0x0000000086300000, 0x0000000086300000|100%| O|  |TAMS 0x0000000086300000, 0x0000000086200000| Untracked 
|  99|0x0000000086300000, 0x0000000086400000, 0x0000000086400000|100%| O|  |TAMS 0x0000000086400000, 0x0000000086300000| Untracked 
| 100|0x0000000086400000, 0x0000000086500000, 0x0000000086500000|100%| O|  |TAMS 0x0000000086500000, 0x0000000086400000| Untracked 
| 101|0x0000000086500000, 0x0000000086600000, 0x0000000086600000|100%| O|  |TAMS 0x0000000086600000, 0x0000000086500000| Untracked 
| 102|0x0000000086600000, 0x0000000086700000, 0x0000000086700000|100%| O|  |TAMS 0x0000000086700000, 0x0000000086600000| Untracked 
| 103|0x0000000086700000, 0x0000000086800000, 0x0000000086800000|100%|HS|  |TAMS 0x0000000086800000, 0x0000000086700000| Complete 
| 104|0x0000000086800000, 0x0000000086900000, 0x0000000086900000|100%|HC|  |TAMS 0x0000000086900000, 0x0000000086800000| Complete 
| 105|0x0000000086900000, 0x0000000086a00000, 0x0000000086a00000|100%|HS|  |TAMS 0x0000000086a00000, 0x0000000086900000| Complete 
| 106|0x0000000086a00000, 0x0000000086b00000, 0x0000000086b00000|100%|HC|  |TAMS 0x0000000086b00000, 0x0000000086a00000| Complete 
| 107|0x0000000086b00000, 0x0000000086c00000, 0x0000000086c00000|100%|HC|  |TAMS 0x0000000086c00000, 0x0000000086b00000| Complete 
| 108|0x0000000086c00000, 0x0000000086d00000, 0x0000000086d00000|100%|HS|  |TAMS 0x0000000086d00000, 0x0000000086c00000| Complete 
| 109|0x0000000086d00000, 0x0000000086e00000, 0x0000000086e00000|100%|HC|  |TAMS 0x0000000086e00000, 0x0000000086d00000| Complete 
| 110|0x0000000086e00000, 0x0000000086f00000, 0x0000000086f00000|100%|HC|  |TAMS 0x0000000086f00000, 0x0000000086e00000| Complete 
| 111|0x0000000086f00000, 0x0000000087000000, 0x0000000087000000|100%|HS|  |TAMS 0x0000000087000000, 0x0000000086f00000| Complete 
| 112|0x0000000087000000, 0x0000000087100000, 0x0000000087100000|100%|HC|  |TAMS 0x0000000087100000, 0x0000000087000000| Complete 
| 113|0x0000000087100000, 0x0000000087200000, 0x0000000087200000|100%|HC|  |TAMS 0x0000000087200000, 0x0000000087100000| Complete 
| 114|0x0000000087200000, 0x0000000087300000, 0x0000000087300000|100%|HC|  |TAMS 0x0000000087300000, 0x0000000087200000| Complete 
| 115|0x0000000087300000, 0x0000000087400000, 0x0000000087400000|100%|HC|  |TAMS 0x0000000087400000, 0x0000000087300000| Complete 
| 116|0x0000000087400000, 0x0000000087500000, 0x0000000087500000|100%|HS|  |TAMS 0x0000000087500000, 0x0000000087400000| Complete 
| 117|0x0000000087500000, 0x0000000087600000, 0x0000000087600000|100%|HS|  |TAMS 0x0000000087600000, 0x0000000087500000| Complete 
| 118|0x0000000087600000, 0x0000000087700000, 0x0000000087700000|100%|HC|  |TAMS 0x0000000087700000, 0x0000000087600000| Complete 
| 119|0x0000000087700000, 0x0000000087800000, 0x0000000087800000|100%|HC|  |TAMS 0x0000000087800000, 0x0000000087700000| Complete 
| 120|0x0000000087800000, 0x0000000087900000, 0x0000000087900000|100%|HC|  |TAMS 0x0000000087900000, 0x0000000087800000| Complete 
| 121|0x0000000087900000, 0x0000000087a00000, 0x0000000087a00000|100%| O|  |TAMS 0x0000000087a00000, 0x0000000087900000| Untracked 
| 122|0x0000000087a00000, 0x0000000087b00000, 0x0000000087b00000|100%| O|  |TAMS 0x0000000087b00000, 0x0000000087a00000| Untracked 
| 123|0x0000000087b00000, 0x0000000087c00000, 0x0000000087c00000|100%| O|  |TAMS 0x0000000087c00000, 0x0000000087b00000| Untracked 
| 124|0x0000000087c00000, 0x0000000087d00000, 0x0000000087d00000|100%| O|  |TAMS 0x0000000087d00000, 0x0000000087c00000| Untracked 
| 125|0x0000000087d00000, 0x0000000087e00000, 0x0000000087e00000|100%| O|  |TAMS 0x0000000087e00000, 0x0000000087d00000| Untracked 
| 126|0x0000000087e00000, 0x0000000087f00000, 0x0000000087f00000|100%| O|  |TAMS 0x0000000087f00000, 0x0000000087e00000| Untracked 
| 127|0x0000000087f00000, 0x0000000088000000, 0x0000000088000000|100%| O|  |TAMS 0x0000000088000000, 0x0000000087f00000| Untracked 
| 128|0x0000000088000000, 0x0000000088100000, 0x0000000088100000|100%| O|  |TAMS 0x0000000088100000, 0x0000000088000000| Untracked 
| 129|0x0000000088100000, 0x0000000088200000, 0x0000000088200000|100%| O|  |TAMS 0x0000000088200000, 0x0000000088100000| Untracked 
| 130|0x0000000088200000, 0x0000000088300000, 0x0000000088300000|100%| O|  |TAMS 0x0000000088300000, 0x0000000088200000| Untracked 
| 131|0x0000000088300000, 0x0000000088400000, 0x0000000088400000|100%| O|  |TAMS 0x0000000088400000, 0x0000000088300000| Untracked 
| 132|0x0000000088400000, 0x0000000088500000, 0x0000000088500000|100%| O|  |TAMS 0x0000000088500000, 0x0000000088400000| Untracked 
| 133|0x0000000088500000, 0x0000000088600000, 0x0000000088600000|100%| O|  |TAMS 0x0000000088600000, 0x0000000088500000| Untracked 
| 134|0x0000000088600000, 0x0000000088700000, 0x0000000088700000|100%| O|  |TAMS 0x0000000088634800, 0x0000000088600000| Untracked 
| 135|0x0000000088700000, 0x0000000088800000, 0x0000000088800000|100%| O|  |TAMS 0x0000000088700000, 0x0000000088700000| Untracked 
| 136|0x0000000088800000, 0x000000008882c600, 0x0000000088900000| 17%| O|  |TAMS 0x0000000088800000, 0x0000000088800000| Untracked 
| 137|0x0000000088900000, 0x0000000088900000, 0x0000000088a00000|  0%| F|  |TAMS 0x0000000088900000, 0x0000000088900000| Untracked 
| 138|0x0000000088a00000, 0x0000000088a00000, 0x0000000088b00000|  0%| F|  |TAMS 0x0000000088a00000, 0x0000000088a00000| Untracked 
| 139|0x0000000088b00000, 0x0000000088b00000, 0x0000000088c00000|  0%| F|  |TAMS 0x0000000088b00000, 0x0000000088b00000| Untracked 
| 140|0x0000000088c00000, 0x0000000088c00000, 0x0000000088d00000|  0%| F|  |TAMS 0x0000000088c00000, 0x0000000088c00000| Untracked 
| 141|0x0000000088d00000, 0x0000000088d00000, 0x0000000088e00000|  0%| F|  |TAMS 0x0000000088d00000, 0x0000000088d00000| Untracked 
| 142|0x0000000088e00000, 0x0000000088e00000, 0x0000000088f00000|  0%| F|  |TAMS 0x0000000088e00000, 0x0000000088e00000| Untracked 
| 143|0x0000000088f00000, 0x0000000088f00000, 0x0000000089000000|  0%| F|  |TAMS 0x0000000088f00000, 0x0000000088f00000| Untracked 
| 144|0x0000000089000000, 0x0000000089000000, 0x0000000089100000|  0%| F|  |TAMS 0x0000000089000000, 0x0000000089000000| Untracked 
| 145|0x0000000089100000, 0x0000000089100000, 0x0000000089200000|  0%| F|  |TAMS 0x0000000089100000, 0x0000000089100000| Untracked 
| 146|0x0000000089200000, 0x0000000089200000, 0x0000000089300000|  0%| F|  |TAMS 0x0000000089200000, 0x0000000089200000| Untracked 
| 147|0x0000000089300000, 0x0000000089300000, 0x0000000089400000|  0%| F|  |TAMS 0x0000000089300000, 0x0000000089300000| Untracked 
| 148|0x0000000089400000, 0x0000000089400000, 0x0000000089500000|  0%| F|  |TAMS 0x0000000089400000, 0x0000000089400000| Untracked 
| 149|0x0000000089500000, 0x0000000089500000, 0x0000000089600000|  0%| F|  |TAMS 0x0000000089500000, 0x0000000089500000| Untracked 
| 150|0x0000000089600000, 0x0000000089600000, 0x0000000089700000|  0%| F|  |TAMS 0x0000000089600000, 0x0000000089600000| Untracked 
| 151|0x0000000089700000, 0x0000000089700000, 0x0000000089800000|  0%| F|  |TAMS 0x0000000089700000, 0x0000000089700000| Untracked 
| 152|0x0000000089800000, 0x0000000089800000, 0x0000000089900000|  0%| F|  |TAMS 0x0000000089800000, 0x0000000089800000| Untracked 
| 153|0x0000000089900000, 0x0000000089900000, 0x0000000089a00000|  0%| F|  |TAMS 0x0000000089900000, 0x0000000089900000| Untracked 
| 154|0x0000000089a00000, 0x0000000089a00000, 0x0000000089b00000|  0%| F|  |TAMS 0x0000000089a00000, 0x0000000089a00000| Untracked 
| 155|0x0000000089b00000, 0x0000000089b00000, 0x0000000089c00000|  0%| F|  |TAMS 0x0000000089b00000, 0x0000000089b00000| Untracked 
| 156|0x0000000089c00000, 0x0000000089c00000, 0x0000000089d00000|  0%| F|  |TAMS 0x0000000089c00000, 0x0000000089c00000| Untracked 
| 157|0x0000000089d00000, 0x0000000089d00000, 0x0000000089e00000|  0%| F|  |TAMS 0x0000000089d00000, 0x0000000089d00000| Untracked 
| 158|0x0000000089e00000, 0x0000000089e00000, 0x0000000089f00000|  0%| F|  |TAMS 0x0000000089e00000, 0x0000000089e00000| Untracked 
| 159|0x0000000089f00000, 0x0000000089f00000, 0x000000008a000000|  0%| F|  |TAMS 0x0000000089f00000, 0x0000000089f00000| Untracked 
| 160|0x000000008a000000, 0x000000008a000000, 0x000000008a100000|  0%| F|  |TAMS 0x000000008a000000, 0x000000008a000000| Untracked 
| 161|0x000000008a100000, 0x000000008a100000, 0x000000008a200000|  0%| F|  |TAMS 0x000000008a100000, 0x000000008a100000| Untracked 
| 162|0x000000008a200000, 0x000000008a200000, 0x000000008a300000|  0%| F|  |TAMS 0x000000008a200000, 0x000000008a200000| Untracked 
| 163|0x000000008a300000, 0x000000008a300000, 0x000000008a400000|  0%| F|  |TAMS 0x000000008a300000, 0x000000008a300000| Untracked 
| 164|0x000000008a400000, 0x000000008a400000, 0x000000008a500000|  0%| F|  |TAMS 0x000000008a400000, 0x000000008a400000| Untracked 
| 165|0x000000008a500000, 0x000000008a500000, 0x000000008a600000|  0%| F|  |TAMS 0x000000008a500000, 0x000000008a500000| Untracked 
| 166|0x000000008a600000, 0x000000008a600000, 0x000000008a700000|  0%| F|  |TAMS 0x000000008a600000, 0x000000008a600000| Untracked 
| 167|0x000000008a700000, 0x000000008a700000, 0x000000008a800000|  0%| F|  |TAMS 0x000000008a700000, 0x000000008a700000| Untracked 
| 168|0x000000008a800000, 0x000000008a800000, 0x000000008a900000|  0%| F|  |TAMS 0x000000008a800000, 0x000000008a800000| Untracked 
| 169|0x000000008a900000, 0x000000008a900000, 0x000000008aa00000|  0%| F|  |TAMS 0x000000008a900000, 0x000000008a900000| Untracked 
| 170|0x000000008aa00000, 0x000000008ab00000, 0x000000008ab00000|100%| S|CS|TAMS 0x000000008aa00000, 0x000000008aa00000| Complete 
| 171|0x000000008ab00000, 0x000000008ac00000, 0x000000008ac00000|100%| S|CS|TAMS 0x000000008ab00000, 0x000000008ab00000| Complete 
| 172|0x000000008ac00000, 0x000000008ad00000, 0x000000008ad00000|100%| S|CS|TAMS 0x000000008ac00000, 0x000000008ac00000| Complete 
| 173|0x000000008ad00000, 0x000000008ae00000, 0x000000008ae00000|100%| S|CS|TAMS 0x000000008ad00000, 0x000000008ad00000| Complete 
| 174|0x000000008ae00000, 0x000000008ae00000, 0x000000008af00000|  0%| F|  |TAMS 0x000000008ae00000, 0x000000008ae00000| Untracked 
| 175|0x000000008af00000, 0x000000008af00000, 0x000000008b000000|  0%| F|  |TAMS 0x000000008af00000, 0x000000008af00000| Untracked 
| 176|0x000000008b000000, 0x000000008b000000, 0x000000008b100000|  0%| F|  |TAMS 0x000000008b000000, 0x000000008b000000| Untracked 
| 177|0x000000008b100000, 0x000000008b100000, 0x000000008b200000|  0%| F|  |TAMS 0x000000008b100000, 0x000000008b100000| Untracked 
| 178|0x000000008b200000, 0x000000008b200000, 0x000000008b300000|  0%| F|  |TAMS 0x000000008b200000, 0x000000008b200000| Untracked 
| 179|0x000000008b300000, 0x000000008b400000, 0x000000008b400000|100%| S|CS|TAMS 0x000000008b300000, 0x000000008b300000| Complete 
| 180|0x000000008b400000, 0x000000008b500000, 0x000000008b500000|100%| S|CS|TAMS 0x000000008b400000, 0x000000008b400000| Complete 
| 181|0x000000008b500000, 0x000000008b500000, 0x000000008b600000|  0%| F|  |TAMS 0x000000008b500000, 0x000000008b500000| Untracked 
| 182|0x000000008b600000, 0x000000008b600000, 0x000000008b700000|  0%| F|  |TAMS 0x000000008b600000, 0x000000008b600000| Untracked 
| 183|0x000000008b700000, 0x000000008b700000, 0x000000008b800000|  0%| F|  |TAMS 0x000000008b700000, 0x000000008b700000| Untracked 
| 184|0x000000008b800000, 0x000000008b800000, 0x000000008b900000|  0%| F|  |TAMS 0x000000008b800000, 0x000000008b800000| Untracked 
| 185|0x000000008b900000, 0x000000008b900000, 0x000000008ba00000|  0%| F|  |TAMS 0x000000008b900000, 0x000000008b900000| Untracked 
| 186|0x000000008ba00000, 0x000000008ba00000, 0x000000008bb00000|  0%| F|  |TAMS 0x000000008ba00000, 0x000000008ba00000| Untracked 
| 187|0x000000008bb00000, 0x000000008bb00000, 0x000000008bc00000|  0%| F|  |TAMS 0x000000008bb00000, 0x000000008bb00000| Untracked 
| 188|0x000000008bc00000, 0x000000008bc00000, 0x000000008bd00000|  0%| F|  |TAMS 0x000000008bc00000, 0x000000008bc00000| Untracked 
| 189|0x000000008bd00000, 0x000000008bd00000, 0x000000008be00000|  0%| F|  |TAMS 0x000000008bd00000, 0x000000008bd00000| Untracked 
| 190|0x000000008be00000, 0x000000008be00000, 0x000000008bf00000|  0%| F|  |TAMS 0x000000008be00000, 0x000000008be00000| Untracked 
| 191|0x000000008bf00000, 0x000000008bf00000, 0x000000008c000000|  0%| F|  |TAMS 0x000000008bf00000, 0x000000008bf00000| Untracked 
| 192|0x000000008c000000, 0x000000008c000000, 0x000000008c100000|  0%| F|  |TAMS 0x000000008c000000, 0x000000008c000000| Untracked 
| 193|0x000000008c100000, 0x000000008c100000, 0x000000008c200000|  0%| F|  |TAMS 0x000000008c100000, 0x000000008c100000| Untracked 
| 194|0x000000008c200000, 0x000000008c200000, 0x000000008c300000|  0%| F|  |TAMS 0x000000008c200000, 0x000000008c200000| Untracked 
| 195|0x000000008c300000, 0x000000008c300000, 0x000000008c400000|  0%| F|  |TAMS 0x000000008c300000, 0x000000008c300000| Untracked 
| 196|0x000000008c400000, 0x000000008c400000, 0x000000008c500000|  0%| F|  |TAMS 0x000000008c400000, 0x000000008c400000| Untracked 
| 197|0x000000008c500000, 0x000000008c500000, 0x000000008c600000|  0%| F|  |TAMS 0x000000008c500000, 0x000000008c500000| Untracked 
| 198|0x000000008c600000, 0x000000008c600000, 0x000000008c700000|  0%| F|  |TAMS 0x000000008c600000, 0x000000008c600000| Untracked 
| 199|0x000000008c700000, 0x000000008c700000, 0x000000008c800000|  0%| F|  |TAMS 0x000000008c700000, 0x000000008c700000| Untracked 
| 200|0x000000008c800000, 0x000000008c800000, 0x000000008c900000|  0%| F|  |TAMS 0x000000008c800000, 0x000000008c800000| Untracked 
| 201|0x000000008c900000, 0x000000008c900000, 0x000000008ca00000|  0%| F|  |TAMS 0x000000008c900000, 0x000000008c900000| Untracked 
| 202|0x000000008ca00000, 0x000000008ca00000, 0x000000008cb00000|  0%| F|  |TAMS 0x000000008ca00000, 0x000000008ca00000| Untracked 
| 203|0x000000008cb00000, 0x000000008cb00000, 0x000000008cc00000|  0%| F|  |TAMS 0x000000008cb00000, 0x000000008cb00000| Untracked 
| 204|0x000000008cc00000, 0x000000008cc00000, 0x000000008cd00000|  0%| F|  |TAMS 0x000000008cc00000, 0x000000008cc00000| Untracked 
| 205|0x000000008cd00000, 0x000000008cd00000, 0x000000008ce00000|  0%| F|  |TAMS 0x000000008cd00000, 0x000000008cd00000| Untracked 
| 206|0x000000008ce00000, 0x000000008ce00000, 0x000000008cf00000|  0%| F|  |TAMS 0x000000008ce00000, 0x000000008ce00000| Untracked 
| 207|0x000000008cf00000, 0x000000008cf00000, 0x000000008d000000|  0%| F|  |TAMS 0x000000008cf00000, 0x000000008cf00000| Untracked 
| 208|0x000000008d000000, 0x000000008d000000, 0x000000008d100000|  0%| F|  |TAMS 0x000000008d000000, 0x000000008d000000| Untracked 
| 209|0x000000008d100000, 0x000000008d100000, 0x000000008d200000|  0%| F|  |TAMS 0x000000008d100000, 0x000000008d100000| Untracked 
| 210|0x000000008d200000, 0x000000008d200000, 0x000000008d300000|  0%| F|  |TAMS 0x000000008d200000, 0x000000008d200000| Untracked 
| 211|0x000000008d300000, 0x000000008d300000, 0x000000008d400000|  0%| F|  |TAMS 0x000000008d300000, 0x000000008d300000| Untracked 
| 212|0x000000008d400000, 0x000000008d400000, 0x000000008d500000|  0%| F|  |TAMS 0x000000008d400000, 0x000000008d400000| Untracked 
| 213|0x000000008d500000, 0x000000008d500000, 0x000000008d600000|  0%| F|  |TAMS 0x000000008d500000, 0x000000008d500000| Untracked 
| 214|0x000000008d600000, 0x000000008d600000, 0x000000008d700000|  0%| F|  |TAMS 0x000000008d600000, 0x000000008d600000| Untracked 
| 215|0x000000008d700000, 0x000000008d700000, 0x000000008d800000|  0%| F|  |TAMS 0x000000008d700000, 0x000000008d700000| Untracked 
| 216|0x000000008d800000, 0x000000008d800000, 0x000000008d900000|  0%| F|  |TAMS 0x000000008d800000, 0x000000008d800000| Untracked 
| 217|0x000000008d900000, 0x000000008d900000, 0x000000008da00000|  0%| F|  |TAMS 0x000000008d900000, 0x000000008d900000| Untracked 
| 218|0x000000008da00000, 0x000000008da00000, 0x000000008db00000|  0%| F|  |TAMS 0x000000008da00000, 0x000000008da00000| Untracked 
| 219|0x000000008db00000, 0x000000008db00000, 0x000000008dc00000|  0%| F|  |TAMS 0x000000008db00000, 0x000000008db00000| Untracked 
| 220|0x000000008dc00000, 0x000000008dc00000, 0x000000008dd00000|  0%| F|  |TAMS 0x000000008dc00000, 0x000000008dc00000| Untracked 
| 221|0x000000008dd00000, 0x000000008dd00000, 0x000000008de00000|  0%| F|  |TAMS 0x000000008dd00000, 0x000000008dd00000| Untracked 

Card table byte_map: [0x0000026f6f9a0000,0x0000026f6fda0000] _byte_map_base: 0x0000026f6f5a0000

Marking Bits (Prev, Next): (CMBitMap*) 0x0000026f5c4a0540, (CMBitMap*) 0x0000026f5c4a0508
 Prev Bits: [0x0000026f721a0000, 0x0000026f741a0000)
 Next Bits: [0x0000026f701a0000, 0x0000026f721a0000)

Polling page: 0x0000026f5aaf0000

Metaspace:

Usage:
  Non-class:     81.82 MB capacity,    80.22 MB ( 98%) used,     1.36 MB (  2%) free+waste,   254.25 KB ( <1%) overhead. 
      Class:     12.57 MB capacity,    11.73 MB ( 93%) used,   746.18 KB (  6%) free+waste,   117.50 KB ( <1%) overhead. 
       Both:     94.40 MB capacity,    91.95 MB ( 97%) used,     2.09 MB (  2%) free+waste,   371.75 KB ( <1%) overhead. 

Virtual space:
  Non-class space:       82.00 MB reserved,      81.92 MB (>99%) committed 
      Class space:        1.00 GB reserved,      12.63 MB (  1%) committed 
             Both:        1.08 GB reserved,      94.55 MB (  9%) committed 

Chunk freelists:
   Non-Class:  0 bytes
       Class:  0 bytes
        Both:  0 bytes

MaxMetaspaceSize: 17179869184.00 GB
CompressedClassSpaceSize: 1.00 GB
Initial GC threshold: 20.80 MB
Current GC threshold: 153.41 MB
CDS: off

CodeHeap 'non-profiled nmethods': size=120064Kb used=5623Kb max_used=5623Kb free=114440Kb
 bounds [0x0000026f67a40000, 0x0000026f67fc0000, 0x0000026f6ef80000]
CodeHeap 'profiled nmethods': size=120000Kb used=20494Kb max_used=20494Kb free=99505Kb
 bounds [0x0000026f60510000, 0x0000026f61920000, 0x0000026f67a40000]
CodeHeap 'non-nmethods': size=5696Kb used=2400Kb max_used=2458Kb free=3295Kb
 bounds [0x0000026f5ff80000, 0x0000026f601f0000, 0x0000026f60510000]
 total_blobs=10320 nmethods=9398 adapters=833
 compilation: enabled
              stopped_count=0, restarted_count=0
 full_count=0

Compilation events (20 events):
Event: 32.983 Thread 0x0000026f767c1800 nmethod 9511 0x0000026f61910010 code [0x0000026f61910200, 0x0000026f619106c8]
Event: 32.983 Thread 0x0000026f767c1800 9512       3       java.util.Collections::binarySearch (43 bytes)
Event: 32.984 Thread 0x0000026f767c1800 nmethod 9512 0x0000026f61910890 code [0x0000026f61910ac0, 0x0000026f619111d8]
Event: 32.985 Thread 0x0000026f767c1800 9513       1       com.google.common.collect.MapMakerInternalMap$WeakKeyDummyValueSegment::access$200 (5 bytes)
Event: 32.986 Thread 0x0000026f767c1800 nmethod 9513 0x0000026f67fbdc10 code [0x0000026f67fbddc0, 0x0000026f67fbde58]
Event: 32.986 Thread 0x0000026f767c1800 9514       3       com.google.common.collect.MapMakerInternalMap$WeakKeyDummyValueSegment::self (5 bytes)
Event: 32.986 Thread 0x0000026f767c1800 nmethod 9514 0x0000026f61911390 code [0x0000026f61911540, 0x0000026f61911698]
Event: 32.986 Thread 0x0000026f767c1800 9517       3       java.util.ArrayDeque::nonNullElementAt (18 bytes)
Event: 32.986 Thread 0x0000026f767c1800 nmethod 9517 0x0000026f61911790 code [0x0000026f61911960, 0x0000026f61911b68]
Event: 32.986 Thread 0x0000026f767c1800 9515       3       com.google.common.collect.MapMakerInternalMap$WeakKeyDummyValueSegment::self (2 bytes)
Event: 32.987 Thread 0x0000026f767c1800 nmethod 9515 0x0000026f61911c90 code [0x0000026f61911e40, 0x0000026f61911f38]
Event: 32.987 Thread 0x0000026f767c1800 9519       3       com.esotericsoftware.kryo.io.Input::readBytes (93 bytes)
Event: 32.988 Thread 0x0000026f767c1800 nmethod 9519 0x0000026f61912010 code [0x0000026f61912220, 0x0000026f619127c8]
Event: 32.988 Thread 0x0000026f767c1800 9521       3       org.gradle.internal.snapshot.RegularFileSnapshot::<init> (25 bytes)
Event: 32.988 Thread 0x0000026f767c1800 nmethod 9521 0x0000026f61912990 code [0x0000026f61912b60, 0x0000026f61912f58]
Event: 32.988 Thread 0x0000026f767c1800 9520       3       java.util.ArrayDeque$DeqIterator::hasNext (13 bytes)
Event: 32.989 Thread 0x0000026f767c1800 nmethod 9520 0x0000026f61913090 code [0x0000026f61913240, 0x0000026f61913398]
Event: 32.989 Thread 0x0000026f767c1800 9524       3       org.gradle.api.internal.cache.StringInterner::intern (20 bytes)
Event: 32.989 Thread 0x0000026f767c1800 nmethod 9524 0x0000026f61913410 code [0x0000026f619135e0, 0x0000026f619138e8]
Event: 32.989 Thread 0x0000026f767c1800 9525       3       com.google.common.collect.Interners$InternerImpl::intern (50 bytes)

GC Heap History (20 events):
Event: 22.114 GC heap after
{Heap after GC invocations=19 (full 0):
 garbage-first heap   total 189440K, used 99568K [0x0000000080000000, 0x0000000100000000)
  region size 1024K, 7 young (7168K), 7 survivors (7168K)
 Metaspace       used 67154K, capacity 69018K, committed 69296K, reserved 1110016K
  class space    used 8459K, capacity 9103K, committed 9216K, reserved 1048576K
}
Event: 22.254 GC heap before
{Heap before GC invocations=19 (full 0):
 garbage-first heap   total 189440K, used 104688K [0x0000000080000000, 0x0000000100000000)
  region size 1024K, 13 young (13312K), 7 survivors (7168K)
 Metaspace       used 67544K, capacity 69408K, committed 69552K, reserved 1110016K
  class space    used 8523K, capacity 9168K, committed 9216K, reserved 1048576K
}
Event: 22.273 GC heap after
{Heap after GC invocations=20 (full 0):
 garbage-first heap   total 189440K, used 100095K [0x0000000080000000, 0x0000000100000000)
  region size 1024K, 1 young (1024K), 1 survivors (1024K)
 Metaspace       used 67544K, capacity 69408K, committed 69552K, reserved 1110016K
  class space    used 8523K, capacity 9168K, committed 9216K, reserved 1048576K
}
Event: 23.167 GC heap before
{Heap before GC invocations=21 (full 0):
 garbage-first heap   total 189440K, used 145151K [0x0000000080000000, 0x0000000100000000)
  region size 1024K, 44 young (45056K), 1 survivors (1024K)
 Metaspace       used 68621K, capacity 70624K, committed 70832K, reserved 1110016K
  class space    used 8686K, capacity 9354K, committed 9472K, reserved 1048576K
}
Event: 23.182 GC heap after
{Heap after GC invocations=22 (full 0):
 garbage-first heap   total 189440K, used 102529K [0x0000000080000000, 0x0000000100000000)
  region size 1024K, 4 young (4096K), 4 survivors (4096K)
 Metaspace       used 68621K, capacity 70624K, committed 70832K, reserved 1110016K
  class space    used 8686K, capacity 9354K, committed 9472K, reserved 1048576K
}
Event: 24.339 GC heap before
{Heap before GC invocations=22 (full 0):
 garbage-first heap   total 189440K, used 146561K [0x0000000080000000, 0x0000000100000000)
  region size 1024K, 47 young (48128K), 4 survivors (4096K)
 Metaspace       used 72057K, capacity 74051K, committed 74160K, reserved 1114112K
  class space    used 9198K, capacity 9899K, committed 9984K, reserved 1048576K
}
Event: 24.360 GC heap after
{Heap after GC invocations=23 (full 0):
 garbage-first heap   total 189440K, used 105012K [0x0000000080000000, 0x0000000100000000)
  region size 1024K, 6 young (6144K), 6 survivors (6144K)
 Metaspace       used 72057K, capacity 74051K, committed 74160K, reserved 1114112K
  class space    used 9198K, capacity 9899K, committed 9984K, reserved 1048576K
}
Event: 25.491 GC heap before
{Heap before GC invocations=24 (full 0):
 garbage-first heap   total 189440K, used 150068K [0x0000000080000000, 0x0000000100000000)
  region size 1024K, 50 young (51200K), 6 survivors (6144K)
 Metaspace       used 74854K, capacity 76875K, committed 76976K, reserved 1116160K
  class space    used 9665K, capacity 10405K, committed 10496K, reserved 1048576K
}
Event: 25.516 GC heap after
{Heap after GC invocations=25 (full 0):
 garbage-first heap   total 227328K, used 108471K [0x0000000080000000, 0x0000000100000000)
  region size 1024K, 6 young (6144K), 6 survivors (6144K)
 Metaspace       used 74854K, capacity 76875K, committed 76976K, reserved 1116160K
  class space    used 9665K, capacity 10405K, committed 10496K, reserved 1048576K
}
Event: 26.396 GC heap before
{Heap before GC invocations=25 (full 0):
 garbage-first heap   total 227328K, used 148407K [0x0000000080000000, 0x0000000100000000)
  region size 1024K, 47 young (48128K), 6 survivors (6144K)
 Metaspace       used 77786K, capacity 79780K, committed 79920K, reserved 1118208K
  class space    used 9950K, capacity 10600K, committed 10624K, reserved 1048576K
}
Event: 26.430 GC heap after
{Heap after GC invocations=26 (full 0):
 garbage-first heap   total 227328K, used 112750K [0x0000000080000000, 0x0000000100000000)
  region size 1024K, 8 young (8192K), 8 survivors (8192K)
 Metaspace       used 77786K, capacity 79780K, committed 79920K, reserved 1118208K
  class space    used 9950K, capacity 10600K, committed 10624K, reserved 1048576K
}
Event: 28.102 GC heap before
{Heap before GC invocations=27 (full 0):
 garbage-first heap   total 227328K, used 191598K [0x0000000080000000, 0x0000000100000000)
  region size 1024K, 68 young (69632K), 8 survivors (8192K)
 Metaspace       used 80583K, capacity 82873K, committed 83120K, reserved 1122304K
  class space    used 10340K, capacity 11148K, committed 11264K, reserved 1048576K
}
Event: 28.128 GC heap after
{Heap after GC invocations=28 (full 0):
 garbage-first heap   total 227328K, used 137443K [0x0000000080000000, 0x0000000100000000)
  region size 1024K, 9 young (9216K), 9 survivors (9216K)
 Metaspace       used 80583K, capacity 82873K, committed 83120K, reserved 1122304K
  class space    used 10340K, capacity 11148K, committed 11264K, reserved 1048576K
}
Event: 28.447 GC heap before
{Heap before GC invocations=28 (full 0):
 garbage-first heap   total 227328K, used 164067K [0x0000000080000000, 0x0000000100000000)
  region size 1024K, 36 young (36864K), 9 survivors (9216K)
 Metaspace       used 81776K, capacity 84011K, committed 84144K, reserved 1122304K
  class space    used 10471K, capacity 11247K, committed 11264K, reserved 1048576K
}
Event: 28.463 GC heap after
{Heap after GC invocations=29 (full 0):
 garbage-first heap   total 227328K, used 139025K [0x0000000080000000, 0x0000000100000000)
  region size 1024K, 2 young (2048K), 2 survivors (2048K)
 Metaspace       used 81776K, capacity 84011K, committed 84144K, reserved 1122304K
  class space    used 10471K, capacity 11247K, committed 11264K, reserved 1048576K
}
Event: 29.804 GC heap before
{Heap before GC invocations=30 (full 0):
 garbage-first heap   total 227328K, used 179985K [0x0000000080000000, 0x0000000100000000)
  region size 1024K, 41 young (41984K), 2 survivors (2048K)
 Metaspace       used 86512K, capacity 88845K, committed 89136K, reserved 1126400K
  class space    used 11061K, capacity 11846K, committed 11904K, reserved 1048576K
}
Event: 29.818 GC heap after
{Heap after GC invocations=31 (full 0):
 garbage-first heap   total 227328K, used 139238K [0x0000000080000000, 0x0000000100000000)
  region size 1024K, 2 young (2048K), 2 survivors (2048K)
 Metaspace       used 86512K, capacity 88845K, committed 89136K, reserved 1126400K
  class space    used 11061K, capacity 11846K, committed 11904K, reserved 1048576K
}
Event: 31.033 GC heap before
{Heap before GC invocations=31 (full 0):
 garbage-first heap   total 227328K, used 181222K [0x0000000080000000, 0x0000000100000000)
  region size 1024K, 43 young (44032K), 2 survivors (2048K)
 Metaspace       used 90664K, capacity 93094K, committed 93360K, reserved 1130496K
  class space    used 11598K, capacity 12417K, committed 12544K, reserved 1048576K
}
Event: 31.051 GC heap after
{Heap after GC invocations=32 (full 0):
 garbage-first heap   total 227328K, used 141903K [0x0000000080000000, 0x0000000100000000)
  region size 1024K, 5 young (5120K), 5 survivors (5120K)
 Metaspace       used 90664K, capacity 93094K, committed 93360K, reserved 1130496K
  class space    used 11598K, capacity 12417K, committed 12544K, reserved 1048576K
}
Event: 32.991 GC heap before
{Heap before GC invocations=33 (full 0):
 garbage-first heap   total 227328K, used 183887K [0x0000000080000000, 0x0000000100000000)
  region size 1024K, 46 young (47104K), 5 survivors (5120K)
 Metaspace       used 94152K, capacity 96661K, committed 96816K, reserved 1132544K
  class space    used 12010K, capacity 12874K, committed 12928K, reserved 1048576K
}

Deoptimization events (20 events):
Event: 31.987 Thread 0x0000026f777ff000 DEOPT PACKING pc=0x0000026f67edbbe8 sp=0x000000f2212fe300
Event: 31.987 Thread 0x0000026f777ff000 DEOPT UNPACKING pc=0x0000026f5ffca1af sp=0x000000f2212fe238 mode 2
Event: 32.002 Thread 0x0000026f777ff000 Uncommon trap: trap_request=0xffffff4d fr.pc=0x0000026f67ed8fe8 relative=0x0000000000001388
Event: 32.002 Thread 0x0000026f777ff000 Uncommon trap: reason=unstable_if action=reinterpret pc=0x0000026f67ed8fe8 method=com.esotericsoftware.kryo.io.Input.readString()Ljava/lang/String; @ 38 c2
Event: 32.002 Thread 0x0000026f777ff000 DEOPT PACKING pc=0x0000026f67ed8fe8 sp=0x000000f2212fe290
Event: 32.002 Thread 0x0000026f777ff000 DEOPT UNPACKING pc=0x0000026f5ffca1af sp=0x000000f2212fe228 mode 2
Event: 32.680 Thread 0x0000026f78eda800 Uncommon trap: trap_request=0xffffffc6 fr.pc=0x0000026f67eeb334 relative=0x0000000000000174
Event: 32.680 Thread 0x0000026f78eda800 Uncommon trap: reason=bimorphic_or_optimized_type_check action=maybe_recompile pc=0x0000026f67eeb334 method=com.google.common.collect.ImmutableList.hashCode()I @ 23 c2
Event: 32.680 Thread 0x0000026f78eda800 DEOPT PACKING pc=0x0000026f67eeb334 sp=0x000000f2203f83c0
Event: 32.680 Thread 0x0000026f78eda800 DEOPT UNPACKING pc=0x0000026f5ffca1af sp=0x000000f2203f8348 mode 2
Event: 32.705 Thread 0x0000026f78eda800 Uncommon trap: trap_request=0xffffff4d fr.pc=0x0000026f67f93618 relative=0x00000000000014b8
Event: 32.705 Thread 0x0000026f78eda800 Uncommon trap: reason=unstable_if action=reinterpret pc=0x0000026f67f93618 method=com.esotericsoftware.kryo.io.Input.readAscii()Ljava/lang/String; @ 23 c2
Event: 32.705 Thread 0x0000026f78eda800 DEOPT PACKING pc=0x0000026f67f93618 sp=0x000000f2203f7e70
Event: 32.705 Thread 0x0000026f78eda800 DEOPT UNPACKING pc=0x0000026f5ffca1af sp=0x000000f2203f7dc8 mode 2
Event: 32.839 Thread 0x0000026f78eda800 Uncommon trap: trap_request=0xffffffc6 fr.pc=0x0000026f67eeb334 relative=0x0000000000000174
Event: 32.839 Thread 0x0000026f78eda800 Uncommon trap: reason=bimorphic_or_optimized_type_check action=maybe_recompile pc=0x0000026f67eeb334 method=com.google.common.collect.ImmutableList.hashCode()I @ 23 c2
Event: 32.839 Thread 0x0000026f78eda800 DEOPT PACKING pc=0x0000026f67eeb334 sp=0x000000f2203f93e0
Event: 32.839 Thread 0x0000026f78eda800 DEOPT UNPACKING pc=0x0000026f5ffca1af sp=0x000000f2203f9368 mode 2
Event: 32.978 Thread 0x0000026f78eda800 DEOPT PACKING pc=0x0000026f616d2644 sp=0x000000f2203f7c40
Event: 32.978 Thread 0x0000026f78eda800 DEOPT UNPACKING pc=0x0000026f5ffca95e sp=0x000000f2203f71e0 mode 0

Classes redefined (0 events):
No events

Internal exceptions (20 events):
Event: 30.068 Thread 0x0000026f78eda800 Exception <a 'sun/nio/fs/WindowsException'{0x000000008d805170}> (0x000000008d805170) thrown at [./src/hotspot/share/prims/jni.cpp, line 616]
Event: 30.069 Thread 0x0000026f78eda800 Exception <a 'sun/nio/fs/WindowsException'{0x000000008d806578}> (0x000000008d806578) thrown at [./src/hotspot/share/prims/jni.cpp, line 616]
Event: 30.069 Thread 0x0000026f78eda800 Exception <a 'sun/nio/fs/WindowsException'{0x000000008d807980}> (0x000000008d807980) thrown at [./src/hotspot/share/prims/jni.cpp, line 616]
Event: 30.394 Thread 0x0000026f78eda800 Exception <a 'java/lang/ClassNotFoundException'{0x000000008cdab828}: com/google/gms/googleservices/GoogleServicesTask_DecoratedBeanInfo> (0x000000008cdab828) thrown at [./src/hotspot/share/classfile/systemDictionary.cpp, line 231]
Event: 30.395 Thread 0x0000026f78eda800 Exception <a 'java/lang/ClassNotFoundException'{0x000000008cdc7f28}: com/google/gms/googleservices/GoogleServicesTask_DecoratedCustomizer> (0x000000008cdc7f28) thrown at [./src/hotspot/share/classfile/systemDictionary.cpp, line 231]
Event: 30.403 Thread 0x0000026f78eda800 Exception <a 'java/lang/ClassNotFoundException'{0x000000008cc432c0}: org/gradle/api/internal/file/DefaultFilePropertyFactory$DefaultDirectoryVarBeanInfo> (0x000000008cc432c0) thrown at [./src/hotspot/share/classfile/systemDictionary.cpp, line 231]
Event: 30.405 Thread 0x0000026f78eda800 Exception <a 'java/lang/ClassNotFoundException'{0x000000008cc5f738}: org/gradle/api/internal/file/DefaultFilePropertyFactory$AbstractFileVarBeanInfo> (0x000000008cc5f738) thrown at [./src/hotspot/share/classfile/systemDictionary.cpp, line 231]
Event: 30.406 Thread 0x0000026f78eda800 Exception <a 'java/lang/ClassNotFoundException'{0x000000008cc7bc00}: org/gradle/api/internal/file/DefaultFilePropertyFactory$AbstractFileVarCustomizer> (0x000000008cc7bc00) thrown at [./src/hotspot/share/classfile/systemDictionary.cpp, line 231]
Event: 30.411 Thread 0x0000026f78eda800 Exception <a 'java/lang/ClassNotFoundException'{0x000000008ccd87d0}: org/gradle/api/internal/file/DefaultFilePropertyFactory$DefaultDirectoryVarCustomizer> (0x000000008ccd87d0) thrown at [./src/hotspot/share/classfile/systemDictionary.cpp, line 231]
Event: 30.423 Thread 0x0000026f78eda800 Exception <a 'java/lang/ClassNotFoundException'{0x000000008cbcda28}: org/gradle/api/internal/file/collections/DefaultConfigurableFileCollectionBeanInfo> (0x000000008cbcda28) thrown at [./src/hotspot/share/classfile/systemDictionary.cpp, line 231]
Event: 30.424 Thread 0x0000026f78eda800 Exception <a 'java/lang/ClassNotFoundException'{0x000000008cbe7618}: org/gradle/api/internal/file/CompositeFileCollectionBeanInfo> (0x000000008cbe7618) thrown at [./src/hotspot/share/classfile/systemDictionary.cpp, line 231]
Event: 30.425 Thread 0x0000026f78eda800 Exception <a 'java/lang/ClassNotFoundException'{0x000000008ca01830}: org/gradle/api/internal/file/CompositeFileCollectionCustomizer> (0x000000008ca01830) thrown at [./src/hotspot/share/classfile/systemDictionary.cpp, line 231]
Event: 30.426 Thread 0x0000026f78eda800 Exception <a 'java/lang/ClassNotFoundException'{0x000000008ca27290}: org/gradle/api/internal/file/collections/DefaultConfigurableFileCollectionCustomizer> (0x000000008ca27290) thrown at [./src/hotspot/share/classfile/systemDictionary.cpp, line 231]
Event: 30.444 Thread 0x0000026f78eda800 Exception <a 'java/lang/NoSuchMethodError'{0x000000008ca82f28}: 'int java.lang.invoke.DirectMethodHandle$Holder.invokeSpecialIFC(java.lang.Object, java.lang.Object, java.lang.Object)'> (0x000000008ca82f28) thrown at [./src/hotspot/share/interpreter/linkResolver.cpp, line 773]
Event: 30.543 Thread 0x0000026f78eda800 Exception <a 'java/lang/NoSuchMethodError'{0x000000008c790388}: 'java.lang.Object java.lang.invoke.Invokers$Holder.linkToTargetMethod(java.lang.Object, java.lang.Object, java.lang.Object, int, java.lang.Object, java.lang.Object)'> (0x000000008c790388) thrown at [./src/hotspot/share/interpreter/linkResolver.cpp, line 773]
Event: 30.952 Thread 0x0000026f78eda800 Exception <a 'java/lang/NoSuchMethodError'{0x000000008b8d86b8}: 'void java.lang.invoke.DirectMethodHandle$Holder.invokeStatic(java.lang.Object, java.lang.Object, java.lang.Object, java.lang.Object, int, java.lang.Object, java.lang.Object)'> (0x000000008b8d86b8) thrown at [./src/hotspot/share/interpreter/linkResolver.cpp, line 773]
Event: 30.991 Thread 0x0000026f78eda800 Exception <a 'java/lang/IncompatibleClassChangeError'{0x000000008b690c08}: Found class java.lang.Object, but interface was expected> (0x000000008b690c08) thrown at [./src/hotspot/share/interpreter/linkResolver.cpp, line 839]
Event: 31.094 Thread 0x0000026f7780a000 Exception <a 'java/lang/IncompatibleClassChangeError'{0x000000008ddf45e0}: Found class java.lang.Object, but interface was expected> (0x000000008ddf45e0) thrown at [./src/hotspot/share/interpreter/linkResolver.cpp, line 839]
Event: 31.150 Thread 0x0000026f7780a000 Exception <a 'java/lang/NoSuchMethodError'{0x000000008dbbb460}: 'int java.lang.invoke.DirectMethodHandle$Holder.invokeStaticInit(java.lang.Object, java.lang.Object, java.lang.Object, java.lang.Object, java.lang.Object)'> (0x000000008dbbb460) thrown at [./src/hotspot/share/interpreter/linkResolver.cpp, line 773]
Event: 32.957 Thread 0x0000026f77805800 Exception <a 'java/lang/NoSuchMethodError'{0x000000008b7edcd8}: 'java.lang.Object java.lang.invoke.DirectMethodHandle$Holder.invokeSpecialIFC(java.lang.Object, java.lang.Object, java.lang.Object)'> (0x000000008b7edcd8) thrown at [./src/hotspot/share/interpreter/linkResolver.cpp, line 773]

Events (20 events):
Event: 32.979 loading class org/gradle/api/internal/artifacts/transform/TransformationResult$Builder$TransformationOutput done
Event: 32.979 loading class com/google/common/collect/ImmutableList$Builder
Event: 32.979 loading class com/google/common/collect/ImmutableList$Builder done
Event: 32.979 loading class com/google/common/collect/ImmutableList$Builder
Event: 32.979 loading class com/google/common/collect/ImmutableList$Builder done
Event: 32.979 loading class com/google/common/collect/ImmutableList$Builder
Event: 32.979 loading class com/google/common/collect/ImmutableList$Builder done
Event: 32.979 loading class com/google/common/collect/ImmutableList$Builder
Event: 32.979 loading class com/google/common/collect/ImmutableList$Builder done
Event: 32.980 loading class com/google/common/collect/ImmutableList$Builder
Event: 32.980 loading class com/google/common/collect/ImmutableList$Builder done
Event: 32.981 loading class org/gradle/internal/Try
Event: 32.981 loading class org/gradle/internal/Try done
Event: 32.981 loading class org/gradle/internal/Try
Event: 32.981 loading class org/gradle/internal/Try done
Event: 32.981 loading class org/gradle/internal/Try
Event: 32.981 loading class org/gradle/internal/Try done
Event: 32.981 loading class org/gradle/internal/Try
Event: 32.981 loading class org/gradle/internal/Try done
Event: 32.990 Executing VM operation: G1CollectForAllocation


Dynamic libraries:
0x00007ff7c6db0000 - 0x00007ff7c6dba000 	C:\Program Files\Android\Android Studio\jre\bin\java.exe
0x00007ffd17e70000 - 0x00007ffd18068000 	C:\WINDOWS\SYSTEM32\ntdll.dll
0x00007ffd162b0000 - 0x00007ffd1636d000 	C:\WINDOWS\System32\KERNEL32.DLL
0x00007ffd15a40000 - 0x00007ffd15d36000 	C:\WINDOWS\System32\KERNELBASE.dll
0x00007ffd15940000 - 0x00007ffd15a40000 	C:\WINDOWS\System32\ucrtbase.dll
0x00007ffd103d0000 - 0x00007ffd103e9000 	C:\Program Files\Android\Android Studio\jre\bin\jli.dll
0x00007ffd16fc0000 - 0x00007ffd1715e000 	C:\WINDOWS\System32\USER32.dll
0x00007ffd0f3a0000 - 0x00007ffd0f3b7000 	C:\Program Files\Android\Android Studio\jre\bin\VCRUNTIME140.dll
0x00007ffd15600000 - 0x00007ffd15622000 	C:\WINDOWS\System32\win32u.dll
0x00007ffd16280000 - 0x00007ffd162ac000 	C:\WINDOWS\System32\GDI32.dll
0x00007ffcfb0a0000 - 0x00007ffcfb33a000 	C:\WINDOWS\WinSxS\amd64_microsoft.windows.common-controls_6595b64144ccf1df_6.0.19041.3636_none_60b6a03d71f818d5\COMCTL32.dll
0x00007ffd15d40000 - 0x00007ffd15e5a000 	C:\WINDOWS\System32\gdi32full.dll
0x00007ffd16a80000 - 0x00007ffd16b1e000 	C:\WINDOWS\System32\msvcrt.dll
0x00007ffd158a0000 - 0x00007ffd1593d000 	C:\WINDOWS\System32\msvcp_win.dll
0x00007ffd176b0000 - 0x00007ffd176e0000 	C:\WINDOWS\System32\IMM32.DLL
0x00007ffcfbe50000 - 0x00007ffcfbeed000 	C:\Program Files\Android\Android Studio\jre\bin\msvcp140.dll
0x00007ffcbb750000 - 0x00007ffcbc252000 	C:\Program Files\Android\Android Studio\jre\bin\server\jvm.dll
0x00007ffd15ed0000 - 0x00007ffd15f7f000 	C:\WINDOWS\System32\ADVAPI32.dll
0x00007ffd16720000 - 0x00007ffd167bc000 	C:\WINDOWS\System32\sechost.dll
0x00007ffd16e80000 - 0x00007ffd16fa6000 	C:\WINDOWS\System32\RPCRT4.dll
0x00007ffd176a0000 - 0x00007ffd176a8000 	C:\WINDOWS\System32\PSAPI.DLL
0x00007ffcf5060000 - 0x00007ffcf5087000 	C:\WINDOWS\SYSTEM32\WINMM.dll
0x00007ffd00f80000 - 0x00007ffd00f89000 	C:\WINDOWS\SYSTEM32\WSOCK32.dll
0x00007ffd166b0000 - 0x00007ffd1671b000 	C:\WINDOWS\System32\WS2_32.dll
0x00007ffd0a220000 - 0x00007ffd0a22a000 	C:\WINDOWS\SYSTEM32\VERSION.dll
0x00007ffd13d80000 - 0x00007ffd13d92000 	C:\WINDOWS\SYSTEM32\kernel.appcore.dll
0x00007ffcbb730000 - 0x00007ffcbb741000 	C:\Program Files\Android\Android Studio\jre\bin\verify.dll
0x00007ffd13a90000 - 0x00007ffd13c74000 	C:\WINDOWS\SYSTEM32\DBGHELP.DLL
0x00007ffcfe220000 - 0x00007ffcfe254000 	C:\WINDOWS\SYSTEM32\dbgcore.DLL
0x00007ffd157e0000 - 0x00007ffd15862000 	C:\WINDOWS\System32\bcryptPrimitives.dll
0x00007ffcbb700000 - 0x00007ffcbb729000 	C:\Program Files\Android\Android Studio\jre\bin\java.dll
0x00007ffcc3130000 - 0x00007ffcc313b000 	C:\Program Files\Android\Android Studio\jre\bin\jimage.dll
0x00007ffcbb630000 - 0x00007ffcbb648000 	C:\Program Files\Android\Android Studio\jre\bin\zip.dll
0x00007ffd176e0000 - 0x00007ffd17e24000 	C:\WINDOWS\System32\SHELL32.dll
0x00007ffd13220000 - 0x00007ffd139bb000 	C:\WINDOWS\SYSTEM32\windows.storage.dll
0x00007ffd16b20000 - 0x00007ffd16e74000 	C:\WINDOWS\System32\combase.dll
0x00007ffd14ec0000 - 0x00007ffd14eed000 	C:\WINDOWS\SYSTEM32\Wldp.dll
0x00007ffd161c0000 - 0x00007ffd1626d000 	C:\WINDOWS\System32\SHCORE.dll
0x00007ffd16160000 - 0x00007ffd161b5000 	C:\WINDOWS\System32\shlwapi.dll
0x00007ffd15480000 - 0x00007ffd154a5000 	C:\WINDOWS\SYSTEM32\profapi.dll
0x00007ffcba680000 - 0x00007ffcba69a000 	C:\Program Files\Android\Android Studio\jre\bin\net.dll
0x00007ffd040e0000 - 0x00007ffd041ea000 	C:\WINDOWS\SYSTEM32\WINHTTP.dll
0x00007ffd14c20000 - 0x00007ffd14c8a000 	C:\WINDOWS\system32\mswsock.dll
0x00007ffcba650000 - 0x00007ffcba664000 	C:\Program Files\Android\Android Studio\jre\bin\nio.dll
0x00007ffd0d960000 - 0x00007ffd0d987000 	C:\Users\KELVIN KIMUTAI\.gradle\native\e1d6ef7f7dcc3fd88c89a11ec53ec762bb8ba0a96d01ffa2cd45eb1d1d8dd5c5\windows-amd64\native-platform.dll
0x00007ffcf1220000 - 0x00007ffcf1364000 	C:\Users\KELVIN KIMUTAI\.gradle\native\0d407fdbe67a94daf76414ababcb853783967236a71b16ec16e742cd7a986fd3\windows-amd64\native-platform-file-events.dll
0x00007ffcba6a0000 - 0x00007ffcba6aa000 	C:\Program Files\Android\Android Studio\jre\bin\management.dll
0x00007ffcba670000 - 0x00007ffcba67d000 	C:\Program Files\Android\Android Studio\jre\bin\management_ext.dll
0x00007ffd14e10000 - 0x00007ffd14e28000 	C:\WINDOWS\SYSTEM32\CRYPTSP.dll
0x00007ffd14550000 - 0x00007ffd14584000 	C:\WINDOWS\system32\rsaenh.dll
0x00007ffd15870000 - 0x00007ffd15897000 	C:\WINDOWS\System32\bcrypt.dll
0x00007ffd15440000 - 0x00007ffd1546e000 	C:\WINDOWS\SYSTEM32\USERENV.dll
0x00007ffd14e30000 - 0x00007ffd14e3c000 	C:\WINDOWS\SYSTEM32\CRYPTBASE.dll
0x00007ffd14910000 - 0x00007ffd1494b000 	C:\WINDOWS\SYSTEM32\IPHLPAPI.DLL
0x00007ffd16fb0000 - 0x00007ffd16fb8000 	C:\WINDOWS\System32\NSI.dll
0x00007ffd04ab0000 - 0x00007ffd04ac7000 	C:\WINDOWS\SYSTEM32\dhcpcsvc6.DLL
0x00007ffd05f20000 - 0x00007ffd05f3d000 	C:\WINDOWS\SYSTEM32\dhcpcsvc.DLL
0x00007ffd14950000 - 0x00007ffd14a1a000 	C:\WINDOWS\SYSTEM32\DNSAPI.dll

dbghelp: loaded successfully - version: 4.0.5 - missing functions: none
symbol engine: initialized successfully - sym options: 0x614 - pdb path: .;C:\Program Files\Android\Android Studio\jre\bin;C:\WINDOWS\SYSTEM32;C:\WINDOWS\WinSxS\amd64_microsoft.windows.common-controls_6595b64144ccf1df_6.0.19041.3636_none_60b6a03d71f818d5;C:\Program Files\Android\Android Studio\jre\bin\server;C:\Users\KELVIN KIMUTAI\.gradle\native\e1d6ef7f7dcc3fd88c89a11ec53ec762bb8ba0a96d01ffa2cd45eb1d1d8dd5c5\windows-amd64;C:\Users\KELVIN KIMUTAI\.gradle\native\0d407fdbe67a94daf76414ababcb853783967236a71b16ec16e742cd7a986fd3\windows-amd64

VM Arguments:
jvm_args: --add-opens=java.base/java.util=ALL-UNNAMED --add-opens=java.base/java.lang=ALL-UNNAMED --add-opens=java.base/java.lang.invoke=ALL-UNNAMED --add-opens=java.base/java.util=ALL-UNNAMED --add-opens=java.prefs/java.util.prefs=ALL-UNNAMED --add-opens=java.prefs/java.util.prefs=ALL-UNNAMED --add-opens=java.base/java.nio.charset=ALL-UNNAMED --add-opens=java.base/java.net=ALL-UNNAMED --add-opens=java.base/java.util.concurrent.atomic=ALL-UNNAMED -Xmx2048m -Dfile.encoding=UTF-8 -Duser.country=US -Duser.language=en -Duser.variant 
java_command: org.gradle.launcher.daemon.bootstrap.GradleDaemon 7.4
java_class_path (initial): C:\Users\KELVIN KIMUTAI\.gradle\wrapper\dists\gradle-7.4-bin\c0gwcg53nkjbqw7r0h0umtfvt\gradle-7.4\lib\gradle-launcher-7.4.jar
Launcher Type: SUN_STANDARD

[Global flags]
     intx CICompilerCount                          = 3                                         {product} {ergonomic}
     uint ConcGCThreads                            = 1                                         {product} {ergonomic}
     uint G1ConcRefinementThreads                  = 4                                         {product} {ergonomic}
   size_t G1HeapRegionSize                         = 1048576                                   {product} {ergonomic}
    uintx GCDrainStackTargetSize                   = 64                                        {product} {ergonomic}
   size_t InitialHeapSize                          = 134217728                                 {product} {ergonomic}
   size_t MarkStackSize                            = 4194304                                   {product} {ergonomic}
   size_t MaxHeapSize                              = 2147483648                                {product} {command line}
   size_t MaxNewSize                               = 1287651328                                {product} {ergonomic}
   size_t MinHeapDeltaBytes                        = 1048576                                   {product} {ergonomic}
    uintx NonNMethodCodeHeapSize                   = 5830732                                {pd product} {ergonomic}
    uintx NonProfiledCodeHeapSize                  = 122913754                              {pd product} {ergonomic}
    uintx ProfiledCodeHeapSize                     = 122913754                              {pd product} {ergonomic}
    uintx ReservedCodeCacheSize                    = 251658240                              {pd product} {ergonomic}
     bool SegmentedCodeCache                       = true                                      {product} {ergonomic}
     bool UseCompressedClassPointers               = true                                 {lp64_product} {ergonomic}
     bool UseCompressedOops                        = true                                 {lp64_product} {ergonomic}
     bool UseG1GC                                  = true                                      {product} {ergonomic}
     bool UseLargePagesIndividualAllocation        = false                                  {pd product} {ergonomic}

Logging:
Log output configuration:
 #0: stdout all=warning uptime,level,tags
 #1: stderr all=off uptime,level,tags

Environment Variables:
JAVA_HOME=C:\Users\KELVIN KIMUTAI\Documents\jdk-16\setup.jdk-16
PATH=C:\Program Files\Common Files\Oracle\Java\javapath;C:\Users\KELVIN KIMUTAI\Downloads\jdk-16_windows-x64_bin\jdk-16\bin;C:\WINDOWS;C:\WINDOWS\System32\Wbem;C:\WINDOWS\System32\WindowsPowerShell\v1.0\;C:\WINDOWS\System32\OpenSSH\;C:\Program Files\dotnet\;C:\WINDOWS\system32;C:\Program Files (x86)\Intel\Intel(R) Management Engine Components\DAL;C:\Program Files\Intel\Intel(R) Management Engine Components\DAL;C:\Program Files\Git\cmd;C:\Users\KELVIN KIMUTAI\AppData\Local\Microsoft\WindowsApps;C:\ProgramData\KELVIN KIMUTAI\GitHubDesktop\bin;C:\Users\KELVIN KIMUTAI\AppData\Local\GitHubDesktop\bin
USERNAME=KELVIN KIMUTAI
OS=Windows_NT
PROCESSOR_IDENTIFIER=Intel64 Family 6 Model 78 Stepping 3, GenuineIntel



---------------  S Y S T E M  ---------------

OS: Windows 10 , 64 bit Build 19041 (10.0.19041.3636)
OS uptime: 0 days 1:14 hours

CPU:total 4 (initial active 4) (2 cores per cpu, 2 threads per core) family 6 model 78 stepping 3 microcode 0xf0, cmov, cx8, fxsr, mmx, sse, sse2, sse3, ssse3, sse4.1, sse4.2, popcnt, avx, avx2, aes, clmul, erms, rtm, 3dnowpref, lzcnt, ht, tsc, tscinvbit, bmi1, bmi2, adx, fma

Memory: 4k page, system-wide physical 8083M (1006M free)
TotalPageFile size 9584M (AvailPageFile size 12M)
current process WorkingSet (physical memory assigned to process): 481M, peak: 485M
current process commit charge ("private bytes"): 514M, peak: 559M

vm_info: OpenJDK 64-Bit Server VM (11.0.13+0-b1751.21-8125866) for windows-amd64 JRE (11.0.13+0-b1751.21-8125866), built on Feb  2 2022 03:00:22 by "builder" with MS VC++ 14.0 (VS2015)

END.
