#
# There is insufficient memory for the Java Runtime Environment to continue.
# Native memory allocation (mmap) failed to map 47185920 bytes for Failed to commit area from 0x000000008de00000 to 0x0000000090b00000 of length 47185920.
# Possible reasons:
#   The system is out of physical RAM or swap space
#   The process is running with CompressedOops enabled, and the Java Heap may be blocking the growth of the native heap
# Possible solutions:
#   Reduce memory load on the system
#   Increase physical memory or swap space
#   Check if swap backing store is full
#   Decrease Java heap size (-Xmx/-Xms)
#   Decrease number of Java threads
#   Decrease Java thread stack sizes (-Xss)
#   Set larger code cache with -XX:ReservedCodeCacheSize=
#   JVM is running with Unscaled Compressed Oops mode in which the Java heap is
#     placed in the first 4GB address space. The Java Heap base address is the
#     maximum limit for the native heap growth. Please use -XX:HeapBaseMinAddress
#     to set the Java Heap base and to place the Java Heap above 4GB virtual address.
# This output file may be truncated or incomplete.
#
#  Out of Memory Error (./src/hotspot/os/windows/os_windows.cpp:3619), pid=6064, tid=15816
#
# JRE version: OpenJDK Runtime Environment (11.0.13) (build 11.0.13+0-b1751.21-8125866)
# Java VM: OpenJDK 64-Bit Server VM (11.0.13+0-b1751.21-8125866, mixed mode, tiered, compressed oops, g1 gc, windows-amd64)
# No core dump will be written. Minidumps are not enabled by default on client versions of Windows
#

---------------  S U M M A R Y ------------

Command Line: --add-opens=java.base/java.util=ALL-UNNAMED --add-opens=java.base/java.lang=ALL-UNNAMED --add-opens=java.base/java.lang.invoke=ALL-UNNAMED --add-opens=java.base/java.util=ALL-UNNAMED --add-opens=java.prefs/java.util.prefs=ALL-UNNAMED --add-opens=java.prefs/java.util.prefs=ALL-UNNAMED --add-opens=java.base/java.nio.charset=ALL-UNNAMED --add-opens=java.base/java.net=ALL-UNNAMED --add-opens=java.base/java.util.concurrent.atomic=ALL-UNNAMED -Xmx2048m -Dfile.encoding=UTF-8 -Duser.country=US -Duser.language=en -Duser.variant org.gradle.launcher.daemon.bootstrap.GradleDaemon 7.4

Host: Intel(R) Core(TM) i5-6300U CPU @ 2.40GHz, 4 cores, 7G,  Windows 10 , 64 bit Build 19041 (10.0.19041.3636)
Time: Fri Nov 17 09:55:26 2023 E. Africa Standard Time elapsed time: 28.649599 seconds (0d 0h 0m 28s)

---------------  T H R E A D  ---------------

Current thread (0x00000263ecafe000):  VMThread "VM Thread" [stack: 0x00000086f9600000,0x00000086f9700000] [id=15816]

Stack: [0x00000086f9600000,0x00000086f9700000]
[error occurred during error reporting (printing stack bounds), id 0xc0000005, EXCEPTION_ACCESS_VIOLATION (0xc0000005) at pc=0x00000263d6a2112d]

Native frames: (J=compiled Java code, j=interpreted, Vv=VM code, C=native code)
V  [jvm.dll+0x6100fa]
V  [jvm.dll+0x747090]
V  [jvm.dll+0x7486ad]
V  [jvm.dll+0x748ce5]
V  [jvm.dll+0x748c9b]
V  [jvm.dll+0x60f224]
V  [jvm.dll+0x60f9b8]
C  [ntdll.dll+0xa23af]
C  [ntdll.dll+0x514b4]
C  [ntdll.dll+0xa0ebe]
C  0x00000263d6a2112d

VM_Operation (0x00000086faaf7fd0): G1CollectForAllocation, mode: safepoint, requested by thread 0x00000263ee082800


---------------  P R O C E S S  ---------------

Threads class SMR info:
_java_thread_list=0x00000263f31e8e60, length=82, elements={
0x00000263d2eff000, 0x00000263ecb00800, 0x00000263ecb02000, 0x00000263ecb1d800,
0x00000263ecb1e800, 0x00000263ecb1f800, 0x00000263ecb22800, 0x00000263ecb31000,
0x00000263ecb3a800, 0x00000263ed5d1800, 0x00000263ef4aa000, 0x00000263ed84c800,
0x00000263f04b0800, 0x00000263ee872000, 0x00000263ee873000, 0x00000263f07aa000,
0x00000263ee082800, 0x00000263ee083000, 0x00000263ee252000, 0x00000263eda36000,
0x00000263efe01800, 0x00000263efe02000, 0x00000263efe03000, 0x00000263efe00800,
0x00000263efdff000, 0x00000263efdff800, 0x00000263efdfd800, 0x00000263efdfe000,
0x00000263efe04000, 0x00000263ee469800, 0x00000263ee46e000, 0x00000263ee46a800,
0x00000263ee469000, 0x00000263ee46b800, 0x00000263ee46c000, 0x00000263ee471000,
0x00000263ee472000, 0x00000263ee472800, 0x00000263ee46e800, 0x00000263ee474800,
0x00000263ee46f800, 0x00000263ee476000, 0x00000263ee475000, 0x00000263ee476800,
0x00000263f2d74800, 0x00000263f2d78800, 0x00000263f2d7a000, 0x00000263f2d7b000,
0x00000263f2d79000, 0x00000263f2d76800, 0x00000263f2d77800, 0x00000263f2d75000,
0x00000263f2d7b800, 0x00000263f2d76000, 0x00000263f2d7f800, 0x00000263f2d81800,
0x00000263f2d82000, 0x00000263f2d7f000, 0x00000263f2d80800, 0x00000263f2d7d000,
0x00000263f2d7e000, 0x00000263f2d7c800, 0x00000263f2d83000, 0x00000263f2e32000,
0x00000263f2e2e000, 0x00000263f2e2f800, 0x00000263f2e33800, 0x00000263f2e2f000,
0x00000263f2e36000, 0x00000263f2e31000, 0x00000263f2e30800, 0x00000263f2e38800,
0x00000263f2e38000, 0x00000263f2e33000, 0x00000263f2e39800, 0x00000263f2e3a000,
0x00000263f2e34800, 0x00000263ee893000, 0x00000263f2e35800, 0x00000263f2e3c800,
0x00000263f2e3b000, 0x00000263f6e5a800
}

Java Threads: ( => current thread )
  0x00000263d2eff000 JavaThread "main" [_thread_blocked, id=2024, stack(0x00000086f9000000,0x00000086f9100000)]
  0x00000263ecb00800 JavaThread "Reference Handler" daemon [_thread_blocked, id=11624, stack(0x00000086f9700000,0x00000086f9800000)]
  0x00000263ecb02000 JavaThread "Finalizer" daemon [_thread_blocked, id=13404, stack(0x00000086f9800000,0x00000086f9900000)]
  0x00000263ecb1d800 JavaThread "Signal Dispatcher" daemon [_thread_blocked, id=11732, stack(0x00000086f9900000,0x00000086f9a00000)]
  0x00000263ecb1e800 JavaThread "Attach Listener" daemon [_thread_blocked, id=10004, stack(0x00000086f9a00000,0x00000086f9b00000)]
  0x00000263ecb1f800 JavaThread "Service Thread" daemon [_thread_blocked, id=5924, stack(0x00000086f9b00000,0x00000086f9c00000)]
  0x00000263ecb22800 JavaThread "C2 CompilerThread0" daemon [_thread_blocked, id=8512, stack(0x00000086f9c00000,0x00000086f9d00000)]
  0x00000263ecb31000 JavaThread "C1 CompilerThread0" daemon [_thread_blocked, id=14316, stack(0x00000086f9d00000,0x00000086f9e00000)]
  0x00000263ecb3a800 JavaThread "Sweeper thread" daemon [_thread_blocked, id=11892, stack(0x00000086f9e00000,0x00000086f9f00000)]
  0x00000263ed5d1800 JavaThread "Common-Cleaner" daemon [_thread_blocked, id=10536, stack(0x00000086f9f00000,0x00000086fa000000)]
  0x00000263ef4aa000 JavaThread "Daemon health stats" [_thread_blocked, id=3828, stack(0x00000086fa400000,0x00000086fa500000)]
  0x00000263ed84c800 JavaThread "Incoming local TCP Connector on port 51279" [_thread_in_native, id=14844, stack(0x00000086fa100000,0x00000086fa200000)]
  0x00000263f04b0800 JavaThread "Daemon periodic checks" [_thread_blocked, id=7292, stack(0x00000086fa600000,0x00000086fa700000)]
  0x00000263ee872000 JavaThread "Daemon" [_thread_blocked, id=13052, stack(0x00000086fa700000,0x00000086fa800000)]
  0x00000263ee873000 JavaThread "Handler for socket connection from /127.0.0.1:51279 to /127.0.0.1:51280" [_thread_in_native, id=10556, stack(0x00000086fa800000,0x00000086fa900000)]
  0x00000263f07aa000 JavaThread "Cancel handler" [_thread_blocked, id=5440, stack(0x00000086fa900000,0x00000086faa00000)]
  0x00000263ee082800 JavaThread "Daemon worker" [_thread_blocked, id=15724, stack(0x00000086faa00000,0x00000086fab00000)]
  0x00000263ee083000 JavaThread "Asynchronous log dispatcher for DefaultDaemonConnection: socket connection from /127.0.0.1:51279 to /127.0.0.1:51280" [_thread_blocked, id=2972, stack(0x00000086fab00000,0x00000086fac00000)]
  0x00000263ee252000 JavaThread "Stdin handler" [_thread_blocked, id=5040, stack(0x00000086fac00000,0x00000086fad00000)]
  0x00000263eda36000 JavaThread "Daemon client event forwarder" [_thread_blocked, id=12640, stack(0x00000086fad00000,0x00000086fae00000)]
  0x00000263efe01800 JavaThread "Cache worker for journal cache (C:\Users\KELVIN KIMUTAI\.gradle\caches\journal-1)" [_thread_blocked, id=8680, stack(0x00000086faf00000,0x00000086fb000000)]
  0x00000263efe02000 JavaThread "File lock request listener" [_thread_in_native, id=7384, stack(0x00000086fb000000,0x00000086fb100000)]
  0x00000263efe03000 JavaThread "Cache worker for file hash cache (C:\Users\KELVIN KIMUTAI\.gradle\caches\7.4\fileHashes)" [_thread_blocked, id=5704, stack(0x00000086fb100000,0x00000086fb200000)]
  0x00000263efe00800 JavaThread "File watcher server" daemon [_thread_in_native, id=11356, stack(0x00000086fb200000,0x00000086fb300000)]
  0x00000263efdff000 JavaThread "File watcher consumer" daemon [_thread_blocked, id=1472, stack(0x00000086fb300000,0x00000086fb400000)]
  0x00000263efdff800 JavaThread "jar transforms" [_thread_blocked, id=6208, stack(0x00000086fb400000,0x00000086fb500000)]
  0x00000263efdfd800 JavaThread "jar transforms Thread 2" [_thread_blocked, id=16076, stack(0x00000086fb500000,0x00000086fb600000)]
  0x00000263efdfe000 JavaThread "jar transforms Thread 3" [_thread_blocked, id=3620, stack(0x00000086fb600000,0x00000086fb700000)]
  0x00000263efe04000 JavaThread "jar transforms Thread 4" [_thread_blocked, id=9136, stack(0x00000086fb700000,0x00000086fb800000)]
  0x00000263ee469800 JavaThread "Cache worker for checksums cache (C:\Users\KELVIN KIMUTAI\Documents\GitHub\AccidentDetectionAndAlert\.gradle\7.4\checksums)" [_thread_blocked, id=3084, stack(0x00000086fb800000,0x00000086fb900000)]
  0x00000263ee46e000 JavaThread "Cache worker for cache directory md-rule (C:\Users\KELVIN KIMUTAI\.gradle\caches\7.4\md-rule)" [_thread_blocked, id=4684, stack(0x00000086fb900000,0x00000086fba00000)]
  0x00000263ee46a800 JavaThread "Cache worker for file hash cache (C:\Users\KELVIN KIMUTAI\Documents\GitHub\AccidentDetectionAndAlert\.gradle\7.4\fileHashes)" [_thread_blocked, id=8628, stack(0x00000086fba00000,0x00000086fbb00000)]
  0x00000263ee469000 JavaThread "Cache worker for cache directory md-supplier (C:\Users\KELVIN KIMUTAI\.gradle\caches\7.4\md-supplier)" [_thread_blocked, id=3044, stack(0x00000086fbb00000,0x00000086fbc00000)]
  0x00000263ee46b800 JavaThread "Cache worker for execution history cache (C:\Users\KELVIN KIMUTAI\.gradle\caches\7.4\executionHistory)" [_thread_blocked, id=6708, stack(0x00000086fbc00000,0x00000086fbd00000)]
  0x00000263ee46c000 JavaThread "Cache worker for file content cache (C:\Users\KELVIN KIMUTAI\.gradle\caches\7.4\fileContent)" [_thread_blocked, id=15676, stack(0x00000086fbd00000,0x00000086fbe00000)]
  0x00000263ee471000 JavaThread "Cache worker for dependencies-accessors (C:\Users\KELVIN KIMUTAI\Documents\GitHub\AccidentDetectionAndAlert\.gradle\7.4\dependencies-accessors)" [_thread_blocked, id=3692, stack(0x00000086fbe00000,0x00000086fbf00000)]
  0x00000263ee472000 JavaThread "Cache worker for Build Output Cleanup Cache (C:\Users\KELVIN KIMUTAI\Documents\GitHub\AccidentDetectionAndAlert\.gradle\buildOutputCleanup)" [_thread_blocked, id=15416, stack(0x00000086fbf00000,0x00000086fc000000)]
  0x00000263ee472800 JavaThread "Unconstrained build operations" [_thread_blocked, id=5920, stack(0x00000086fc000000,0x00000086fc100000)]
  0x00000263ee46e800 JavaThread "Unconstrained build operations Thread 2" [_thread_blocked, id=6840, stack(0x00000086fc100000,0x00000086fc200000)]
  0x00000263ee474800 JavaThread "Unconstrained build operations Thread 3" [_thread_blocked, id=11376, stack(0x00000086fc200000,0x00000086fc300000)]
  0x00000263ee46f800 JavaThread "Unconstrained build operations Thread 4" [_thread_blocked, id=12312, stack(0x00000086fc300000,0x00000086fc400000)]
  0x00000263ee476000 JavaThread "Unconstrained build operations Thread 5" [_thread_blocked, id=8692, stack(0x00000086fc400000,0x00000086fc500000)]
  0x00000263ee475000 JavaThread "Unconstrained build operations Thread 6" [_thread_blocked, id=16212, stack(0x00000086fc500000,0x00000086fc600000)]
  0x00000263ee476800 JavaThread "Unconstrained build operations Thread 7" [_thread_blocked, id=15332, stack(0x00000086fc600000,0x00000086fc700000)]
  0x00000263f2d74800 JavaThread "Unconstrained build operations Thread 8" [_thread_blocked, id=10936, stack(0x00000086fc700000,0x00000086fc800000)]
  0x00000263f2d78800 JavaThread "Unconstrained build operations Thread 9" [_thread_blocked, id=16236, stack(0x00000086fc800000,0x00000086fc900000)]
  0x00000263f2d7a000 JavaThread "Unconstrained build operations Thread 10" [_thread_blocked, id=15480, stack(0x00000086fc900000,0x00000086fca00000)]
  0x00000263f2d7b000 JavaThread "Unconstrained build operations Thread 11" [_thread_blocked, id=10160, stack(0x00000086fca00000,0x00000086fcb00000)]
  0x00000263f2d79000 JavaThread "Unconstrained build operations Thread 12" [_thread_blocked, id=15100, stack(0x00000086fcb00000,0x00000086fcc00000)]
  0x00000263f2d76800 JavaThread "Unconstrained build operations Thread 13" [_thread_blocked, id=2416, stack(0x00000086fcc00000,0x00000086fcd00000)]
  0x00000263f2d77800 JavaThread "Unconstrained build operations Thread 14" [_thread_blocked, id=11484, stack(0x00000086fcd00000,0x00000086fce00000)]
  0x00000263f2d75000 JavaThread "Unconstrained build operations Thread 15" [_thread_blocked, id=13012, stack(0x00000086fce00000,0x00000086fcf00000)]
  0x00000263f2d7b800 JavaThread "Unconstrained build operations Thread 16" [_thread_blocked, id=15852, stack(0x00000086fcf00000,0x00000086fd000000)]
  0x00000263f2d76000 JavaThread "Unconstrained build operations Thread 17" [_thread_blocked, id=10664, stack(0x00000086fd000000,0x00000086fd100000)]
  0x00000263f2d7f800 JavaThread "Unconstrained build operations Thread 18" [_thread_blocked, id=11560, stack(0x00000086fd100000,0x00000086fd200000)]
  0x00000263f2d81800 JavaThread "Unconstrained build operations Thread 19" [_thread_blocked, id=9608, stack(0x00000086fd200000,0x00000086fd300000)]
  0x00000263f2d82000 JavaThread "Unconstrained build operations Thread 20" [_thread_blocked, id=16364, stack(0x00000086fd300000,0x00000086fd400000)]
  0x00000263f2d7f000 JavaThread "Unconstrained build operations Thread 21" [_thread_blocked, id=6036, stack(0x00000086fd400000,0x00000086fd500000)]
  0x00000263f2d80800 JavaThread "Unconstrained build operations Thread 22" [_thread_blocked, id=5260, stack(0x00000086fd500000,0x00000086fd600000)]
  0x00000263f2d7d000 JavaThread "Unconstrained build operations Thread 23" [_thread_blocked, id=15148, stack(0x00000086fd600000,0x00000086fd700000)]
  0x00000263f2d7e000 JavaThread "Unconstrained build operations Thread 24" [_thread_blocked, id=6192, stack(0x00000086fd700000,0x00000086fd800000)]
  0x00000263f2d7c800 JavaThread "Unconstrained build operations Thread 25" [_thread_blocked, id=2612, stack(0x00000086fd800000,0x00000086fd900000)]
  0x00000263f2d83000 JavaThread "Unconstrained build operations Thread 26" [_thread_blocked, id=4844, stack(0x00000086fd900000,0x00000086fda00000)]
  0x00000263f2e32000 JavaThread "Unconstrained build operations Thread 27" [_thread_blocked, id=13952, stack(0x00000086fda00000,0x00000086fdb00000)]
  0x00000263f2e2e000 JavaThread "Unconstrained build operations Thread 28" [_thread_blocked, id=5544, stack(0x00000086fdb00000,0x00000086fdc00000)]
  0x00000263f2e2f800 JavaThread "Unconstrained build operations Thread 29" [_thread_blocked, id=5392, stack(0x00000086fdc00000,0x00000086fdd00000)]
  0x00000263f2e33800 JavaThread "Unconstrained build operations Thread 30" [_thread_blocked, id=2812, stack(0x00000086fdd00000,0x00000086fde00000)]
  0x00000263f2e2f000 JavaThread "Unconstrained build operations Thread 31" [_thread_blocked, id=10752, stack(0x00000086fde00000,0x00000086fdf00000)]
  0x00000263f2e36000 JavaThread "Unconstrained build operations Thread 32" [_thread_blocked, id=11160, stack(0x00000086fdf00000,0x00000086fe000000)]
  0x00000263f2e31000 JavaThread "Unconstrained build operations Thread 33" [_thread_blocked, id=10116, stack(0x00000086fe000000,0x00000086fe100000)]
  0x00000263f2e30800 JavaThread "Unconstrained build operations Thread 34" [_thread_blocked, id=984, stack(0x00000086fe100000,0x00000086fe200000)]
  0x00000263f2e38800 JavaThread "Unconstrained build operations Thread 35" [_thread_blocked, id=8804, stack(0x00000086fe200000,0x00000086fe300000)]
  0x00000263f2e38000 JavaThread "Unconstrained build operations Thread 36" [_thread_blocked, id=5568, stack(0x00000086fe300000,0x00000086fe400000)]
  0x00000263f2e33000 JavaThread "Unconstrained build operations Thread 37" [_thread_blocked, id=6344, stack(0x00000086fe400000,0x00000086fe500000)]
  0x00000263f2e39800 JavaThread "Unconstrained build operations Thread 38" [_thread_blocked, id=11428, stack(0x00000086fe500000,0x00000086fe600000)]
  0x00000263f2e3a000 JavaThread "Unconstrained build operations Thread 39" [_thread_blocked, id=13800, stack(0x00000086fe600000,0x00000086fe700000)]
  0x00000263f2e34800 JavaThread "Unconstrained build operations Thread 40" [_thread_blocked, id=4732, stack(0x00000086fe700000,0x00000086fe800000)]
  0x00000263ee893000 JavaThread "C2 CompilerThread1" daemon [_thread_blocked, id=2572, stack(0x00000086fae00000,0x00000086faf00000)]
  0x00000263f2e35800 JavaThread "Memory manager" [_thread_blocked, id=6864, stack(0x00000086fe800000,0x00000086fe900000)]
  0x00000263f2e3c800 JavaThread "pool-3-thread-1" [_thread_blocked, id=16332, stack(0x00000086fe900000,0x00000086fea00000)]
  0x00000263f2e3b000 JavaThread "included builds" [_thread_blocked, id=10372, stack(0x00000086fea00000,0x00000086feb00000)]
  0x00000263f6e5a800 JavaThread "Cache worker for execution history cache (C:\Users\KELVIN KIMUTAI\Documents\GitHub\AccidentDetectionAndAlert\.gradle\7.4\executionHistory)" [_thread_blocked, id=8760, stack(0x00000086fee00000,0x00000086fef00000)]

Other Threads:
=>0x00000263ecafe000 VMThread "VM Thread" [stack: 0x00000086f9600000,0x00000086f9700000] [id=15816]
  0x00000263ed5d2800 WatcherThread [stack: 0x00000086fa000000,0x00000086fa100000] [id=9848]
  0x00000263d2f19800 GCTaskThread "GC Thread#0" [stack: 0x00000086f9100000,0x00000086f9200000] [id=15976]
  0x00000263ee026800 GCTaskThread "GC Thread#1" [stack: 0x00000086fa200000,0x00000086fa300000] [id=14892]
  0x00000263ed9a1000 GCTaskThread "GC Thread#2" [stack: 0x00000086fa300000,0x00000086fa400000] [id=16204]
  0x00000263ee819800 GCTaskThread "GC Thread#3" [stack: 0x00000086fa500000,0x00000086fa600000] [id=9988]
  0x00000263d2f4a000 ConcurrentGCThread "G1 Main Marker" [stack: 0x00000086f9200000,0x00000086f9300000] [id=1916]
  0x00000263d2f4b000 ConcurrentGCThread "G1 Conc#0" [stack: 0x00000086f9300000,0x00000086f9400000] [id=10892]
  0x00000263d2fdd000 ConcurrentGCThread "G1 Refine#0" [stack: 0x00000086f9400000,0x00000086f9500000] [id=876]
  0x00000263d2fde000 ConcurrentGCThread "G1 Young RemSet Sampling" [stack: 0x00000086f9500000,0x00000086f9600000] [id=14972]

Threads with active compile tasks:
C2 CompilerThread0  28702 8246       4       org.gradle.internal.reflect.PropertyAccessorType::of (95 bytes)
C2 CompilerThread1  28702 8231       4       sun.reflect.generics.visitor.Reifier::visitClassTypeSignature (381 bytes)

VM state:at safepoint (normal execution)

VM Mutex/Monitor currently owned by a thread:  ([mutex/lock_event])
[0x00000263d2efb7d0] Threads_lock - owner thread: 0x00000263ecafe000
[0x00000263d2efad20] Heap_lock - owner thread: 0x00000263ee082800

Heap address: 0x0000000080000000, size: 2048 MB, Compressed Oops mode: 32-bit
Narrow klass base: 0x0000000000000000, Narrow klass shift: 3
Compressed class space size: 1073741824 Address: 0x0000000100000000

Heap:
 garbage-first heap   total 273408K, used 139348K [0x0000000080000000, 0x0000000100000000)
  region size 1024K, 2 young (2048K), 2 survivors (2048K)
 Metaspace       used 83066K, capacity 85367K, committed 85620K, reserved 1124352K
  class space    used 10657K, capacity 11417K, committed 11520K, reserved 1048576K
Heap Regions: E=young(eden), S=young(survivor), O=old, HS=humongous(starts), HC=humongous(continues), CS=collection set, F=free, A=archive, TAMS=top-at-mark-start (previous, next)
|   0|0x0000000080000000, 0x0000000080100000, 0x0000000080100000|100%|HS|  |TAMS 0x0000000080100000, 0x0000000080100000| Complete 
|   1|0x0000000080100000, 0x0000000080200000, 0x0000000080200000|100%|HC|  |TAMS 0x0000000080200000, 0x0000000080200000| Complete 
|   2|0x0000000080200000, 0x0000000080300000, 0x0000000080300000|100%|HC|  |TAMS 0x0000000080300000, 0x0000000080300000| Complete 
|   3|0x0000000080300000, 0x0000000080400000, 0x0000000080400000|100%| O|  |TAMS 0x0000000080400000, 0x0000000080400000| Untracked 
|   4|0x0000000080400000, 0x0000000080500000, 0x0000000080500000|100%| O|  |TAMS 0x0000000080500000, 0x0000000080500000| Untracked 
|   5|0x0000000080500000, 0x0000000080600000, 0x0000000080600000|100%| O|  |TAMS 0x0000000080600000, 0x0000000080600000| Untracked 
|   6|0x0000000080600000, 0x0000000080700000, 0x0000000080700000|100%| O|  |TAMS 0x0000000080700000, 0x0000000080700000| Untracked 
|   7|0x0000000080700000, 0x0000000080800000, 0x0000000080800000|100%| O|  |TAMS 0x0000000080800000, 0x0000000080800000| Untracked 
|   8|0x0000000080800000, 0x0000000080900000, 0x0000000080900000|100%| O|  |TAMS 0x0000000080900000, 0x0000000080900000| Untracked 
|   9|0x0000000080900000, 0x0000000080a00000, 0x0000000080a00000|100%| O|  |TAMS 0x0000000080a00000, 0x0000000080a00000| Untracked 
|  10|0x0000000080a00000, 0x0000000080b00000, 0x0000000080b00000|100%| O|  |TAMS 0x0000000080b00000, 0x0000000080b00000| Untracked 
|  11|0x0000000080b00000, 0x0000000080c00000, 0x0000000080c00000|100%| O|  |TAMS 0x0000000080c00000, 0x0000000080c00000| Untracked 
|  12|0x0000000080c00000, 0x0000000080d00000, 0x0000000080d00000|100%| O|  |TAMS 0x0000000080d00000, 0x0000000080d00000| Untracked 
|  13|0x0000000080d00000, 0x0000000080e00000, 0x0000000080e00000|100%| O|  |TAMS 0x0000000080e00000, 0x0000000080e00000| Untracked 
|  14|0x0000000080e00000, 0x0000000080f00000, 0x0000000080f00000|100%| O|  |TAMS 0x0000000080f00000, 0x0000000080f00000| Untracked 
|  15|0x0000000080f00000, 0x0000000081000000, 0x0000000081000000|100%|HS|  |TAMS 0x0000000081000000, 0x0000000081000000| Complete 
|  16|0x0000000081000000, 0x0000000081100000, 0x0000000081100000|100%|HC|  |TAMS 0x0000000081100000, 0x0000000081100000| Complete 
|  17|0x0000000081100000, 0x0000000081200000, 0x0000000081200000|100%|HS|  |TAMS 0x0000000081200000, 0x0000000081200000| Complete 
|  18|0x0000000081200000, 0x0000000081300000, 0x0000000081300000|100%|HC|  |TAMS 0x0000000081300000, 0x0000000081300000| Complete 
|  19|0x0000000081300000, 0x0000000081400000, 0x0000000081400000|100%|HC|  |TAMS 0x0000000081400000, 0x0000000081400000| Complete 
|  20|0x0000000081400000, 0x0000000081500000, 0x0000000081500000|100%|HS|  |TAMS 0x0000000081500000, 0x0000000081500000| Complete 
|  21|0x0000000081500000, 0x0000000081600000, 0x0000000081600000|100%|HC|  |TAMS 0x0000000081600000, 0x0000000081600000| Complete 
|  22|0x0000000081600000, 0x0000000081700000, 0x0000000081700000|100%|HC|  |TAMS 0x0000000081700000, 0x0000000081700000| Complete 
|  23|0x0000000081700000, 0x0000000081800000, 0x0000000081800000|100%|HS|  |TAMS 0x0000000081800000, 0x0000000081800000| Complete 
|  24|0x0000000081800000, 0x0000000081900000, 0x0000000081900000|100%|HC|  |TAMS 0x0000000081900000, 0x0000000081900000| Complete 
|  25|0x0000000081900000, 0x0000000081a00000, 0x0000000081a00000|100%|HC|  |TAMS 0x0000000081a00000, 0x0000000081a00000| Complete 
|  26|0x0000000081a00000, 0x0000000081b00000, 0x0000000081b00000|100%|HC|  |TAMS 0x0000000081b00000, 0x0000000081b00000| Complete 
|  27|0x0000000081b00000, 0x0000000081c00000, 0x0000000081c00000|100%|HC|  |TAMS 0x0000000081c00000, 0x0000000081c00000| Complete 
|  28|0x0000000081c00000, 0x0000000081d00000, 0x0000000081d00000|100%|HS|  |TAMS 0x0000000081d00000, 0x0000000081d00000| Complete 
|  29|0x0000000081d00000, 0x0000000081e00000, 0x0000000081e00000|100%| O|  |TAMS 0x0000000081e00000, 0x0000000081e00000| Untracked 
|  30|0x0000000081e00000, 0x0000000081f00000, 0x0000000081f00000|100%| O|  |TAMS 0x0000000081f00000, 0x0000000081f00000| Untracked 
|  31|0x0000000081f00000, 0x0000000082000000, 0x0000000082000000|100%| O|  |TAMS 0x0000000082000000, 0x0000000082000000| Untracked 
|  32|0x0000000082000000, 0x0000000082100000, 0x0000000082100000|100%| O|  |TAMS 0x0000000082100000, 0x0000000082100000| Untracked 
|  33|0x0000000082100000, 0x0000000082200000, 0x0000000082200000|100%| O|  |TAMS 0x0000000082200000, 0x0000000082200000| Untracked 
|  34|0x0000000082200000, 0x0000000082300000, 0x0000000082300000|100%| O|  |TAMS 0x0000000082300000, 0x0000000082300000| Untracked 
|  35|0x0000000082300000, 0x0000000082400000, 0x0000000082400000|100%| O|  |TAMS 0x0000000082400000, 0x0000000082400000| Untracked 
|  36|0x0000000082400000, 0x0000000082500000, 0x0000000082500000|100%| O|  |TAMS 0x0000000082500000, 0x0000000082500000| Untracked 
|  37|0x0000000082500000, 0x0000000082600000, 0x0000000082600000|100%| O|  |TAMS 0x0000000082600000, 0x0000000082600000| Untracked 
|  38|0x0000000082600000, 0x0000000082700000, 0x0000000082700000|100%|HS|  |TAMS 0x0000000082700000, 0x0000000082700000| Complete 
|  39|0x0000000082700000, 0x0000000082800000, 0x0000000082800000|100%|HC|  |TAMS 0x0000000082800000, 0x0000000082800000| Complete 
|  40|0x0000000082800000, 0x0000000082900000, 0x0000000082900000|100%|HC|  |TAMS 0x0000000082900000, 0x0000000082900000| Complete 
|  41|0x0000000082900000, 0x0000000082a00000, 0x0000000082a00000|100%|HC|  |TAMS 0x0000000082a00000, 0x0000000082a00000| Complete 
|  42|0x0000000082a00000, 0x0000000082b00000, 0x0000000082b00000|100%|HS|  |TAMS 0x0000000082b00000, 0x0000000082b00000| Complete 
|  43|0x0000000082b00000, 0x0000000082c00000, 0x0000000082c00000|100%|HC|  |TAMS 0x0000000082c00000, 0x0000000082c00000| Complete 
|  44|0x0000000082c00000, 0x0000000082d00000, 0x0000000082d00000|100%|HC|  |TAMS 0x0000000082d00000, 0x0000000082d00000| Complete 
|  45|0x0000000082d00000, 0x0000000082e00000, 0x0000000082e00000|100%|HS|  |TAMS 0x0000000082e00000, 0x0000000082e00000| Complete 
|  46|0x0000000082e00000, 0x0000000082f00000, 0x0000000082f00000|100%|HC|  |TAMS 0x0000000082f00000, 0x0000000082f00000| Complete 
|  47|0x0000000082f00000, 0x0000000083000000, 0x0000000083000000|100%|HS|  |TAMS 0x0000000083000000, 0x0000000083000000| Complete 
|  48|0x0000000083000000, 0x0000000083100000, 0x0000000083100000|100%|HC|  |TAMS 0x0000000083100000, 0x0000000083100000| Complete 
|  49|0x0000000083100000, 0x0000000083200000, 0x0000000083200000|100%|HC|  |TAMS 0x0000000083200000, 0x0000000083200000| Complete 
|  50|0x0000000083200000, 0x0000000083300000, 0x0000000083300000|100%| O|  |TAMS 0x0000000083300000, 0x0000000083300000| Untracked 
|  51|0x0000000083300000, 0x0000000083400000, 0x0000000083400000|100%| O|  |TAMS 0x0000000083400000, 0x0000000083400000| Untracked 
|  52|0x0000000083400000, 0x0000000083500000, 0x0000000083500000|100%| O|  |TAMS 0x0000000083500000, 0x0000000083500000| Untracked 
|  53|0x0000000083500000, 0x0000000083600000, 0x0000000083600000|100%| O|  |TAMS 0x0000000083600000, 0x0000000083600000| Untracked 
|  54|0x0000000083600000, 0x0000000083700000, 0x0000000083700000|100%| O|  |TAMS 0x0000000083700000, 0x0000000083700000| Untracked 
|  55|0x0000000083700000, 0x0000000083800000, 0x0000000083800000|100%| O|  |TAMS 0x0000000083800000, 0x0000000083800000| Untracked 
|  56|0x0000000083800000, 0x0000000083900000, 0x0000000083900000|100%| O|  |TAMS 0x0000000083900000, 0x0000000083900000| Untracked 
|  57|0x0000000083900000, 0x0000000083a00000, 0x0000000083a00000|100%|HS|  |TAMS 0x0000000083a00000, 0x0000000083a00000| Complete 
|  58|0x0000000083a00000, 0x0000000083b00000, 0x0000000083b00000|100%|HC|  |TAMS 0x0000000083b00000, 0x0000000083b00000| Complete 
|  59|0x0000000083b00000, 0x0000000083c00000, 0x0000000083c00000|100%|HC|  |TAMS 0x0000000083c00000, 0x0000000083c00000| Complete 
|  60|0x0000000083c00000, 0x0000000083d00000, 0x0000000083d00000|100%|HC|  |TAMS 0x0000000083d00000, 0x0000000083d00000| Complete 
|  61|0x0000000083d00000, 0x0000000083e00000, 0x0000000083e00000|100%|HC|  |TAMS 0x0000000083e00000, 0x0000000083e00000| Complete 
|  62|0x0000000083e00000, 0x0000000083f00000, 0x0000000083f00000|100%| O|  |TAMS 0x0000000083f00000, 0x0000000083f00000| Untracked 
|  63|0x0000000083f00000, 0x0000000084000000, 0x0000000084000000|100%| O|  |TAMS 0x0000000084000000, 0x0000000084000000| Untracked 
|  64|0x0000000084000000, 0x0000000084100000, 0x0000000084100000|100%| O|  |TAMS 0x0000000084100000, 0x0000000084100000| Untracked 
|  65|0x0000000084100000, 0x0000000084200000, 0x0000000084200000|100%| O|  |TAMS 0x0000000084200000, 0x0000000084200000| Untracked 
|  66|0x0000000084200000, 0x0000000084300000, 0x0000000084300000|100%|HS|  |TAMS 0x0000000084300000, 0x0000000084300000| Complete 
|  67|0x0000000084300000, 0x0000000084400000, 0x0000000084400000|100%|HS|  |TAMS 0x0000000084400000, 0x0000000084400000| Complete 
|  68|0x0000000084400000, 0x0000000084500000, 0x0000000084500000|100%| O|  |TAMS 0x0000000084500000, 0x0000000084500000| Untracked 
|  69|0x0000000084500000, 0x0000000084600000, 0x0000000084600000|100%|HS|  |TAMS 0x0000000084600000, 0x0000000084600000| Complete 
|  70|0x0000000084600000, 0x0000000084700000, 0x0000000084700000|100%|HC|  |TAMS 0x0000000084700000, 0x0000000084700000| Complete 
|  71|0x0000000084700000, 0x0000000084800000, 0x0000000084800000|100%| O|  |TAMS 0x0000000084800000, 0x0000000084800000| Untracked 
|  72|0x0000000084800000, 0x0000000084900000, 0x0000000084900000|100%| O|  |TAMS 0x0000000084900000, 0x0000000084900000| Untracked 
|  73|0x0000000084900000, 0x0000000084a00000, 0x0000000084a00000|100%| O|  |TAMS 0x0000000084a00000, 0x0000000084a00000| Untracked 
|  74|0x0000000084a00000, 0x0000000084b00000, 0x0000000084b00000|100%| O|  |TAMS 0x0000000084b00000, 0x0000000084b00000| Untracked 
|  75|0x0000000084b00000, 0x0000000084c00000, 0x0000000084c00000|100%| O|  |TAMS 0x0000000084c00000, 0x0000000084c00000| Untracked 
|  76|0x0000000084c00000, 0x0000000084d00000, 0x0000000084d00000|100%| O|  |TAMS 0x0000000084d00000, 0x0000000084d00000| Untracked 
|  77|0x0000000084d00000, 0x0000000084e00000, 0x0000000084e00000|100%| O|  |TAMS 0x0000000084e00000, 0x0000000084e00000| Untracked 
|  78|0x0000000084e00000, 0x0000000084f00000, 0x0000000084f00000|100%| O|  |TAMS 0x0000000084f00000, 0x0000000084f00000| Untracked 
|  79|0x0000000084f00000, 0x0000000085000000, 0x0000000085000000|100%| O|  |TAMS 0x0000000085000000, 0x0000000085000000| Untracked 
|  80|0x0000000085000000, 0x0000000085100000, 0x0000000085100000|100%| O|  |TAMS 0x0000000085100000, 0x0000000085100000| Untracked 
|  81|0x0000000085100000, 0x0000000085200000, 0x0000000085200000|100%| O|  |TAMS 0x0000000085200000, 0x0000000085200000| Untracked 
|  82|0x0000000085200000, 0x0000000085300000, 0x0000000085300000|100%| O|  |TAMS 0x0000000085300000, 0x0000000085300000| Untracked 
|  83|0x0000000085300000, 0x0000000085400000, 0x0000000085400000|100%| O|  |TAMS 0x0000000085400000, 0x0000000085400000| Untracked 
|  84|0x0000000085400000, 0x0000000085500000, 0x0000000085500000|100%| O|  |TAMS 0x0000000085500000, 0x0000000085500000| Untracked 
|  85|0x0000000085500000, 0x0000000085600000, 0x0000000085600000|100%| O|  |TAMS 0x0000000085500000, 0x0000000085600000| Untracked 
|  86|0x0000000085600000, 0x0000000085700000, 0x0000000085700000|100%| O|  |TAMS 0x0000000085700000, 0x0000000085700000| Untracked 
|  87|0x0000000085700000, 0x0000000085800000, 0x0000000085800000|100%| O|  |TAMS 0x0000000085800000, 0x0000000085800000| Untracked 
|  88|0x0000000085800000, 0x0000000085900000, 0x0000000085900000|100%| O|  |TAMS 0x0000000085900000, 0x0000000085900000| Untracked 
|  89|0x0000000085900000, 0x0000000085a00000, 0x0000000085a00000|100%| O|  |TAMS 0x0000000085a00000, 0x0000000085a00000| Untracked 
|  90|0x0000000085a00000, 0x0000000085b00000, 0x0000000085b00000|100%| O|  |TAMS 0x0000000085b00000, 0x0000000085b00000| Untracked 
|  91|0x0000000085b00000, 0x0000000085c00000, 0x0000000085c00000|100%| O|  |TAMS 0x0000000085c00000, 0x0000000085c00000| Untracked 
|  92|0x0000000085c00000, 0x0000000085d00000, 0x0000000085d00000|100%| O|  |TAMS 0x0000000085d00000, 0x0000000085d00000| Untracked 
|  93|0x0000000085d00000, 0x0000000085e00000, 0x0000000085e00000|100%| O|  |TAMS 0x0000000085e00000, 0x0000000085e00000| Untracked 
|  94|0x0000000085e00000, 0x0000000085f00000, 0x0000000085f00000|100%|HS|  |TAMS 0x0000000085f00000, 0x0000000085f00000| Complete 
|  95|0x0000000085f00000, 0x0000000086000000, 0x0000000086000000|100%|HC|  |TAMS 0x0000000086000000, 0x0000000086000000| Complete 
|  96|0x0000000086000000, 0x0000000086100000, 0x0000000086100000|100%|HC|  |TAMS 0x0000000086100000, 0x0000000086100000| Complete 
|  97|0x0000000086100000, 0x0000000086200000, 0x0000000086200000|100%|HC|  |TAMS 0x0000000086200000, 0x0000000086200000| Complete 
|  98|0x0000000086200000, 0x0000000086300000, 0x0000000086300000|100%|HS|  |TAMS 0x0000000086300000, 0x0000000086300000| Complete 
|  99|0x0000000086300000, 0x0000000086400000, 0x0000000086400000|100%|HC|  |TAMS 0x0000000086400000, 0x0000000086400000| Complete 
| 100|0x0000000086400000, 0x0000000086500000, 0x0000000086500000|100%| O|  |TAMS 0x0000000086500000, 0x0000000086500000| Untracked 
| 101|0x0000000086500000, 0x0000000086600000, 0x0000000086600000|100%| O|  |TAMS 0x0000000086600000, 0x0000000086600000| Untracked 
| 102|0x0000000086600000, 0x0000000086700000, 0x0000000086700000|100%| O|  |TAMS 0x0000000086700000, 0x0000000086700000| Untracked 
| 103|0x0000000086700000, 0x0000000086800000, 0x0000000086800000|100%| O|  |TAMS 0x00000000867a9e00, 0x0000000086800000| Untracked 
| 104|0x0000000086800000, 0x0000000086900000, 0x0000000086900000|100%|HS|  |TAMS 0x0000000086800000, 0x0000000086900000| Complete 
| 105|0x0000000086900000, 0x0000000086a00000, 0x0000000086a00000|100%|HC|  |TAMS 0x0000000086900000, 0x0000000086a00000| Complete 
| 106|0x0000000086a00000, 0x0000000086b00000, 0x0000000086b00000|100%|HC|  |TAMS 0x0000000086a00000, 0x0000000086b00000| Complete 
| 107|0x0000000086b00000, 0x0000000086c00000, 0x0000000086c00000|100%|HS|  |TAMS 0x0000000086b00000, 0x0000000086c00000| Complete 
| 108|0x0000000086c00000, 0x0000000086d00000, 0x0000000086d00000|100%|HC|  |TAMS 0x0000000086c00000, 0x0000000086d00000| Complete 
| 109|0x0000000086d00000, 0x0000000086e00000, 0x0000000086e00000|100%|HC|  |TAMS 0x0000000086d00000, 0x0000000086e00000| Complete 
| 110|0x0000000086e00000, 0x0000000086f00000, 0x0000000086f00000|100%|HS|  |TAMS 0x0000000086e00000, 0x0000000086f00000| Complete 
| 111|0x0000000086f00000, 0x0000000087000000, 0x0000000087000000|100%|HC|  |TAMS 0x0000000086f00000, 0x0000000087000000| Complete 
| 112|0x0000000087000000, 0x0000000087100000, 0x0000000087100000|100%|HC|  |TAMS 0x0000000087000000, 0x0000000087100000| Complete 
| 113|0x0000000087100000, 0x0000000087200000, 0x0000000087200000|100%|HC|  |TAMS 0x0000000087100000, 0x0000000087200000| Complete 
| 114|0x0000000087200000, 0x0000000087300000, 0x0000000087300000|100%|HC|  |TAMS 0x0000000087200000, 0x0000000087300000| Complete 
| 115|0x0000000087300000, 0x0000000087400000, 0x0000000087400000|100%|HS|  |TAMS 0x0000000087300000, 0x0000000087400000| Complete 
| 116|0x0000000087400000, 0x0000000087500000, 0x0000000087500000|100%|HS|  |TAMS 0x0000000087400000, 0x0000000087500000| Complete 
| 117|0x0000000087500000, 0x0000000087600000, 0x0000000087600000|100%|HC|  |TAMS 0x0000000087500000, 0x0000000087600000| Complete 
| 118|0x0000000087600000, 0x0000000087700000, 0x0000000087700000|100%|HC|  |TAMS 0x0000000087600000, 0x0000000087700000| Complete 
| 119|0x0000000087700000, 0x0000000087800000, 0x0000000087800000|100%|HC|  |TAMS 0x0000000087700000, 0x0000000087800000| Complete 
| 120|0x0000000087800000, 0x0000000087900000, 0x0000000087900000|100%| O|  |TAMS 0x0000000087800000, 0x0000000087900000| Untracked 
| 121|0x0000000087900000, 0x0000000087a00000, 0x0000000087a00000|100%| O|  |TAMS 0x0000000087900000, 0x0000000087a00000| Untracked 
| 122|0x0000000087a00000, 0x0000000087b00000, 0x0000000087b00000|100%| O|  |TAMS 0x0000000087a00000, 0x0000000087b00000| Untracked 
| 123|0x0000000087b00000, 0x0000000087c00000, 0x0000000087c00000|100%| O|  |TAMS 0x0000000087b00000, 0x0000000087c00000| Untracked 
| 124|0x0000000087c00000, 0x0000000087d00000, 0x0000000087d00000|100%| O|  |TAMS 0x0000000087c00000, 0x0000000087d00000| Untracked 
| 125|0x0000000087d00000, 0x0000000087e00000, 0x0000000087e00000|100%| O|  |TAMS 0x0000000087d00000, 0x0000000087e00000| Untracked 
| 126|0x0000000087e00000, 0x0000000087f00000, 0x0000000087f00000|100%| O|  |TAMS 0x0000000087e00000, 0x0000000087f00000| Untracked 
| 127|0x0000000087f00000, 0x0000000088000000, 0x0000000088000000|100%| O|  |TAMS 0x0000000087f00000, 0x0000000088000000| Untracked 
| 128|0x0000000088000000, 0x0000000088100000, 0x0000000088100000|100%| O|  |TAMS 0x0000000088000000, 0x0000000088100000| Untracked 
| 129|0x0000000088100000, 0x0000000088200000, 0x0000000088200000|100%| O|  |TAMS 0x0000000088100000, 0x0000000088200000| Untracked 
| 130|0x0000000088200000, 0x0000000088300000, 0x0000000088300000|100%| O|  |TAMS 0x0000000088200000, 0x0000000088300000| Untracked 
| 131|0x0000000088300000, 0x0000000088400000, 0x0000000088400000|100%| O|  |TAMS 0x0000000088300000, 0x0000000088400000| Untracked 
| 132|0x0000000088400000, 0x0000000088500000, 0x0000000088500000|100%| O|  |TAMS 0x0000000088400000, 0x0000000088500000| Untracked 
| 133|0x0000000088500000, 0x0000000088600000, 0x0000000088600000|100%| O|  |TAMS 0x0000000088500000, 0x0000000088600000| Untracked 
| 134|0x0000000088600000, 0x00000000886a2800, 0x0000000088700000| 63%| O|  |TAMS 0x0000000088600000, 0x00000000886a2800| Untracked 
| 135|0x0000000088700000, 0x0000000088700000, 0x0000000088800000|  0%| F|  |TAMS 0x0000000088700000, 0x0000000088700000| Untracked 
| 136|0x0000000088800000, 0x0000000088800000, 0x0000000088900000|  0%| F|  |TAMS 0x0000000088800000, 0x0000000088800000| Untracked 
| 137|0x0000000088900000, 0x0000000088900000, 0x0000000088a00000|  0%| F|  |TAMS 0x0000000088900000, 0x0000000088900000| Untracked 
| 138|0x0000000088a00000, 0x0000000088a00000, 0x0000000088b00000|  0%| F|  |TAMS 0x0000000088a00000, 0x0000000088a00000| Untracked 
| 139|0x0000000088b00000, 0x0000000088b00000, 0x0000000088c00000|  0%| F|  |TAMS 0x0000000088b00000, 0x0000000088b00000| Untracked 
| 140|0x0000000088c00000, 0x0000000088c00000, 0x0000000088d00000|  0%| F|  |TAMS 0x0000000088c00000, 0x0000000088c00000| Untracked 
| 141|0x0000000088d00000, 0x0000000088d00000, 0x0000000088e00000|  0%| F|  |TAMS 0x0000000088d00000, 0x0000000088d00000| Untracked 
| 142|0x0000000088e00000, 0x0000000088e00000, 0x0000000088f00000|  0%| F|  |TAMS 0x0000000088e00000, 0x0000000088e00000| Untracked 
| 143|0x0000000088f00000, 0x0000000088f00000, 0x0000000089000000|  0%| F|  |TAMS 0x0000000088f00000, 0x0000000088f00000| Untracked 
| 144|0x0000000089000000, 0x0000000089000000, 0x0000000089100000|  0%| F|  |TAMS 0x0000000089000000, 0x0000000089000000| Untracked 
| 145|0x0000000089100000, 0x0000000089100000, 0x0000000089200000|  0%| F|  |TAMS 0x0000000089100000, 0x0000000089100000| Untracked 
| 146|0x0000000089200000, 0x0000000089200000, 0x0000000089300000|  0%| F|  |TAMS 0x0000000089200000, 0x0000000089200000| Untracked 
| 147|0x0000000089300000, 0x0000000089300000, 0x0000000089400000|  0%| F|  |TAMS 0x0000000089300000, 0x0000000089300000| Untracked 
| 148|0x0000000089400000, 0x0000000089400000, 0x0000000089500000|  0%| F|  |TAMS 0x0000000089400000, 0x0000000089400000| Untracked 
| 149|0x0000000089500000, 0x0000000089500000, 0x0000000089600000|  0%| F|  |TAMS 0x0000000089500000, 0x0000000089500000| Untracked 
| 150|0x0000000089600000, 0x0000000089600000, 0x0000000089700000|  0%| F|  |TAMS 0x0000000089600000, 0x0000000089600000| Untracked 
| 151|0x0000000089700000, 0x0000000089700000, 0x0000000089800000|  0%| F|  |TAMS 0x0000000089700000, 0x0000000089700000| Untracked 
| 152|0x0000000089800000, 0x0000000089800000, 0x0000000089900000|  0%| F|  |TAMS 0x0000000089800000, 0x0000000089800000| Untracked 
| 153|0x0000000089900000, 0x0000000089900000, 0x0000000089a00000|  0%| F|  |TAMS 0x0000000089900000, 0x0000000089900000| Untracked 
| 154|0x0000000089a00000, 0x0000000089a00000, 0x0000000089b00000|  0%| F|  |TAMS 0x0000000089a00000, 0x0000000089a00000| Untracked 
| 155|0x0000000089b00000, 0x0000000089b00000, 0x0000000089c00000|  0%| F|  |TAMS 0x0000000089b00000, 0x0000000089b00000| Untracked 
| 156|0x0000000089c00000, 0x0000000089c00000, 0x0000000089d00000|  0%| F|  |TAMS 0x0000000089c00000, 0x0000000089c00000| Untracked 
| 157|0x0000000089d00000, 0x0000000089d00000, 0x0000000089e00000|  0%| F|  |TAMS 0x0000000089d00000, 0x0000000089d00000| Untracked 
| 158|0x0000000089e00000, 0x0000000089e00000, 0x0000000089f00000|  0%| F|  |TAMS 0x0000000089e00000, 0x0000000089e00000| Untracked 
| 159|0x0000000089f00000, 0x0000000089f00000, 0x000000008a000000|  0%| F|  |TAMS 0x0000000089f00000, 0x0000000089f00000| Untracked 
| 160|0x000000008a000000, 0x000000008a000000, 0x000000008a100000|  0%| F|  |TAMS 0x000000008a000000, 0x000000008a000000| Untracked 
| 161|0x000000008a100000, 0x000000008a100000, 0x000000008a200000|  0%| F|  |TAMS 0x000000008a100000, 0x000000008a100000| Untracked 
| 162|0x000000008a200000, 0x000000008a200000, 0x000000008a300000|  0%| F|  |TAMS 0x000000008a200000, 0x000000008a200000| Untracked 
| 163|0x000000008a300000, 0x000000008a300000, 0x000000008a400000|  0%| F|  |TAMS 0x000000008a300000, 0x000000008a300000| Untracked 
| 164|0x000000008a400000, 0x000000008a400000, 0x000000008a500000|  0%| F|  |TAMS 0x000000008a400000, 0x000000008a400000| Untracked 
| 165|0x000000008a500000, 0x000000008a500000, 0x000000008a600000|  0%| F|  |TAMS 0x000000008a500000, 0x000000008a500000| Untracked 
| 166|0x000000008a600000, 0x000000008a600000, 0x000000008a700000|  0%| F|  |TAMS 0x000000008a600000, 0x000000008a600000| Untracked 
| 167|0x000000008a700000, 0x000000008a700000, 0x000000008a800000|  0%| F|  |TAMS 0x000000008a700000, 0x000000008a700000| Untracked 
| 168|0x000000008a800000, 0x000000008a800000, 0x000000008a900000|  0%| F|  |TAMS 0x000000008a800000, 0x000000008a800000| Untracked 
| 169|0x000000008a900000, 0x000000008a900000, 0x000000008aa00000|  0%| F|  |TAMS 0x000000008a900000, 0x000000008a900000| Untracked 
| 170|0x000000008aa00000, 0x000000008aa00000, 0x000000008ab00000|  0%| F|  |TAMS 0x000000008aa00000, 0x000000008aa00000| Untracked 
| 171|0x000000008ab00000, 0x000000008ab00000, 0x000000008ac00000|  0%| F|  |TAMS 0x000000008ab00000, 0x000000008ab00000| Untracked 
| 172|0x000000008ac00000, 0x000000008ac00000, 0x000000008ad00000|  0%| F|  |TAMS 0x000000008ac00000, 0x000000008ac00000| Untracked 
| 173|0x000000008ad00000, 0x000000008ad00000, 0x000000008ae00000|  0%| F|  |TAMS 0x000000008ad00000, 0x000000008ad00000| Untracked 
| 174|0x000000008ae00000, 0x000000008ae72ba0, 0x000000008af00000| 44%| S|CS|TAMS 0x000000008ae00000, 0x000000008ae00000| Complete 
| 175|0x000000008af00000, 0x000000008b000000, 0x000000008b000000|100%| S|CS|TAMS 0x000000008af00000, 0x000000008af00000| Complete 
| 176|0x000000008b000000, 0x000000008b000000, 0x000000008b100000|  0%| F|  |TAMS 0x000000008b000000, 0x000000008b000000| Untracked 
| 177|0x000000008b100000, 0x000000008b100000, 0x000000008b200000|  0%| F|  |TAMS 0x000000008b100000, 0x000000008b100000| Untracked 
| 178|0x000000008b200000, 0x000000008b200000, 0x000000008b300000|  0%| F|  |TAMS 0x000000008b200000, 0x000000008b200000| Untracked 
| 179|0x000000008b300000, 0x000000008b300000, 0x000000008b400000|  0%| F|  |TAMS 0x000000008b300000, 0x000000008b300000| Untracked 
| 180|0x000000008b400000, 0x000000008b400000, 0x000000008b500000|  0%| F|  |TAMS 0x000000008b400000, 0x000000008b400000| Untracked 
| 181|0x000000008b500000, 0x000000008b500000, 0x000000008b600000|  0%| F|  |TAMS 0x000000008b500000, 0x000000008b500000| Untracked 
| 182|0x000000008b600000, 0x000000008b600000, 0x000000008b700000|  0%| F|  |TAMS 0x000000008b600000, 0x000000008b600000| Untracked 
| 183|0x000000008b700000, 0x000000008b700000, 0x000000008b800000|  0%| F|  |TAMS 0x000000008b700000, 0x000000008b700000| Untracked 
| 184|0x000000008b800000, 0x000000008b800000, 0x000000008b900000|  0%| F|  |TAMS 0x000000008b800000, 0x000000008b800000| Untracked 
| 185|0x000000008b900000, 0x000000008b900000, 0x000000008ba00000|  0%| F|  |TAMS 0x000000008b900000, 0x000000008b900000| Untracked 
| 186|0x000000008ba00000, 0x000000008ba00000, 0x000000008bb00000|  0%| F|  |TAMS 0x000000008ba00000, 0x000000008ba00000| Untracked 
| 187|0x000000008bb00000, 0x000000008bb00000, 0x000000008bc00000|  0%| F|  |TAMS 0x000000008bb00000, 0x000000008bb00000| Untracked 
| 188|0x000000008bc00000, 0x000000008bc00000, 0x000000008bd00000|  0%| F|  |TAMS 0x000000008bc00000, 0x000000008bc00000| Untracked 
| 189|0x000000008bd00000, 0x000000008bd00000, 0x000000008be00000|  0%| F|  |TAMS 0x000000008bd00000, 0x000000008bd00000| Untracked 
| 190|0x000000008be00000, 0x000000008be00000, 0x000000008bf00000|  0%| F|  |TAMS 0x000000008be00000, 0x000000008be00000| Untracked 
| 191|0x000000008bf00000, 0x000000008bf00000, 0x000000008c000000|  0%| F|  |TAMS 0x000000008bf00000, 0x000000008bf00000| Untracked 
| 192|0x000000008c000000, 0x000000008c000000, 0x000000008c100000|  0%| F|  |TAMS 0x000000008c000000, 0x000000008c000000| Untracked 
| 193|0x000000008c100000, 0x000000008c100000, 0x000000008c200000|  0%| F|  |TAMS 0x000000008c100000, 0x000000008c100000| Untracked 
| 194|0x000000008c200000, 0x000000008c200000, 0x000000008c300000|  0%| F|  |TAMS 0x000000008c200000, 0x000000008c200000| Untracked 
| 195|0x000000008c300000, 0x000000008c300000, 0x000000008c400000|  0%| F|  |TAMS 0x000000008c300000, 0x000000008c300000| Untracked 
| 196|0x000000008c400000, 0x000000008c400000, 0x000000008c500000|  0%| F|  |TAMS 0x000000008c400000, 0x000000008c400000| Untracked 
| 197|0x000000008c500000, 0x000000008c500000, 0x000000008c600000|  0%| F|  |TAMS 0x000000008c500000, 0x000000008c500000| Untracked 
| 198|0x000000008c600000, 0x000000008c600000, 0x000000008c700000|  0%| F|  |TAMS 0x000000008c600000, 0x000000008c600000| Untracked 
| 199|0x000000008c700000, 0x000000008c700000, 0x000000008c800000|  0%| F|  |TAMS 0x000000008c700000, 0x000000008c700000| Untracked 
| 200|0x000000008c800000, 0x000000008c800000, 0x000000008c900000|  0%| F|  |TAMS 0x000000008c800000, 0x000000008c800000| Untracked 
| 201|0x000000008c900000, 0x000000008c900000, 0x000000008ca00000|  0%| F|  |TAMS 0x000000008c900000, 0x000000008c900000| Untracked 
| 202|0x000000008ca00000, 0x000000008ca00000, 0x000000008cb00000|  0%| F|  |TAMS 0x000000008ca00000, 0x000000008ca00000| Untracked 
| 203|0x000000008cb00000, 0x000000008cb00000, 0x000000008cc00000|  0%| F|  |TAMS 0x000000008cb00000, 0x000000008cb00000| Untracked 
| 204|0x000000008cc00000, 0x000000008cc00000, 0x000000008cd00000|  0%| F|  |TAMS 0x000000008cc00000, 0x000000008cc00000| Untracked 
| 205|0x000000008cd00000, 0x000000008cd00000, 0x000000008ce00000|  0%| F|  |TAMS 0x000000008cd00000, 0x000000008cd00000| Untracked 
| 206|0x000000008ce00000, 0x000000008ce00000, 0x000000008cf00000|  0%| F|  |TAMS 0x000000008ce00000, 0x000000008ce00000| Untracked 
| 207|0x000000008cf00000, 0x000000008cf00000, 0x000000008d000000|  0%| F|  |TAMS 0x000000008cf00000, 0x000000008cf00000| Untracked 
| 208|0x000000008d000000, 0x000000008d000000, 0x000000008d100000|  0%| F|  |TAMS 0x000000008d000000, 0x000000008d000000| Untracked 
| 209|0x000000008d100000, 0x000000008d100000, 0x000000008d200000|  0%| F|  |TAMS 0x000000008d100000, 0x000000008d100000| Untracked 
| 210|0x000000008d200000, 0x000000008d200000, 0x000000008d300000|  0%| F|  |TAMS 0x000000008d200000, 0x000000008d200000| Untracked 
| 211|0x000000008d300000, 0x000000008d300000, 0x000000008d400000|  0%| F|  |TAMS 0x000000008d300000, 0x000000008d300000| Untracked 
| 212|0x000000008d400000, 0x000000008d400000, 0x000000008d500000|  0%| F|  |TAMS 0x000000008d400000, 0x000000008d400000| Untracked 
| 213|0x000000008d500000, 0x000000008d500000, 0x000000008d600000|  0%| F|  |TAMS 0x000000008d500000, 0x000000008d500000| Untracked 
| 214|0x000000008d600000, 0x000000008d600000, 0x000000008d700000|  0%| F|  |TAMS 0x000000008d600000, 0x000000008d600000| Untracked 
| 215|0x000000008d700000, 0x000000008d700000, 0x000000008d800000|  0%| F|  |TAMS 0x000000008d700000, 0x000000008d700000| Untracked 
| 216|0x000000008d800000, 0x000000008d800000, 0x000000008d900000|  0%| F|  |TAMS 0x000000008d800000, 0x000000008d800000| Untracked 
| 217|0x000000008d900000, 0x000000008d900000, 0x000000008da00000|  0%| F|  |TAMS 0x000000008d900000, 0x000000008d900000| Untracked 
| 218|0x000000008da00000, 0x000000008da00000, 0x000000008db00000|  0%| F|  |TAMS 0x000000008da00000, 0x000000008da00000| Untracked 
| 219|0x000000008db00000, 0x000000008db00000, 0x000000008dc00000|  0%| F|  |TAMS 0x000000008db00000, 0x000000008db00000| Untracked 
| 220|0x000000008dc00000, 0x000000008dc00000, 0x000000008dd00000|  0%| F|  |TAMS 0x000000008dc00000, 0x000000008dc00000| Untracked 
| 221|0x000000008dd00000, 0x000000008dd00000, 0x000000008de00000|  0%| F|  |TAMS 0x000000008dd00000, 0x000000008dd00000| Untracked 

Card table byte_map: [0x00000263e5e20000,0x00000263e6220000] _byte_map_base: 0x00000263e5a20000

Marking Bits (Prev, Next): (CMBitMap*) 0x00000263d2f40fe8, (CMBitMap*) 0x00000263d2f41020
 Prev Bits: [0x00000263e6620000, 0x00000263e8620000)
 Next Bits: [0x00000263e8620000, 0x00000263ea620000)

Polling page: 0x00000263d0f10000

Metaspace:

Usage:
  Non-class:     72.22 MB capacity,    70.71 MB ( 98%) used,     1.29 MB (  2%) free+waste,   222.38 KB ( <1%) overhead. 
      Class:     11.15 MB capacity,    10.41 MB ( 93%) used,   655.98 KB (  6%) free+waste,   103.81 KB ( <1%) overhead. 
       Both:     83.37 MB capacity,    81.12 MB ( 97%) used,     1.93 MB (  2%) free+waste,   326.19 KB ( <1%) overhead. 

Virtual space:
  Non-class space:       74.00 MB reserved,      72.36 MB ( 98%) committed 
      Class space:        1.00 GB reserved,      11.25 MB (  1%) committed 
             Both:        1.07 GB reserved,      83.61 MB (  8%) committed 

Chunk freelists:
   Non-Class:  22.00 KB
       Class:  7.00 KB
        Both:  29.00 KB

MaxMetaspaceSize: 17179869184.00 GB
CompressedClassSpaceSize: 1.00 GB
Initial GC threshold: 20.80 MB
Current GC threshold: 131.02 MB
CDS: off

CodeHeap 'non-profiled nmethods': size=120064Kb used=5007Kb max_used=5007Kb free=115056Kb
 bounds [0x00000263de4e0000, 0x00000263de9d0000, 0x00000263e5a20000]
CodeHeap 'profiled nmethods': size=120000Kb used=17714Kb max_used=17714Kb free=102285Kb
 bounds [0x00000263d6fb0000, 0x00000263d8100000, 0x00000263de4e0000]
CodeHeap 'non-nmethods': size=5696Kb used=2366Kb max_used=2426Kb free=3329Kb
 bounds [0x00000263d6a20000, 0x00000263d6c90000, 0x00000263d6fb0000]
 total_blobs=9023 nmethods=8136 adapters=799
 compilation: enabled
              stopped_count=0, restarted_count=0
 full_count=0

Compilation events (20 events):
Event: 28.508 Thread 0x00000263ecb31000 8240       1       org.gradle.api.internal.DefaultMutationGuard::access$000 (5 bytes)
Event: 28.509 Thread 0x00000263ecb31000 nmethod 8240 0x00000263de9bdd90 code [0x00000263de9bdf40, 0x00000263de9bdfd8]
Event: 28.515 Thread 0x00000263ecb31000 8242       3       java.util.HashMap::removeNode (291 bytes)
Event: 28.519 Thread 0x00000263ecb31000 nmethod 8242 0x00000263d80f9610 code [0x00000263d80f98a0, 0x00000263d80fab18]
Event: 28.553 Thread 0x00000263ecb22800 nmethod 8194 0x00000263de9be090 code [0x00000263de9be4c0, 0x00000263de9c0830]
Event: 28.553 Thread 0x00000263ecb22800 8243       4       org.gradle.internal.service.DefaultServiceRegistry::assertValidServiceType (51 bytes)
Event: 28.557 Thread 0x00000263ecb22800 nmethod 8243 0x00000263de9c2390 code [0x00000263de9c2520, 0x00000263de9c25d8]
Event: 28.558 Thread 0x00000263ecb22800 8241   !   4       org.gradle.internal.service.DefaultServiceRegistry$SingletonService::prepare (111 bytes)
Event: 28.563 Thread 0x00000263ecb31000 8245       3       org.objectweb.asm.SymbolTable::putBootstrapMethods (56 bytes)
Event: 28.564 Thread 0x00000263ecb31000 nmethod 8245 0x00000263d80faf90 code [0x00000263d80fb1a0, 0x00000263d80fb448]
Event: 28.573 Thread 0x00000263ecb22800 nmethod 8241 0x00000263de9c2710 code [0x00000263de9c28c0, 0x00000263de9c2e98]
Event: 28.573 Thread 0x00000263ecb22800 8244 %     4       org.objectweb.asm.ByteVector::encodeUtf8 @ 12 (337 bytes)
Event: 28.577 Thread 0x00000263ecb31000 8247       3       org.gradle.internal.instantiation.generator.AsmBackedClassGenerator$ClassInspectionVisitorImpl::markPropertyAsIneligibleForConventionMapping (12 bytes)
Event: 28.578 Thread 0x00000263ecb31000 nmethod 8247 0x00000263d80fb610 code [0x00000263d80fb7c0, 0x00000263d80fb988]
Event: 28.592 Thread 0x00000263ecb31000 8248       3       com.google.common.collect.LinkedHashMultimap$ValueSet$1::next (43 bytes)
Event: 28.593 Thread 0x00000263ecb31000 nmethod 8248 0x00000263d80fba90 code [0x00000263d80fbca0, 0x00000263d80fc2d8]
Event: 28.597 Thread 0x00000263ecb22800 nmethod 8244% 0x00000263de9c3010 code [0x00000263de9c3200, 0x00000263de9c37e8]
Event: 28.597 Thread 0x00000263ecb22800 8246       4       org.gradle.internal.reflect.PropertyAccessorType::of (95 bytes)
Event: 28.604 Thread 0x00000263ecb31000 8249       3       org.gradle.api.internal.tasks.DefaultTaskDependency::<init> (9 bytes)
Event: 28.605 Thread 0x00000263ecb31000 nmethod 8249 0x00000263d80fc510 code [0x00000263d80fc6e0, 0x00000263d80fca18]

GC Heap History (20 events):
Event: 15.030 GC heap after
{Heap after GC invocations=13 (full 0):
 garbage-first heap   total 189440K, used 74845K [0x0000000080000000, 0x0000000100000000)
  region size 1024K, 8 young (8192K), 8 survivors (8192K)
 Metaspace       used 51396K, capacity 52990K, committed 53168K, reserved 1095680K
  class space    used 6552K, capacity 7084K, committed 7168K, reserved 1048576K
}
Event: 16.983 GC heap before
{Heap before GC invocations=13 (full 0):
 garbage-first heap   total 189440K, used 141405K [0x0000000080000000, 0x0000000100000000)
  region size 1024K, 69 young (70656K), 8 survivors (8192K)
 Metaspace       used 57000K, capacity 58840K, committed 59056K, reserved 1099776K
  class space    used 7272K, capacity 7874K, committed 7936K, reserved 1048576K
}
Event: 17.005 GC heap after
{Heap after GC invocations=14 (full 0):
 garbage-first heap   total 189440K, used 86356K [0x0000000080000000, 0x0000000100000000)
  region size 1024K, 9 young (9216K), 9 survivors (9216K)
 Metaspace       used 57000K, capacity 58840K, committed 59056K, reserved 1099776K
  class space    used 7272K, capacity 7874K, committed 7936K, reserved 1048576K
}
Event: 17.167 GC heap before
{Heap before GC invocations=14 (full 0):
 garbage-first heap   total 189440K, used 90452K [0x0000000080000000, 0x0000000100000000)
  region size 1024K, 14 young (14336K), 9 survivors (9216K)
 Metaspace       used 57804K, capacity 59550K, committed 59696K, reserved 1101824K
  class space    used 7333K, capacity 7940K, committed 8064K, reserved 1048576K
}
Event: 17.185 GC heap after
{Heap after GC invocations=15 (full 0):
 garbage-first heap   total 189440K, used 87351K [0x0000000080000000, 0x0000000100000000)
  region size 1024K, 1 young (1024K), 1 survivors (1024K)
 Metaspace       used 57804K, capacity 59550K, committed 59696K, reserved 1101824K
  class space    used 7333K, capacity 7940K, committed 8064K, reserved 1048576K
}
Event: 18.475 GC heap before
{Heap before GC invocations=16 (full 0):
 garbage-first heap   total 189440K, used 126263K [0x0000000080000000, 0x0000000100000000)
  region size 1024K, 39 young (39936K), 1 survivors (1024K)
 Metaspace       used 63969K, capacity 65787K, committed 65908K, reserved 1105920K
  class space    used 8071K, capacity 8696K, committed 8704K, reserved 1048576K
}
Event: 18.496 GC heap after
{Heap after GC invocations=17 (full 0):
 garbage-first heap   total 189440K, used 89478K [0x0000000080000000, 0x0000000100000000)
  region size 1024K, 4 young (4096K), 4 survivors (4096K)
 Metaspace       used 63969K, capacity 65787K, committed 65908K, reserved 1105920K
  class space    used 8071K, capacity 8696K, committed 8704K, reserved 1048576K
}
Event: 18.878 GC heap before
{Heap before GC invocations=18 (full 0):
 garbage-first heap   total 189440K, used 109958K [0x0000000080000000, 0x0000000100000000)
  region size 1024K, 20 young (20480K), 4 survivors (4096K)
 Metaspace       used 64258K, capacity 66100K, committed 66292K, reserved 1107968K
  class space    used 8095K, capacity 8713K, committed 8832K, reserved 1048576K
}
Event: 18.897 GC heap after
{Heap after GC invocations=19 (full 0):
 garbage-first heap   total 227328K, used 96184K [0x0000000080000000, 0x0000000100000000)
  region size 1024K, 6 young (6144K), 6 survivors (6144K)
 Metaspace       used 64258K, capacity 66100K, committed 66292K, reserved 1107968K
  class space    used 8095K, capacity 8713K, committed 8832K, reserved 1048576K
}
Event: 20.995 GC heap before
{Heap before GC invocations=20 (full 0):
 garbage-first heap   total 227328K, used 158648K [0x0000000080000000, 0x0000000100000000)
  region size 1024K, 64 young (65536K), 6 survivors (6144K)
 Metaspace       used 68748K, capacity 70658K, committed 70900K, reserved 1112064K
  class space    used 8682K, capacity 9344K, committed 9344K, reserved 1048576K
}
Event: 21.029 GC heap after
{Heap after GC invocations=21 (full 0):
 garbage-first heap   total 227328K, used 95590K [0x0000000080000000, 0x0000000100000000)
  region size 1024K, 6 young (6144K), 6 survivors (6144K)
 Metaspace       used 68748K, capacity 70658K, committed 70900K, reserved 1112064K
  class space    used 8682K, capacity 9344K, committed 9344K, reserved 1048576K
}
Event: 22.631 GC heap before
{Heap before GC invocations=21 (full 0):
 garbage-first heap   total 227328K, used 159078K [0x0000000080000000, 0x0000000100000000)
  region size 1024K, 68 young (69632K), 6 survivors (6144K)
 Metaspace       used 70895K, capacity 72882K, committed 73076K, reserved 1112064K
  class space    used 8962K, capacity 9614K, committed 9728K, reserved 1048576K
}
Event: 22.652 GC heap after
{Heap after GC invocations=22 (full 0):
 garbage-first heap   total 227328K, used 100286K [0x0000000080000000, 0x0000000100000000)
  region size 1024K, 8 young (8192K), 8 survivors (8192K)
 Metaspace       used 70895K, capacity 72882K, committed 73076K, reserved 1112064K
  class space    used 8962K, capacity 9614K, committed 9728K, reserved 1048576K
}
Event: 24.512 GC heap before
{Heap before GC invocations=22 (full 0):
 garbage-first heap   total 227328K, used 164798K [0x0000000080000000, 0x0000000100000000)
  region size 1024K, 71 young (72704K), 8 survivors (8192K)
 Metaspace       used 75504K, capacity 77464K, committed 77684K, reserved 1116160K
  class space    used 9750K, capacity 10450K, committed 10496K, reserved 1048576K
}
Event: 24.537 GC heap after
{Heap after GC invocations=23 (full 0):
 garbage-first heap   total 227328K, used 104611K [0x0000000080000000, 0x0000000100000000)
  region size 1024K, 9 young (9216K), 9 survivors (9216K)
 Metaspace       used 75504K, capacity 77464K, committed 77684K, reserved 1116160K
  class space    used 9750K, capacity 10450K, committed 10496K, reserved 1048576K
}
Event: 25.276 GC heap before
{Heap before GC invocations=23 (full 0):
 garbage-first heap   total 227328K, used 144547K [0x0000000080000000, 0x0000000100000000)
  region size 1024K, 44 young (45056K), 9 survivors (9216K)
 Metaspace       used 78116K, capacity 80052K, committed 80116K, reserved 1118208K
  class space    used 9986K, capacity 10604K, committed 10624K, reserved 1048576K
}
Event: 25.303 GC heap after
{Heap after GC invocations=24 (full 0):
 garbage-first heap   total 227328K, used 116391K [0x0000000080000000, 0x0000000100000000)
  region size 1024K, 10 young (10240K), 10 survivors (10240K)
 Metaspace       used 78116K, capacity 80052K, committed 80116K, reserved 1118208K
  class space    used 9986K, capacity 10604K, committed 10624K, reserved 1048576K
}
Event: 27.260 GC heap before
{Heap before GC invocations=25 (full 0):
 garbage-first heap   total 227328K, used 190119K [0x0000000080000000, 0x0000000100000000)
  region size 1024K, 68 young (69632K), 10 survivors (10240K)
 Metaspace       used 80885K, capacity 83138K, committed 83316K, reserved 1122304K
  class space    used 10369K, capacity 11152K, committed 11264K, reserved 1048576K
}
Event: 27.288 GC heap after
{Heap after GC invocations=26 (full 0):
 garbage-first heap   total 227328K, used 137631K [0x0000000080000000, 0x0000000100000000)
  region size 1024K, 7 young (7168K), 7 survivors (7168K)
 Metaspace       used 80885K, capacity 83138K, committed 83316K, reserved 1122304K
  class space    used 10369K, capacity 11152K, committed 11264K, reserved 1048576K
}
Event: 28.622 GC heap before
{Heap before GC invocations=26 (full 0):
 garbage-first heap   total 227328K, used 184735K [0x0000000080000000, 0x0000000100000000)
  region size 1024K, 53 young (54272K), 7 survivors (7168K)
 Metaspace       used 83066K, capacity 85367K, committed 85620K, reserved 1124352K
  class space    used 10657K, capacity 11417K, committed 11520K, reserved 1048576K
}

Deoptimization events (20 events):
Event: 28.008 Thread 0x00000263ee082800 Uncommon trap: trap_request=0xffffffc6 fr.pc=0x00000263de986224 relative=0x0000000000004084
Event: 28.008 Thread 0x00000263ee082800 Uncommon trap: reason=bimorphic_or_optimized_type_check action=maybe_recompile pc=0x00000263de986224 method=java.util.AbstractCollection.addAll(Ljava/util/Collection;)Z @ 29 c2
Event: 28.008 Thread 0x00000263ee082800 DEOPT PACKING pc=0x00000263de986224 sp=0x00000086faafa420
Event: 28.008 Thread 0x00000263ee082800 DEOPT UNPACKING pc=0x00000263d6a6a1af sp=0x00000086faafa420 mode 2
Event: 28.023 Thread 0x00000263ee082800 Uncommon trap: trap_request=0xffffffc6 fr.pc=0x00000263de986224 relative=0x0000000000004084
Event: 28.023 Thread 0x00000263ee082800 Uncommon trap: reason=bimorphic_or_optimized_type_check action=maybe_recompile pc=0x00000263de986224 method=java.util.AbstractCollection.addAll(Ljava/util/Collection;)Z @ 29 c2
Event: 28.023 Thread 0x00000263ee082800 DEOPT PACKING pc=0x00000263de986224 sp=0x00000086faafaf00
Event: 28.023 Thread 0x00000263ee082800 DEOPT UNPACKING pc=0x00000263d6a6a1af sp=0x00000086faafaf00 mode 2
Event: 28.209 Thread 0x00000263ee082800 Uncommon trap: trap_request=0xffffff4d fr.pc=0x00000263de8fcb9c relative=0x000000000000033c
Event: 28.209 Thread 0x00000263ee082800 Uncommon trap: reason=unstable_if action=reinterpret pc=0x00000263de8fcb9c method=org.gradle.internal.reflect.PropertyAccessorType.of(Ljava/lang/reflect/Method;)Lorg/gradle/internal/reflect/PropertyAccessorType; @ 68 c2
Event: 28.209 Thread 0x00000263ee082800 DEOPT PACKING pc=0x00000263de8fcb9c sp=0x00000086faaf8910
Event: 28.209 Thread 0x00000263ee082800 DEOPT UNPACKING pc=0x00000263d6a6a1af sp=0x00000086faaf88d0 mode 2
Event: 28.414 Thread 0x00000263ee082800 Uncommon trap: trap_request=0xffffffc6 fr.pc=0x00000263de986224 relative=0x0000000000004084
Event: 28.414 Thread 0x00000263ee082800 Uncommon trap: reason=bimorphic_or_optimized_type_check action=maybe_recompile pc=0x00000263de986224 method=java.util.AbstractCollection.addAll(Ljava/util/Collection;)Z @ 29 c2
Event: 28.414 Thread 0x00000263ee082800 DEOPT PACKING pc=0x00000263de986224 sp=0x00000086faaf7390
Event: 28.414 Thread 0x00000263ee082800 DEOPT UNPACKING pc=0x00000263d6a6a1af sp=0x00000086faaf7390 mode 2
Event: 28.480 Thread 0x00000263ee082800 Uncommon trap: trap_request=0xffffffc6 fr.pc=0x00000263de986224 relative=0x0000000000004084
Event: 28.480 Thread 0x00000263ee082800 Uncommon trap: reason=bimorphic_or_optimized_type_check action=maybe_recompile pc=0x00000263de986224 method=java.util.AbstractCollection.addAll(Ljava/util/Collection;)Z @ 29 c2
Event: 28.480 Thread 0x00000263ee082800 DEOPT PACKING pc=0x00000263de986224 sp=0x00000086faafa230
Event: 28.480 Thread 0x00000263ee082800 DEOPT UNPACKING pc=0x00000263d6a6a1af sp=0x00000086faafa230 mode 2

Classes redefined (0 events):
No events

Internal exceptions (20 events):
Event: 27.131 Thread 0x00000263ee082800 Exception <a 'java/lang/ClassNotFoundException'{0x000000008a8c5a28}: org/gradle/api/internal/tasks/DefaultSourceSetContainerCustomizer> (0x000000008a8c5a28) thrown at [./src/hotspot/share/classfile/systemDictionary.cpp, line 231]
Event: 27.134 Thread 0x00000263ee082800 Exception <a 'java/lang/ClassNotFoundException'{0x000000008a8f9e28}: org/gradle/api/internal/tasks/DefaultSourceSetContainer_DecoratedCustomizer> (0x000000008a8f9e28) thrown at [./src/hotspot/share/classfile/systemDictionary.cpp, line 231]
Event: 27.161 Thread 0x00000263ee082800 Exception <a 'java/lang/NoSuchMethodError'{0x000000008a7e2e08}: <clinit>> (0x000000008a7e2e08) thrown at [./src/hotspot/share/prims/jni.cpp, line 1366]
Event: 27.474 Thread 0x00000263ee082800 Exception <a 'java/lang/NoSuchMethodError'{0x000000008c6695e8}: <clinit>> (0x000000008c6695e8) thrown at [./src/hotspot/share/prims/jni.cpp, line 1366]
Event: 27.479 Thread 0x00000263ee082800 Exception <a 'java/lang/NoSuchMethodError'{0x000000008c6b2140}: <clinit>> (0x000000008c6b2140) thrown at [./src/hotspot/share/prims/jni.cpp, line 1366]
Event: 27.481 Thread 0x00000263ee082800 Exception <a 'java/lang/NoSuchMethodError'{0x000000008c6bf8e8}: <clinit>> (0x000000008c6bf8e8) thrown at [./src/hotspot/share/prims/jni.cpp, line 1366]
Event: 27.482 Thread 0x00000263ee082800 Exception <a 'java/lang/NoSuchMethodError'{0x000000008c6ccde0}: <clinit>> (0x000000008c6ccde0) thrown at [./src/hotspot/share/prims/jni.cpp, line 1366]
Event: 27.526 Thread 0x00000263ee082800 Exception <a 'java/lang/ClassNotFoundException'{0x000000008c413200}: org/jetbrains/plugins/gradle/tooling/util/JavaPluginUtilBeanInfo> (0x000000008c413200) thrown at [./src/hotspot/share/classfile/systemDictionary.cpp, line 231]
Event: 27.527 Thread 0x00000263ee082800 Exception <a 'java/lang/ClassNotFoundException'{0x000000008c424750}: org/jetbrains/plugins/gradle/tooling/util/JavaPluginUtilCustomizer> (0x000000008c424750) thrown at [./src/hotspot/share/classfile/systemDictionary.cpp, line 231]
Event: 27.824 Thread 0x00000263ee082800 Exception <a 'java/lang/IncompatibleClassChangeError'{0x000000008c4f4d30}: Found class java.lang.Object, but interface was expected> (0x000000008c4f4d30) thrown at [./src/hotspot/share/interpreter/linkResolver.cpp, line 839]
Event: 27.973 Thread 0x00000263ee082800 Exception <a 'java/lang/ClassNotFoundException'{0x000000008c2a01e0}: org/gradle/api/internal/project/DefaultAntBuilderBeanInfo> (0x000000008c2a01e0) thrown at [./src/hotspot/share/classfile/systemDictionary.cpp, line 231]
Event: 27.974 Thread 0x00000263ee082800 Exception <a 'java/lang/ClassNotFoundException'{0x000000008c2b8e40}: org/gradle/api/internal/project/ant/BasicAntBuilderBeanInfo> (0x000000008c2b8e40) thrown at [./src/hotspot/share/classfile/systemDictionary.cpp, line 231]
Event: 27.974 Thread 0x00000263ee082800 Exception <a 'java/lang/ClassNotFoundException'{0x000000008c2ccb08}: org/gradle/api/AntBuilderBeanInfo> (0x000000008c2ccb08) thrown at [./src/hotspot/share/classfile/systemDictionary.cpp, line 231]
Event: 27.976 Thread 0x00000263ee082800 Exception <a 'java/lang/ClassNotFoundException'{0x000000008c1176f0}: groovy/util/AntBuilderBeanInfo> (0x000000008c1176f0) thrown at [./src/hotspot/share/classfile/systemDictionary.cpp, line 231]
Event: 27.978 Thread 0x00000263ee082800 Exception <a 'java/lang/ClassNotFoundException'{0x000000008c162798}: groovy/util/BuilderSupportBeanInfo> (0x000000008c162798) thrown at [./src/hotspot/share/classfile/systemDictionary.cpp, line 231]
Event: 27.980 Thread 0x00000263ee082800 Exception <a 'java/lang/ClassNotFoundException'{0x000000008c1ae2d0}: groovy/util/BuilderSupportCustomizer> (0x000000008c1ae2d0) thrown at [./src/hotspot/share/classfile/systemDictionary.cpp, line 231]
Event: 27.982 Thread 0x00000263ee082800 Exception <a 'java/lang/ClassNotFoundException'{0x000000008c1fad10}: groovy/util/AntBuilderCustomizer> (0x000000008c1fad10) thrown at [./src/hotspot/share/classfile/systemDictionary.cpp, line 231]
Event: 27.984 Thread 0x00000263ee082800 Exception <a 'java/lang/ClassNotFoundException'{0x000000008c014cd0}: org/gradle/api/AntBuilderCustomizer> (0x000000008c014cd0) thrown at [./src/hotspot/share/classfile/systemDictionary.cpp, line 231]
Event: 27.987 Thread 0x00000263ee082800 Exception <a 'java/lang/ClassNotFoundException'{0x000000008c038f70}: org/gradle/api/internal/project/ant/BasicAntBuilderCustomizer> (0x000000008c038f70) thrown at [./src/hotspot/share/classfile/systemDictionary.cpp, line 231]
Event: 27.989 Thread 0x00000263ee082800 Exception <a 'java/lang/ClassNotFoundException'{0x000000008c064488}: org/gradle/api/internal/project/DefaultAntBuilderCustomizer> (0x000000008c064488) thrown at [./src/hotspot/share/classfile/systemDictionary.cpp, line 231]

Events (20 events):
Event: 28.576 loading class org/gradle/api/tasks/TaskAction done
Event: 28.583 loading class com/android/build/gradle/internal/tasks/ExtractProguardFiles$CreationAction$configure$1
Event: 28.583 loading class com/android/build/gradle/internal/tasks/ExtractProguardFiles$CreationAction$configure$1 done
Event: 28.585 loading class org/gradle/api/internal/TaskOutputsInternal
Event: 28.585 loading class org/gradle/api/internal/TaskOutputsInternal done
Event: 28.585 loading class org/gradle/api/specs/Spec
Event: 28.585 loading class org/gradle/api/specs/Spec done
Event: 28.586 loading class org/gradle/api/internal/tasks/DefaultTaskOutputs
Event: 28.586 loading class org/gradle/api/internal/tasks/DefaultTaskOutputs done
Event: 28.586 loading class org/gradle/api/internal/tasks/execution/SelfDescribingSpec
Event: 28.586 loading class org/gradle/api/internal/tasks/execution/SelfDescribingSpec done
Event: 28.589 loading class org/gradle/api/tasks/diagnostics/internal/ReportRenderer
Event: 28.589 loading class org/gradle/api/tasks/diagnostics/internal/ReportRenderer done
Event: 28.590 loading class org/gradle/api/tasks/diagnostics/internal/TextReportRenderer
Event: 28.590 loading class org/gradle/api/tasks/diagnostics/internal/TextReportRenderer done
Event: 28.605 loading class org/gradle/initialization/BuildClientMetaData
Event: 28.605 loading class org/gradle/initialization/BuildClientMetaData done
Event: 28.606 loading class org/gradle/internal/logging/text/StyledTextOutputFactory
Event: 28.606 loading class org/gradle/internal/logging/text/StyledTextOutputFactory done
Event: 28.622 Executing VM operation: G1CollectForAllocation


Dynamic libraries:
0x00007ff7c6db0000 - 0x00007ff7c6dba000 	C:\Program Files\Android\Android Studio\jre\bin\java.exe
0x00007ffd17e70000 - 0x00007ffd18068000 	C:\WINDOWS\SYSTEM32\ntdll.dll
0x00007ffd162b0000 - 0x00007ffd1636d000 	C:\WINDOWS\System32\KERNEL32.DLL
0x00007ffd15a40000 - 0x00007ffd15d36000 	C:\WINDOWS\System32\KERNELBASE.dll
0x00007ffd15940000 - 0x00007ffd15a40000 	C:\WINDOWS\System32\ucrtbase.dll
0x00007ffd0d900000 - 0x00007ffd0d919000 	C:\Program Files\Android\Android Studio\jre\bin\jli.dll
0x00007ffd0d8e0000 - 0x00007ffd0d8f7000 	C:\Program Files\Android\Android Studio\jre\bin\VCRUNTIME140.dll
0x00007ffd16fc0000 - 0x00007ffd1715e000 	C:\WINDOWS\System32\USER32.dll
0x00007ffd15600000 - 0x00007ffd15622000 	C:\WINDOWS\System32\win32u.dll
0x00007ffd16280000 - 0x00007ffd162ac000 	C:\WINDOWS\System32\GDI32.dll
0x00007ffcfb0a0000 - 0x00007ffcfb33a000 	C:\WINDOWS\WinSxS\amd64_microsoft.windows.common-controls_6595b64144ccf1df_6.0.19041.3636_none_60b6a03d71f818d5\COMCTL32.dll
0x00007ffd15d40000 - 0x00007ffd15e5a000 	C:\WINDOWS\System32\gdi32full.dll
0x00007ffd16a80000 - 0x00007ffd16b1e000 	C:\WINDOWS\System32\msvcrt.dll
0x00007ffd158a0000 - 0x00007ffd1593d000 	C:\WINDOWS\System32\msvcp_win.dll
0x00007ffd176b0000 - 0x00007ffd176e0000 	C:\WINDOWS\System32\IMM32.DLL
0x00007ffcfb8f0000 - 0x00007ffcfb98d000 	C:\Program Files\Android\Android Studio\jre\bin\msvcp140.dll
0x00007ffcbb750000 - 0x00007ffcbc252000 	C:\Program Files\Android\Android Studio\jre\bin\server\jvm.dll
0x00007ffd15ed0000 - 0x00007ffd15f7f000 	C:\WINDOWS\System32\ADVAPI32.dll
0x00007ffd16720000 - 0x00007ffd167bc000 	C:\WINDOWS\System32\sechost.dll
0x00007ffd16e80000 - 0x00007ffd16fa6000 	C:\WINDOWS\System32\RPCRT4.dll
0x00007ffd176a0000 - 0x00007ffd176a8000 	C:\WINDOWS\System32\PSAPI.DLL
0x00007ffd00f80000 - 0x00007ffd00f89000 	C:\WINDOWS\SYSTEM32\WSOCK32.dll
0x00007ffd0a220000 - 0x00007ffd0a22a000 	C:\WINDOWS\SYSTEM32\VERSION.dll
0x00007ffcf5060000 - 0x00007ffcf5087000 	C:\WINDOWS\SYSTEM32\WINMM.dll
0x00007ffd166b0000 - 0x00007ffd1671b000 	C:\WINDOWS\System32\WS2_32.dll
0x00007ffd13d80000 - 0x00007ffd13d92000 	C:\WINDOWS\SYSTEM32\kernel.appcore.dll
0x00007ffcbb730000 - 0x00007ffcbb741000 	C:\Program Files\Android\Android Studio\jre\bin\verify.dll
0x00007ffd13a90000 - 0x00007ffd13c74000 	C:\WINDOWS\SYSTEM32\DBGHELP.DLL
0x00007ffcfe220000 - 0x00007ffcfe254000 	C:\WINDOWS\SYSTEM32\dbgcore.DLL
0x00007ffd157e0000 - 0x00007ffd15862000 	C:\WINDOWS\System32\bcryptPrimitives.dll
0x00007ffcbb700000 - 0x00007ffcbb729000 	C:\Program Files\Android\Android Studio\jre\bin\java.dll
0x00007ffcc3130000 - 0x00007ffcc313b000 	C:\Program Files\Android\Android Studio\jre\bin\jimage.dll
0x00007ffcbb630000 - 0x00007ffcbb648000 	C:\Program Files\Android\Android Studio\jre\bin\zip.dll
0x00007ffd176e0000 - 0x00007ffd17e24000 	C:\WINDOWS\System32\SHELL32.dll
0x00007ffd13220000 - 0x00007ffd139bb000 	C:\WINDOWS\SYSTEM32\windows.storage.dll
0x00007ffd16b20000 - 0x00007ffd16e74000 	C:\WINDOWS\System32\combase.dll
0x00007ffd14ec0000 - 0x00007ffd14eed000 	C:\WINDOWS\SYSTEM32\Wldp.dll
0x00007ffd161c0000 - 0x00007ffd1626d000 	C:\WINDOWS\System32\SHCORE.dll
0x00007ffd16160000 - 0x00007ffd161b5000 	C:\WINDOWS\System32\shlwapi.dll
0x00007ffd15480000 - 0x00007ffd154a5000 	C:\WINDOWS\SYSTEM32\profapi.dll
0x00007ffcba680000 - 0x00007ffcba69a000 	C:\Program Files\Android\Android Studio\jre\bin\net.dll
0x00007ffd040e0000 - 0x00007ffd041ea000 	C:\WINDOWS\SYSTEM32\WINHTTP.dll
0x00007ffd14c20000 - 0x00007ffd14c8a000 	C:\WINDOWS\system32\mswsock.dll
0x00007ffcba650000 - 0x00007ffcba664000 	C:\Program Files\Android\Android Studio\jre\bin\nio.dll
0x00007ffd0d960000 - 0x00007ffd0d987000 	C:\Users\KELVIN KIMUTAI\.gradle\native\e1d6ef7f7dcc3fd88c89a11ec53ec762bb8ba0a96d01ffa2cd45eb1d1d8dd5c5\windows-amd64\native-platform.dll
0x00007ffcdafe0000 - 0x00007ffcdb124000 	C:\Users\KELVIN KIMUTAI\.gradle\native\0d407fdbe67a94daf76414ababcb853783967236a71b16ec16e742cd7a986fd3\windows-amd64\native-platform-file-events.dll
0x00007ffcba6a0000 - 0x00007ffcba6aa000 	C:\Program Files\Android\Android Studio\jre\bin\management.dll
0x00007ffcba670000 - 0x00007ffcba67d000 	C:\Program Files\Android\Android Studio\jre\bin\management_ext.dll
0x00007ffd14e10000 - 0x00007ffd14e28000 	C:\WINDOWS\SYSTEM32\CRYPTSP.dll
0x00007ffd14550000 - 0x00007ffd14584000 	C:\WINDOWS\system32\rsaenh.dll
0x00007ffd15870000 - 0x00007ffd15897000 	C:\WINDOWS\System32\bcrypt.dll
0x00007ffd15440000 - 0x00007ffd1546e000 	C:\WINDOWS\SYSTEM32\USERENV.dll
0x00007ffd14e30000 - 0x00007ffd14e3c000 	C:\WINDOWS\SYSTEM32\CRYPTBASE.dll
0x00007ffd14910000 - 0x00007ffd1494b000 	C:\WINDOWS\SYSTEM32\IPHLPAPI.DLL
0x00007ffd16fb0000 - 0x00007ffd16fb8000 	C:\WINDOWS\System32\NSI.dll
0x00007ffd04ab0000 - 0x00007ffd04ac7000 	C:\WINDOWS\SYSTEM32\dhcpcsvc6.DLL
0x00007ffd05f20000 - 0x00007ffd05f3d000 	C:\WINDOWS\SYSTEM32\dhcpcsvc.DLL
0x00007ffd14950000 - 0x00007ffd14a1a000 	C:\WINDOWS\SYSTEM32\DNSAPI.dll

dbghelp: loaded successfully - version: 4.0.5 - missing functions: none
symbol engine: initialized successfully - sym options: 0x614 - pdb path: .;C:\Program Files\Android\Android Studio\jre\bin;C:\WINDOWS\SYSTEM32;C:\WINDOWS\WinSxS\amd64_microsoft.windows.common-controls_6595b64144ccf1df_6.0.19041.3636_none_60b6a03d71f818d5;C:\Program Files\Android\Android Studio\jre\bin\server;C:\Users\KELVIN KIMUTAI\.gradle\native\e1d6ef7f7dcc3fd88c89a11ec53ec762bb8ba0a96d01ffa2cd45eb1d1d8dd5c5\windows-amd64;C:\Users\KELVIN KIMUTAI\.gradle\native\0d407fdbe67a94daf76414ababcb853783967236a71b16ec16e742cd7a986fd3\windows-amd64

VM Arguments:
jvm_args: --add-opens=java.base/java.util=ALL-UNNAMED --add-opens=java.base/java.lang=ALL-UNNAMED --add-opens=java.base/java.lang.invoke=ALL-UNNAMED --add-opens=java.base/java.util=ALL-UNNAMED --add-opens=java.prefs/java.util.prefs=ALL-UNNAMED --add-opens=java.prefs/java.util.prefs=ALL-UNNAMED --add-opens=java.base/java.nio.charset=ALL-UNNAMED --add-opens=java.base/java.net=ALL-UNNAMED --add-opens=java.base/java.util.concurrent.atomic=ALL-UNNAMED -Xmx2048m -Dfile.encoding=UTF-8 -Duser.country=US -Duser.language=en -Duser.variant 
java_command: org.gradle.launcher.daemon.bootstrap.GradleDaemon 7.4
java_class_path (initial): C:\Users\KELVIN KIMUTAI\.gradle\wrapper\dists\gradle-7.4-bin\c0gwcg53nkjbqw7r0h0umtfvt\gradle-7.4\lib\gradle-launcher-7.4.jar
Launcher Type: SUN_STANDARD

[Global flags]
     intx CICompilerCount                          = 3                                         {product} {ergonomic}
     uint ConcGCThreads                            = 1                                         {product} {ergonomic}
     uint G1ConcRefinementThreads                  = 4                                         {product} {ergonomic}
   size_t G1HeapRegionSize                         = 1048576                                   {product} {ergonomic}
    uintx GCDrainStackTargetSize                   = 64                                        {product} {ergonomic}
   size_t InitialHeapSize                          = 134217728                                 {product} {ergonomic}
   size_t MarkStackSize                            = 4194304                                   {product} {ergonomic}
   size_t MaxHeapSize                              = 2147483648                                {product} {command line}
   size_t MaxNewSize                               = 1287651328                                {product} {ergonomic}
   size_t MinHeapDeltaBytes                        = 1048576                                   {product} {ergonomic}
    uintx NonNMethodCodeHeapSize                   = 5830732                                {pd product} {ergonomic}
    uintx NonProfiledCodeHeapSize                  = 122913754                              {pd product} {ergonomic}
    uintx ProfiledCodeHeapSize                     = 122913754                              {pd product} {ergonomic}
    uintx ReservedCodeCacheSize                    = 251658240                              {pd product} {ergonomic}
     bool SegmentedCodeCache                       = true                                      {product} {ergonomic}
     bool UseCompressedClassPointers               = true                                 {lp64_product} {ergonomic}
     bool UseCompressedOops                        = true                                 {lp64_product} {ergonomic}
     bool UseG1GC                                  = true                                      {product} {ergonomic}
     bool UseLargePagesIndividualAllocation        = false                                  {pd product} {ergonomic}

Logging:
Log output configuration:
 #0: stdout all=warning uptime,level,tags
 #1: stderr all=off uptime,level,tags

Environment Variables:
JAVA_HOME=C:\Users\KELVIN KIMUTAI\Documents\jdk-16\setup.jdk-16
PATH=C:\Program Files\Common Files\Oracle\Java\javapath;C:\Users\KELVIN KIMUTAI\Downloads\jdk-16_windows-x64_bin\jdk-16\bin;C:\WINDOWS;C:\WINDOWS\System32\Wbem;C:\WINDOWS\System32\WindowsPowerShell\v1.0\;C:\WINDOWS\System32\OpenSSH\;C:\Program Files\dotnet\;C:\WINDOWS\system32;C:\Program Files (x86)\Intel\Intel(R) Management Engine Components\DAL;C:\Program Files\Intel\Intel(R) Management Engine Components\DAL;C:\Program Files\Git\cmd;C:\Users\KELVIN KIMUTAI\AppData\Local\Microsoft\WindowsApps;C:\ProgramData\KELVIN KIMUTAI\GitHubDesktop\bin;C:\Users\KELVIN KIMUTAI\AppData\Local\GitHubDesktop\bin
USERNAME=KELVIN KIMUTAI
OS=Windows_NT
PROCESSOR_IDENTIFIER=Intel64 Family 6 Model 78 Stepping 3, GenuineIntel



---------------  S Y S T E M  ---------------

OS: Windows 10 , 64 bit Build 19041 (10.0.19041.3636)
OS uptime: 0 days 1:15 hours

CPU:total 4 (initial active 4) (2 cores per cpu, 2 threads per core) family 6 model 78 stepping 3 microcode 0xf0, cmov, cx8, fxsr, mmx, sse, sse2, sse3, ssse3, sse4.1, sse4.2, popcnt, avx, avx2, aes, clmul, erms, rtm, 3dnowpref, lzcnt, ht, tsc, tscinvbit, bmi1, bmi2, adx, fma

Memory: 4k page, system-wide physical 8083M (973M free)
TotalPageFile size 9584M (AvailPageFile size 16M)
current process WorkingSet (physical memory assigned to process): 471M, peak: 474M
current process commit charge ("private bytes"): 502M, peak: 547M

vm_info: OpenJDK 64-Bit Server VM (11.0.13+0-b1751.21-8125866) for windows-amd64 JRE (11.0.13+0-b1751.21-8125866), built on Feb  2 2022 03:00:22 by "builder" with MS VC++ 14.0 (VS2015)

END.
